#
# A fatal error has been detected by the Java Runtime Environment:
#
#  Internal Error (jvmciRuntime.cpp:1609), pid=6870, tid=6884
#  fatal error: Fatal exception in JVMCI: Error calling jdk.vm.ci.services.Services.serializeSavedProperties
#
# JRE version: OpenJDK Runtime Environment GraalVM CE 22.3.0 (17.0.5+8) (build 17.0.5+8-jvmci-22.3-b08)
# Java VM: OpenJDK 64-Bit Server VM GraalVM CE 22.3.0 (17.0.5+8-jvmci-22.3-b08, mixed mode, sharing, tiered, jvmci, jvmci compiler, compressed oops, compressed class ptrs, parallel gc, linux-amd64)
# Problematic frame:
# V  [libjvm.so+0x972714]  JVMCIRuntime::fatal_exception(JVMCIEnv*, char const*)+0x74
#
# Core dump will be written. Default location: Core dumps may be processed with "/usr/share/apport/apport -p%p -s%s -c%c -d%d -P%P -u%u -g%g -- %E" (or dumping to /home/runner/summativeProject/core.6870)
#
# If you would like to submit a bug report, please visit:
#   https://github.com/oracle/graal/issues
#

---------------  S U M M A R Y ------------

Command Line: -XX:ThreadPriorityPolicy=1 -XX:+UnlockExperimentalVMOptions -XX:+EnableJVMCIProduct -XX:JVMCIThreadsPerNativeLibraryRuntime=1 -XX:-UnlockExperimentalVMOptions -Declipse.application=org.eclipse.jdt.ls.core.id1 -Dosgi.bundles.defaultStartLevel=4 -Declipse.product=org.eclipse.jdt.ls.core.product -Dlog.level=ALL -Xverify:none -XX:+UseParallelGC -XX:GCTimeRatio=4 -XX:AdaptiveSizePolicyWeight=90 -Dsun.zip.disableMemoryMapping=true -Xmx512m -Xms100m /nix/store/m6gcpi1ii6rghy04cjwjddcavv7i90df-jdt-language-server-1.9.0/share/java/plugins/org.eclipse.equinox.launcher_1.6.400.v20210924-0641.jar --add-modules=ALL-SYSTEM --add-opens java.base/java.util=ALL-UNNAMED --add-opens java.base/java.lang=ALL-UNNAMED -configuration /home/runner/.cache/jdt-language-server/config -data /home/runner/.cache/jdt-language-server/data/home/runner/summativeProject

Host: AMD EPYC 7B12, 8 cores, 1G, Ubuntu 20.04.2 LTS
Time: Wed Jun  7 23:21:34 2023 UTC elapsed time: 1936.886913 seconds (0d 0h 32m 16s)

---------------  T H R E A D  ---------------

Current thread (0x00007f26bc0b21e0):  JavaThread "JVMCI-native CompilerThread0" daemon [_thread_in_vm, id=6884, stack(0x00007f26c0c48000,0x00007f26c0e48000)]


Current CompileTask:
JVMCI-native:1936887 13275       4       java.io.File::isInvalid (47 bytes)

Stack: [0x00007f26c0c48000,0x00007f26c0e48000],  sp=0x00007f26c0e46380,  free space=2040k
Native frames: (J=compiled Java code, j=interpreted, Vv=VM code, C=native code)
V  [libjvm.so+0x972714]  JVMCIRuntime::fatal_exception(JVMCIEnv*, char const*)+0x74
V  [libjvm.so+0x93e2fe]  JVMCIEnv::copy_saved_properties()+0x14e
V  [libjvm.so+0x9732a9]  JVMCIRuntime::initialize(JVMCIEnv*)+0xb19
V  [libjvm.so+0x9738a2]  JVMCIRuntime::get_HotSpotJVMCIRuntime(JVMCIEnv*)+0x12
V  [libjvm.so+0x9749f2]  JVMCIRuntime::compile_method(JVMCIEnv*, JVMCICompiler*, methodHandle const&, int)+0xd2
V  [libjvm.so+0x5b0d20]  CompileBroker::invoke_compiler_on_method(CompileTask*)+0x1470
V  [libjvm.so+0x5b12e8]  CompileBroker::compiler_thread_loop()+0x528
V  [libjvm.so+0xd82460]  JavaThread::thread_main_inner()+0xd0
V  [libjvm.so+0xd85a40]  Thread::call_run()+0xc0
V  [libjvm.so+0xbdb1e1]  thread_native_entry(Thread*)+0xe1

Register to memory mapping:

RAX=0x00007f26c3d8a000 points into unknown readable memory: 0x0000000000000058 | 58 00 00 00 00 00 00 00
RBX=0x00007f26c4e85398: <offset 0x0000000000ef5398> in /nix/store/gpxl5qgg8kicmcvivwmybwjlpf7wh20l-graalvm17-ce-22.3.0/lib/server/libjvm.so at 0x00007f26c3f90000
RCX=0x00007f26c4e3d1e8: <offset 0x0000000000ead1e8> in /nix/store/gpxl5qgg8kicmcvivwmybwjlpf7wh20l-graalvm17-ce-22.3.0/lib/server/libjvm.so at 0x00007f26c3f90000
RDX=0x0000000000000649 is an unknown value
RSP=0x00007f26c0e46380 is pointing into the stack for thread: 0x00007f26bc0b21e0
RBP=0x00007f26c0e463a0 is pointing into the stack for thread: 0x00007f26bc0b21e0
RSI=0x00007f26c4e85c48: <offset 0x0000000000ef5c48> in /nix/store/gpxl5qgg8kicmcvivwmybwjlpf7wh20l-graalvm17-ce-22.3.0/lib/server/libjvm.so at 0x00007f26c3f90000
RDI=0x00000000e0000000 is an oop: java.util.LinkedHashMap$Entry 
{0x00000000e0000000} - klass: 'java/util/LinkedHashMap$Entry'
 - ---- fields (total size 5 words):
 - final 'hash' 'I' @12  -2034522908 (86bba4e4)
 - final 'key' 'Ljava/lang/Object;' @16  a 'java/util/jar/Attributes$Name'{0x00000000e05c5a50} (e05c5a50)
 - 'value' 'Ljava/lang/Object;' @20  "z1Tk0f6VNGnBnmDHWhjGXz332Xl7WUK4ZksUESe3RrQ="{0x00000000e0000028} (e0000028)
 - 'next' 'Ljava/util/HashMap$Node;' @24  NULL (0)
 - 'before' 'Ljava/util/LinkedHashMap$Entry;' @28  NULL (0)
 - 'after' 'Ljava/util/LinkedHashMap$Entry;' @32  NULL (0)
R8 =0x00007f26c4e85398: <offset 0x0000000000ef5398> in /nix/store/gpxl5qgg8kicmcvivwmybwjlpf7wh20l-graalvm17-ce-22.3.0/lib/server/libjvm.so at 0x00007f26c3f90000
R9 =0x00007f26c0e46330 is pointing into the stack for thread: 0x00007f26bc0b21e0
R10=0x00007f26c0e47948 is pointing into the stack for thread: 0x00007f26bc0b21e0
R11=0x0000000000000293 is an unknown value
R12=0x0 is NULL
R13=0x00007f26bc0b21e0 is a thread
R14=0x00007f26bc000b80 points into unknown readable memory: 0x00007f26c50b6a38 | 38 6a 0b c5 26 7f 00 00
R15=0x00007f26c51c4e40: <offset 0x0000000001234e40> in /nix/store/gpxl5qgg8kicmcvivwmybwjlpf7wh20l-graalvm17-ce-22.3.0/lib/server/libjvm.so at 0x00007f26c3f90000


Registers:
RAX=0x00007f26c3d8a000, RBX=0x00007f26c4e85398, RCX=0x00007f26c4e3d1e8, RDX=0x0000000000000649
RSP=0x00007f26c0e46380, RBP=0x00007f26c0e463a0, RSI=0x00007f26c4e85c48, RDI=0x00000000e0000000
R8 =0x00007f26c4e85398, R9 =0x00007f26c0e46330, R10=0x00007f26c0e47948, R11=0x0000000000000293
R12=0x0000000000000000, R13=0x00007f26bc0b21e0, R14=0x00007f26bc000b80, R15=0x00007f26c51c4e40
RIP=0x00007f26c4902714, EFLAGS=0x0000000000010206, CSGSFS=0x002b000000000033, ERR=0x0000000000000006
  TRAPNO=0x000000000000000e

Top of Stack: (sp=0x00007f26c0e46380)
0x00007f26c0e46380:   00007f26c0e46940 00007f26bc0b21e0
0x00007f26c0e46390:   00007f26c271b8c8 0000000800c413b0
0x00007f26c0e463a0:   00007f26c0e46500 00007f26c48ce2fe
0x00007f26c0e463b0:   00007f26c0e463e0 00007f26c0e46440 

Instructions: (pc=0x00007f26c4902714)
0x00007f26c4902614:   30 e8 f6 cf e8 ff 4c 89 e7 e8 2e 48 d1 ff 84 db
0x00007f26c4902624:   75 2a 4d 85 ed 74 04 4d 8b 6d 00 48 83 c4 08 44
0x00007f26c4902634:   89 f9 4c 89 f2 4c 89 ee 5b 4c 89 e7 41 5c 41 5d
0x00007f26c4902644:   41 5e 41 5f 5d e9 e2 47 d1 ff 66 90 48 83 c4 08
0x00007f26c4902654:   5b 41 5c 41 5d 41 5e 41 5f 5d c3 90 31 d2 be 08
0x00007f26c4902664:   00 00 00 4c 89 ff e8 b1 78 a3 ff 49 89 c5 e9 37
0x00007f26c4902674:   ff ff ff 66 0f 1f 84 00 00 00 00 00 48 8b 7a 08
0x00007f26c4902684:   e9 6d ff ff ff 0f 1f 80 00 00 00 00 e8 5b 48 0a
0x00007f26c4902694:   00 84 c0 75 89 e9 6a ff ff ff 66 90 55 48 89 e5
0x00007f26c49026a4:   41 56 41 55 41 54 49 89 fc 53 48 89 f3 66 48 8d
0x00007f26c49026b4:   3d 27 5e 85 00 66 66 48 e8 df 43 8d ff 4c 8b 28
0x00007f26c49026c4:   8b 05 be 72 8a 00 85 c0 75 14 ba 01 00 00 00 48
0x00007f26c49026d4:   8d 0d ae 72 8a 00 f0 0f b1 11 85 c0 74 4e be c8
0x00007f26c49026e4:   00 00 00 4c 89 ef e8 01 0b 41 00 48 8d 05 12 ac
0x00007f26c49026f4:   85 00 49 89 d8 48 8d 0d e8 aa 53 00 ba 49 06 00
0x00007f26c4902704:   00 48 8d 35 3c 35 58 00 bf 00 00 00 e0 48 8b 00
0x00007f26c4902714:   c6 00 58 31 c0 e8 e2 91 c6 ff 5b 41 5c 41 5d 41
0x00007f26c4902724:   5e 5d e9 55 34 26 00 0f 1f 44 00 00 48 8d 05 81
0x00007f26c4902734:   a3 8b 00 48 89 df 4c 8b 30 e8 9e 43 8d ff 48 89
0x00007f26c4902744:   de 48 89 c2 49 8b 06 4c 89 f7 ff 50 08 4c 89 f7
0x00007f26c4902754:   e8 a7 5c 27 00 4d 85 e4 74 12 be 01 00 00 00 4c
0x00007f26c4902764:   89 e7 e8 35 43 fc ff eb 82 0f 1f 00 be 01 00 00
0x00007f26c4902774:   00 4c 89 ef e8 d3 fd ff ff e9 6d ff ff ff 66 66
0x00007f26c4902784:   2e 0f 1f 84 00 00 00 00 00 0f 1f 00 55 48 89 e5
0x00007f26c4902794:   41 57 41 56 41 55 41 54 53 48 81 ec 08 02 00 00
0x00007f26c49027a4:   64 48 8b 04 25 28 00 00 00 48 89 45 c8 8b 07 83
0x00007f26c49027b4:   f8 02 0f 84 11 04 00 00 4c 8b 6f 18 49 89 ff 49
0x00007f26c49027c4:   89 f4 4d 85 ed 74 14 4c 89 ef e8 5d 57 22 00 41
0x00007f26c49027d4:   8b 07 83 f8 02 0f 84 19 04 00 00 48 8d 1d 9a 06
0x00007f26c49027e4:   8a 00 4c 8d 35 0b 3c 58 00 eb 38 90 48 85 d2 7f
0x00007f26c49027f4:   0d 48 8d 05 b4 c0 85 00 48 83 38 00 7e 0e 41 8b
0x00007f26c4902804:   77 2c 4c 89 f7 31 c0 e8 a0 b2 f7 ff 49 8b 7f 18 


Stack slot to memory mapping:
stack at sp + 0 slots: 0x00007f26c0e46940 is pointing into the stack for thread: 0x00007f26bc0b21e0
stack at sp + 1 slots: 0x00007f26bc0b21e0 is a thread
stack at sp + 2 slots: 0x00007f26c271b8c8 points into unknown readable memory: 0x6573001880c9ffff | ff ff c9 80 18 00 73 65
stack at sp + 3 slots: 0x0000000800c413b0 is a pointer to class: 
jdk.vm.ci.services.Services {0x0000000800c413b0}
 - instance size:     2
 - klass size:        65
 - access:            public final synchronized 
 - state:             fully_initialized
 - name:              'jdk/vm/ci/services/Services'
 - super:             'java/lang/Object'
 - sub:               
 - arrays:            NULL
 - methods:           Array<T>(0x00007f26c183ef80)
 - method ordering:   Array<T>(0x0000000800928960)
 - default_methods:   Array<T>(0x0000000000000000)
 - local interfaces:  Array<T>(0x00000008005ce810)
 - trans. interfaces: Array<T>(0x00000008005ce810)
 - constants:         constant pool [427] {0x00007f26c183dd18} for 'jdk/vm/ci/services/Services' cache=0x00007f26c18403d8
 - class loader data:  loader data: 0x00007f26bc0283f0 of 'bootstrap'
 - source file:       'Services.java'
 - class annotations:       Array<T>(0x0000000000000000)
 - class type annotations:  Array<T>(0x0000000000000000)
 - field annotations:       Array<T>(0x0000000000000000)
 - field type annotations:  Array<T>(0x0000000000000000)
 - inner classes:     Array<T>(0x00007f26c1840220)
 - nest members:     Array<T>(0x00007f26c1840240)
 - permitted subclasses:     Array<T>(0x00000008005ce7a0)
 - java mirror:       a 'java/lang/Class'{0x00000000e02bb2c8} = 'jdk/vm/ci/services/Services'
 - vtable length      5  (start addr: 0x0000000800c41580)
 - itable length      2 (start addr: 0x0000000800c415a8)
 - ---- static fields (3 words):
 - public static final 'IS_BUILDING_NATIVE_IMAGE' 'Z' @128 
 - public static final 'IS_IN_NATIVE_IMAGE' 'Z' @129 
 - private static volatile 'savedProperties' 'Ljava/util/Map;' @112 
 - static final 'JVMCI_ENABLED' 'Z' @130 
 - private static final 'servicesCache' 'Ljava/util/Map;' @116 
 - private static final 'MAX_UNICODE_IN_UTF8_LENGTH' 'I' @120 
 - private static final 'MAX_UTF8_PROPERTY_STRING_LENGTH' 'I' @124 
 - ---- non-static fields (0 words):
 - non-static oop maps: 
stack at sp + 4 slots: 0x00007f26c0e46500 is pointing into the stack for thread: 0x00007f26bc0b21e0
stack at sp + 5 slots: 0x00007f26c48ce2fe: <offset 0x000000000093e2fe> in /nix/store/gpxl5qgg8kicmcvivwmybwjlpf7wh20l-graalvm17-ce-22.3.0/lib/server/libjvm.so at 0x00007f26c3f90000
stack at sp + 6 slots: 0x00007f26c0e463e0 is pointing into the stack for thread: 0x00007f26bc0b21e0
stack at sp + 7 slots: 0x00007f26c0e46440 is pointing into the stack for thread: 0x00007f26bc0b21e0


---------------  P R O C E S S  ---------------

Threads class SMR info:
_java_thread_list=0x00007f264802e170, length=24, elements={
0x00007f26bc026690, 0x00007f26bc0a64d0, 0x00007f26bc0a7910, 0x00007f26bc0ae050,
0x00007f26bc0af400, 0x00007f26bc0b07f0, 0x00007f26bc0b21e0, 0x00007f26bc0b36f0,
0x00007f26bc0b4b40, 0x00007f26bc0efe40, 0x00007f26bc1377b0, 0x00007f26bc305730,
0x00007f26bc34d900, 0x00007f26bc350570, 0x00007f265402f410, 0x00007f26543fc3b0,
0x00007f2654652320, 0x00007f26547f4bc0, 0x00007f26bc362de0, 0x00007f26bc4089d0,
0x00007f263c000ff0, 0x00007f26301a6090, 0x00007f25e40260e0, 0x00007f26440010d0
}

Java Threads: ( => current thread )
  0x00007f26bc026690 JavaThread "main" [_thread_blocked, id=6876, stack(0x00007f26c3dab000,0x00007f26c3eab000)]
  0x00007f26bc0a64d0 JavaThread "Reference Handler" daemon [_thread_blocked, id=6879, stack(0x00007f26c152e000,0x00007f26c162e000)]
  0x00007f26bc0a7910 JavaThread "Finalizer" daemon [_thread_blocked, id=6880, stack(0x00007f26c142e000,0x00007f26c152e000)]
  0x00007f26bc0ae050 JavaThread "Signal Dispatcher" daemon [_thread_blocked, id=6881, stack(0x00007f26c1048000,0x00007f26c1148000)]
  0x00007f26bc0af400 JavaThread "Service Thread" daemon [_thread_blocked, id=6882, stack(0x00007f26c0f48000,0x00007f26c1048000)]
  0x00007f26bc0b07f0 JavaThread "Monitor Deflation Thread" daemon [_thread_blocked, id=6883, stack(0x00007f26c0e48000,0x00007f26c0f48000)]
=>0x00007f26bc0b21e0 JavaThread "JVMCI-native CompilerThread0" daemon [_thread_in_vm, id=6884, stack(0x00007f26c0c48000,0x00007f26c0e48000)]
  0x00007f26bc0b36f0 JavaThread "C1 CompilerThread0" daemon [_thread_blocked, id=6885, stack(0x00007f26c0a48000,0x00007f26c0c48000)]
  0x00007f26bc0b4b40 JavaThread "Sweeper thread" daemon [_thread_blocked, id=6886, stack(0x00007f26c0948000,0x00007f26c0a48000)]
  0x00007f26bc0efe40 JavaThread "Common-Cleaner" daemon [_thread_blocked, id=6887, stack(0x00007f26c0848000,0x00007f26c0948000)]
  0x00007f26bc1377b0 JavaThread "Notification Thread" daemon [_thread_blocked, id=6889, stack(0x00007f26c0748000,0x00007f26c0848000)]
  0x00007f26bc305730 JavaThread "Active Thread: Equinox Container: f529df4f-a8db-44c3-8565-6ed519017292" [_thread_blocked, id=6901, stack(0x00007f26c0400000,0x00007f26c0500000)]
  0x00007f26bc34d900 JavaThread "Framework Event Dispatcher: Equinox Container: f529df4f-a8db-44c3-8565-6ed519017292" daemon [_thread_blocked, id=6902, stack(0x00007f26c0200000,0x00007f26c0300000)]
  0x00007f26bc350570 JavaThread "Start Level: Equinox Container: f529df4f-a8db-44c3-8565-6ed519017292" daemon [_thread_blocked, id=6903, stack(0x00007f26c0000000,0x00007f26c0100000)]
  0x00007f265402f410 JavaThread "SCR Component Actor" daemon [_thread_blocked, id=6904, stack(0x00007f26a33b3000,0x00007f26a34b3000)]
  0x00007f26543fc3b0 JavaThread "Worker-JM" [_thread_blocked, id=6912, stack(0x00007f26a0d00000,0x00007f26a0e00000)]
  0x00007f2654652320 JavaThread "Java indexing" daemon [_thread_blocked, id=6918, stack(0x00007f26a0500000,0x00007f26a0600000)]
  0x00007f26547f4bc0 JavaThread "Bundle File Closer" daemon [_thread_blocked, id=6919, stack(0x00007f26a0300000,0x00007f26a0400000)]
  0x00007f26bc362de0 JavaThread "pool-3-thread-1" [_thread_blocked, id=6920, stack(0x00007f26a0100000,0x00007f26a0200000)]
  0x00007f26bc4089d0 JavaThread "pool-2-thread-1" [_thread_blocked, id=6929, stack(0x00007f266ad00000,0x00007f266ae00000)]
  0x00007f263c000ff0 JavaThread "Worker-6: Java indexing... " [_thread_blocked, id=8598, stack(0x00007f266ab00000,0x00007f266ac00000)]
  0x00007f26301a6090 JavaThread "Thread-45" [_thread_blocked, id=8774, stack(0x00007f2669c00000,0x00007f2669d00000)]
  0x00007f25e40260e0 JavaThread "Worker-8" [_thread_blocked, id=8776, stack(0x00007f26a0b00000,0x00007f26a0c00000)]
  0x00007f26440010d0 JavaThread "Worker-10" [_thread_blocked, id=11957, stack(0x00007f266ac00000,0x00007f266ad00000)]

Other Threads:
  0x00007f26bc0a1c10 VMThread "VM Thread" [stack: 0x00007f26c1630000,0x00007f26c1730000] [id=6878] _threads_hazard_ptr=0x00007f264802e170
  0x00007f26bc139150 WatcherThread [stack: 0x00007f26c0648000,0x00007f26c0748000] [id=6890]
  0x00007f26bc03df30 GCTaskThread "GC Thread#0" [stack: 0x00007f26c396e000,0x00007f26c3a6e000] [id=6877]

Threads with active compile tasks:
JVMCI-native CompilerThread0  1936966 13275       4       java.io.File::isInvalid (47 bytes)

VM state: synchronizing (normal execution)

VM Mutex/Monitor currently owned by a thread:  ([mutex/lock_event])
[0x00007f26bc023840] Threads_lock - owner thread: 0x00007f26bc0a1c10
[0x00007f26bc023ff0] Heap_lock - owner thread: 0x00007f2654652320

OutOfMemory and StackOverflow Exception counts:
OutOfMemoryError java_heap_errors=12
LinkageErrors=61

Heap address: 0x00000000e0000000, size: 512 MB, Compressed Oops mode: 32-bit

CDS archive(s) mapped at: [0x0000000800000000-0x0000000800bc8000-0x0000000800bc8000), size 12353536, SharedBaseAddress: 0x0000000800000000, ArchiveRelocationMode: 0.
Compressed class space mapped at: 0x0000000800c00000-0x0000000840c00000, reserved size: 1073741824
Narrow klass base: 0x0000000800000000, Narrow klass shift: 0, Narrow klass range: 0x100000000

GC Precious Log:
 CPUs: 8 total, 1 available
 Memory: 1024M
 Large Page Support: Disabled
 NUMA Support: Disabled
 Compressed Oops: Enabled (32-bit)
 Alignments: Space 512K, Generation 512K, Heap 2M
 Heap Min Capacity: 100M
 Heap Initial Capacity: 100M
 Heap Max Capacity: 512M
 Pre-touch: Disabled
 Parallel Workers: 1

Heap:
 PSYoungGen      total 50688K, used 33279K [0x00000000f5580000, 0x00000000f9a00000, 0x0000000100000000)
  eden space 33280K, 99% used [0x00000000f5580000,0x00000000f75ffff8,0x00000000f7600000)
  from space 17408K, 0% used [0x00000000f8800000,0x00000000f8800000,0x00000000f9900000)
  to   space 17920K, 0% used [0x00000000f7600000,0x00000000f7600000,0x00000000f8780000)
 ParOldGen       total 349696K, used 349695K [0x00000000e0000000, 0x00000000f5580000, 0x00000000f5580000)
  object space 349696K, 99% used [0x00000000e0000000,0x00000000f557ffb0,0x00000000f5580000)
 Metaspace       used 67241K, committed 68096K, reserved 1114112K
  class space    used 6136K, committed 6528K, reserved 1048576K

Card table byte_map: [0x00007f26c3a6e000,0x00007f26c3b6f000] _byte_map_base: 0x00007f26c336e000

Marking Bits: (ParMarkBitMap*) 0x00007f26c51be4c0
 Begin Bits: [0x00007f26c28c1000, 0x00007f26c30c1000)
 End Bits:   [0x00007f26c30c1000, 0x00007f26c38c1000)

Polling page: 0x00007f26c3d88000

Metaspace:

Usage:
  Non-class:     59.67 MB used.
      Class:      5.99 MB used.
       Both:     65.67 MB used.

Virtual space:
  Non-class space:       64.00 MB reserved,      60.12 MB ( 94%) committed,  8 nodes.
      Class space:        1.00 GB reserved,       6.38 MB ( <1%) committed,  1 nodes.
             Both:        1.06 GB reserved,      66.50 MB (  6%) committed. 

Chunk freelists:
   Non-Class:  3.23 MB
       Class:  1.48 MB
        Both:  4.70 MB

MaxMetaspaceSize: unlimited
CompressedClassSpaceSize: 1.00 GB
Initial GC threshold: 21.00 MB
Current GC threshold: 110.75 MB
CDS: on
MetaspaceReclaimPolicy: balanced
 - commit_granule_bytes: 65536.
 - commit_granule_words: 8192.
 - virtual_space_node_default_size: 1048576.
 - enlarge_chunks_in_place: 1.
 - new_chunks_are_fully_committed: 0.
 - uncommit_free_chunks: 1.
 - use_allocation_guard: 0.
 - handle_deallocations: 1.


Internal statistics:

num_allocs_failed_limit: 9.
num_arena_births: 518.
num_arena_deaths: 158.
num_vsnodes_births: 9.
num_vsnodes_deaths: 0.
num_space_committed: 1060.
num_space_uncommitted: 0.
num_chunks_returned_to_freelist: 228.
num_chunks_taken_from_freelist: 3206.
num_chunk_merges: 85.
num_chunk_splits: 2046.
num_chunks_enlarged: 1257.
num_purges: 12.
num_inconsistent_stats: 0.

CodeHeap 'non-profiled nmethods': size=120036Kb used=3419Kb max_used=3419Kb free=116616Kb
 bounds [0x00007f26aaf7a000, 0x00007f26ab2da000, 0x00007f26b24b3000]
CodeHeap 'profiled nmethods': size=120032Kb used=20916Kb max_used=23287Kb free=99115Kb
 bounds [0x00007f26a3a42000, 0x00007f26a5102000, 0x00007f26aaf7a000]
CodeHeap 'non-nmethods': size=5692Kb used=1440Kb max_used=1458Kb free=4251Kb
 bounds [0x00007f26a34b3000, 0x00007f26a3723000, 0x00007f26a3a42000]
 total_blobs=10092 nmethods=9307 adapters=623
 compilation: enabled
              stopped_count=0, restarted_count=0
 full_count=0

JVMCI Events (20 events):
Event: 1397.363 Thread 0x00007f26bc0b21e0 destroyed JavaVM[12]@0x00007f261969e340 for JVMCI runtime 0
Event: 1397.363 Thread 0x00007f26bc0b21e0 compacted oop handles in JVMCI runtime 0 from 47 to 47
Event: 1397.363 Thread 0x00007f26bc0b21e0 releasing handles for JVMCI runtime 0: oop handles=47, metadata handles={total=90, live=79, blocks=50}
Event: 1397.363 Thread 0x00007f26bc0b21e0 detached from JVMCI runtime 0
Event: 1509.148 Thread 0x00007f26bc0b21e0 attached to JVMCI runtime 0
Event: 1509.149 Thread 0x00007f26bc0b21e0 created JavaVM[13]@0x00007f261969e340 for JVMCI runtime 0
Event: 1510.192 Thread 0x00007f26bc0b21e0 initializing JVMCI runtime 0
Event: 1510.192 Thread 0x00007f26bc0b21e0 done waiting for JavaVM references initialization in JVMCI runtime 0
Event: 1526.877 Thread 0x00007f26bc0b21e0 initialized JVMCI runtime 0
Event: 1549.485 Thread 0x00007f26bc0b21e0 detaching from JVMCI runtime 0: releasing idle compiler thread (0 other threads still attached)
Event: 1549.485 Thread 0x00007f26bc0b21e0 shutting down HotSpotJVMCIRuntime for JVMCI runtime 0
Event: 1549.485 Thread 0x00007f26bc0b21e0 shut down JVMCI runtime 0
Event: 1549.486 Thread 0x00007f26bc0b21e0 destroyed JavaVM[13]@0x00007f261969e340 for JVMCI runtime 0
Event: 1549.486 Thread 0x00007f26bc0b21e0 compacted oop handles in JVMCI runtime 0 from 62 to 62
Event: 1549.486 Thread 0x00007f26bc0b21e0 releasing handles for JVMCI runtime 0: oop handles=62, metadata handles={total=105, live=105, blocks=50}
Event: 1549.486 Thread 0x00007f26bc0b21e0 detached from JVMCI runtime 0
Event: 1921.455 Thread 0x00007f26bc0b21e0 attached to JVMCI runtime 0
Event: 1921.457 Thread 0x00007f26bc0b21e0 created JavaVM[14]@0x00007f261969e340 for JVMCI runtime 0
Event: 1923.690 Thread 0x00007f26bc0b21e0 initializing JVMCI runtime 0
Event: 1923.690 Thread 0x00007f26bc0b21e0 done waiting for JavaVM references initialization in JVMCI runtime 0

Compilation events (20 events):
Event: 1476.187 Thread 0x00007f26bc0b36f0 nmethod 13265 0x00007f26a41bde10 code [0x00007f26a41be020, 0x00007f26a41be430]
Event: 1489.341 Thread 0x00007f26bc0b36f0 13266  s    3       org.eclipse.jdt.internal.core.search.processing.JobManager::awaitingJobsCount (21 bytes)
Event: 1491.676 Thread 0x00007f26bc0b36f0 nmethod 13266 0x00007f26a3abe710 code [0x00007f26a3abe8c0, 0x00007f26a3abece0]
Event: 1509.148 Thread 0x00007f26bc0b21e0 13267       4       jdk.internal.reflect.ClassFileAssembler::cpi (22 bytes)
Event: 1535.556 Thread 0x00007f26bc0b21e0 nmethod 13267 0x00007f26ab2d0410 code [0x00007f26ab2d0580, 0x00007f26ab2d05f8]
Event: 1535.556 Thread 0x00007f26bc0b21e0 13268       4       org.eclipse.core.runtime.SubMonitor::isCanceled (20 bytes)
Event: 1548.357 Thread 0x00007f26bc0b21e0 nmethod 13268 0x00007f26ab2d0710 code [0x00007f26ab2d0920, 0x00007f26ab2d0ba0]
Event: 1559.647 Thread 0x00007f26bc0b36f0 13269       3       com.google.gson.stream.JsonReader::peekNumber (481 bytes)
Event: 1559.648 Thread 0x00007f26bc0b36f0 nmethod 13269 0x00007f26a49d5590 code [0x00007f26a49d5800, 0x00007f26a49d66d0]
Event: 1756.550 Thread 0x00007f26bc0b36f0 13270       3       org.eclipse.core.internal.dtree.DataTreeNode::storeStrings (28 bytes)
Event: 1758.884 Thread 0x00007f26bc0b36f0 nmethod 13270 0x00007f26a483e390 code [0x00007f26a483e560, 0x00007f26a483edf0]
Event: 1765.146 Thread 0x00007f26bc0b36f0 13271       3       org.eclipse.core.internal.resources.ResourceInfo::shareStrings (43 bytes)
Event: 1765.147 Thread 0x00007f26bc0b36f0 nmethod 13271 0x00007f26a3cc9d10 code [0x00007f26a3cc9ee0, 0x00007f26a3cca1a0]
Event: 1765.147 Thread 0x00007f26bc0b36f0 13272       3       java.util.UUID::toString (17 bytes)
Event: 1765.147 Thread 0x00007f26bc0b36f0 nmethod 13272 0x00007f26a4058b10 code [0x00007f26a4058cc0, 0x00007f26a4058e60]
Event: 1767.341 Thread 0x00007f26bc0b36f0 13273       3       java.util.concurrent.ScheduledThreadPoolExecutor$ScheduledFutureTask::isPeriodic (15 bytes)
Event: 1768.478 Thread 0x00007f26bc0b36f0 nmethod 13273 0x00007f26a3a8cc90 code [0x00007f26a3a8ce20, 0x00007f26a3a8cf90]
Event: 1780.465 Thread 0x00007f26bc0b36f0 13274       3       java.lang.Thread::checkAccess (14 bytes)
Event: 1780.466 Thread 0x00007f26bc0b36f0 nmethod 13274 0x00007f26a41a9d10 code [0x00007f26a41a9ee0, 0x00007f26a41aa640]
Event: 1921.455 Thread 0x00007f26bc0b21e0 13275       4       java.io.File::isInvalid (47 bytes)

GC Heap History (20 events):
Event: 1925.965 GC heap before
{Heap before GC invocations=1246 (full 1105):
 PSYoungGen      total 50688K, used 33279K [0x00000000f5580000, 0x00000000f9a00000, 0x0000000100000000)
  eden space 33280K, 99% used [0x00000000f5580000,0x00000000f75ffff8,0x00000000f7600000)
  from space 17408K, 0% used [0x00000000f8800000,0x00000000f8800000,0x00000000f9900000)
  to   space 17920K, 0% used [0x00000000f7600000,0x00000000f7600000,0x00000000f8780000)
 ParOldGen       total 349696K, used 349694K [0x00000000e0000000, 0x00000000f5580000, 0x00000000f5580000)
  object space 349696K, 99% used [0x00000000e0000000,0x00000000f557f910,0x00000000f5580000)
 Metaspace       used 67241K, committed 68096K, reserved 1114112K
  class space    used 6136K, committed 6528K, reserved 1048576K
}
Event: 1927.058 GC heap after
{Heap after GC invocations=1246 (full 1105):
 PSYoungGen      total 51200K, used 33279K [0x00000000f5580000, 0x00000000f9a00000, 0x0000000100000000)
  eden space 33280K, 99% used [0x00000000f5580000,0x00000000f75fff90,0x00000000f7600000)
  from space 17920K, 0% used [0x00000000f7600000,0x00000000f7600000,0x00000000f8780000)
  to   space 17408K, 0% used [0x00000000f8800000,0x00000000f8800000,0x00000000f9900000)
 ParOldGen       total 349696K, used 349693K [0x00000000e0000000, 0x00000000f5580000, 0x00000000f5580000)
  object space 349696K, 99% used [0x00000000e0000000,0x00000000f557f700,0x00000000f5580000)
 Metaspace       used 67241K, committed 68096K, reserved 1114112K
  class space    used 6136K, committed 6528K, reserved 1048576K
}
Event: 1927.058 GC heap before
{Heap before GC invocations=1247 (full 1106):
 PSYoungGen      total 51200K, used 33279K [0x00000000f5580000, 0x00000000f9a00000, 0x0000000100000000)
  eden space 33280K, 99% used [0x00000000f5580000,0x00000000f75ffff8,0x00000000f7600000)
  from space 17920K, 0% used [0x00000000f7600000,0x00000000f7600000,0x00000000f8780000)
  to   space 17408K, 0% used [0x00000000f8800000,0x00000000f8800000,0x00000000f9900000)
 ParOldGen       total 349696K, used 349693K [0x00000000e0000000, 0x00000000f5580000, 0x00000000f5580000)
  object space 349696K, 99% used [0x00000000e0000000,0x00000000f557f700,0x00000000f5580000)
 Metaspace       used 67241K, committed 68096K, reserved 1114112K
  class space    used 6136K, committed 6528K, reserved 1048576K
}
Event: 1928.167 GC heap after
{Heap after GC invocations=1247 (full 1106):
 PSYoungGen      total 50688K, used 33279K [0x00000000f5580000, 0x00000000f9a00000, 0x0000000100000000)
  eden space 33280K, 99% used [0x00000000f5580000,0x00000000f75fffc0,0x00000000f7600000)
  from space 17408K, 0% used [0x00000000f8800000,0x00000000f8800000,0x00000000f9900000)
  to   space 17920K, 0% used [0x00000000f7600000,0x00000000f7600000,0x00000000f8780000)
 ParOldGen       total 349696K, used 349693K [0x00000000e0000000, 0x00000000f5580000, 0x00000000f5580000)
  object space 349696K, 99% used [0x00000000e0000000,0x00000000f557f5e8,0x00000000f5580000)
 Metaspace       used 67241K, committed 68096K, reserved 1114112K
  class space    used 6136K, committed 6528K, reserved 1048576K
}
Event: 1928.167 GC heap before
{Heap before GC invocations=1248 (full 1107):
 PSYoungGen      total 50688K, used 33280K [0x00000000f5580000, 0x00000000f9a00000, 0x0000000100000000)
  eden space 33280K, 100% used [0x00000000f5580000,0x00000000f7600000,0x00000000f7600000)
  from space 17408K, 0% used [0x00000000f8800000,0x00000000f8800000,0x00000000f9900000)
  to   space 17920K, 0% used [0x00000000f7600000,0x00000000f7600000,0x00000000f8780000)
 ParOldGen       total 349696K, used 349693K [0x00000000e0000000, 0x00000000f5580000, 0x00000000f5580000)
  object space 349696K, 99% used [0x00000000e0000000,0x00000000f557f5e8,0x00000000f5580000)
 Metaspace       used 67241K, committed 68096K, reserved 1114112K
  class space    used 6136K, committed 6528K, reserved 1048576K
}
Event: 1929.064 GC heap after
{Heap after GC invocations=1248 (full 1107):
 PSYoungGen      total 51200K, used 33279K [0x00000000f5580000, 0x00000000f9a00000, 0x0000000100000000)
  eden space 33280K, 99% used [0x00000000f5580000,0x00000000f75fffe8,0x00000000f7600000)
  from space 17920K, 0% used [0x00000000f7600000,0x00000000f7600000,0x00000000f8780000)
  to   space 17408K, 0% used [0x00000000f8800000,0x00000000f8800000,0x00000000f9900000)
 ParOldGen       total 349696K, used 349693K [0x00000000e0000000, 0x00000000f5580000, 0x00000000f5580000)
  object space 349696K, 99% used [0x00000000e0000000,0x00000000f557f5e8,0x00000000f5580000)
 Metaspace       used 67241K, committed 68096K, reserved 1114112K
  class space    used 6136K, committed 6528K, reserved 1048576K
}
Event: 1929.067 GC heap before
{Heap before GC invocations=1249 (full 1108):
 PSYoungGen      total 51200K, used 33279K [0x00000000f5580000, 0x00000000f9a00000, 0x0000000100000000)
  eden space 33280K, 99% used [0x00000000f5580000,0x00000000f75ffff8,0x00000000f7600000)
  from space 17920K, 0% used [0x00000000f7600000,0x00000000f7600000,0x00000000f8780000)
  to   space 17408K, 0% used [0x00000000f8800000,0x00000000f8800000,0x00000000f9900000)
 ParOldGen       total 349696K, used 349693K [0x00000000e0000000, 0x00000000f5580000, 0x00000000f5580000)
  object space 349696K, 99% used [0x00000000e0000000,0x00000000f557f5e8,0x00000000f5580000)
 Metaspace       used 67241K, committed 68096K, reserved 1114112K
  class space    used 6136K, committed 6528K, reserved 1048576K
}
Event: 1930.169 GC heap after
{Heap after GC invocations=1249 (full 1108):
 PSYoungGen      total 50688K, used 33279K [0x00000000f5580000, 0x00000000f9a00000, 0x0000000100000000)
  eden space 33280K, 99% used [0x00000000f5580000,0x00000000f75fffe8,0x00000000f7600000)
  from space 17408K, 0% used [0x00000000f8800000,0x00000000f8800000,0x00000000f9900000)
  to   space 17920K, 0% used [0x00000000f7600000,0x00000000f7600000,0x00000000f8780000)
 ParOldGen       total 349696K, used 349693K [0x00000000e0000000, 0x00000000f5580000, 0x00000000f5580000)
  object space 349696K, 99% used [0x00000000e0000000,0x00000000f557f5e8,0x00000000f5580000)
 Metaspace       used 67241K, committed 68096K, reserved 1114112K
  class space    used 6136K, committed 6528K, reserved 1048576K
}
Event: 1930.170 GC heap before
{Heap before GC invocations=1250 (full 1109):
 PSYoungGen      total 50688K, used 33279K [0x00000000f5580000, 0x00000000f9a00000, 0x0000000100000000)
  eden space 33280K, 99% used [0x00000000f5580000,0x00000000f75ffff8,0x00000000f7600000)
  from space 17408K, 0% used [0x00000000f8800000,0x00000000f8800000,0x00000000f9900000)
  to   space 17920K, 0% used [0x00000000f7600000,0x00000000f7600000,0x00000000f8780000)
 ParOldGen       total 349696K, used 349695K [0x00000000e0000000, 0x00000000f5580000, 0x00000000f5580000)
  object space 349696K, 99% used [0x00000000e0000000,0x00000000f557feb0,0x00000000f5580000)
 Metaspace       used 67241K, committed 68096K, reserved 1114112K
  class space    used 6136K, committed 6528K, reserved 1048576K
}
Event: 1931.350 GC heap after
{Heap after GC invocations=1250 (full 1109):
 PSYoungGen      total 51200K, used 33279K [0x00000000f5580000, 0x00000000f9a00000, 0x0000000100000000)
  eden space 33280K, 99% used [0x00000000f5580000,0x00000000f75fff68,0x00000000f7600000)
  from space 17920K, 0% used [0x00000000f7600000,0x00000000f7600000,0x00000000f8780000)
  to   space 17408K, 0% used [0x00000000f8800000,0x00000000f8800000,0x00000000f9900000)
 ParOldGen       total 349696K, used 349695K [0x00000000e0000000, 0x00000000f5580000, 0x00000000f5580000)
  object space 349696K, 99% used [0x00000000e0000000,0x00000000f557fcc0,0x00000000f5580000)
 Metaspace       used 67241K, committed 68096K, reserved 1114112K
  class space    used 6136K, committed 6528K, reserved 1048576K
}
Event: 1931.350 GC heap before
{Heap before GC invocations=1251 (full 1110):
 PSYoungGen      total 51200K, used 33279K [0x00000000f5580000, 0x00000000f9a00000, 0x0000000100000000)
  eden space 33280K, 99% used [0x00000000f5580000,0x00000000f75ffff8,0x00000000f7600000)
  from space 17920K, 0% used [0x00000000f7600000,0x00000000f7600000,0x00000000f8780000)
  to   space 17408K, 0% used [0x00000000f8800000,0x00000000f8800000,0x00000000f9900000)
 ParOldGen       total 349696K, used 349695K [0x00000000e0000000, 0x00000000f5580000, 0x00000000f5580000)
  object space 349696K, 99% used [0x00000000e0000000,0x00000000f557fcc0,0x00000000f5580000)
 Metaspace       used 67241K, committed 68096K, reserved 1114112K
  class space    used 6136K, committed 6528K, reserved 1048576K
}
Event: 1932.391 GC heap after
{Heap after GC invocations=1251 (full 1110):
 PSYoungGen      total 50688K, used 33279K [0x00000000f5580000, 0x00000000f9a00000, 0x0000000100000000)
  eden space 33280K, 99% used [0x00000000f5580000,0x00000000f75fff68,0x00000000f7600000)
  from space 17408K, 0% used [0x00000000f8800000,0x00000000f8800000,0x00000000f9900000)
  to   space 17920K, 0% used [0x00000000f7600000,0x00000000f7600000,0x00000000f8780000)
 ParOldGen       total 349696K, used 349695K [0x00000000e0000000, 0x00000000f5580000, 0x00000000f5580000)
  object space 349696K, 99% used [0x00000000e0000000,0x00000000f557fcc0,0x00000000f5580000)
 Metaspace       used 67241K, committed 68096K, reserved 1114112K
  class space    used 6136K, committed 6528K, reserved 1048576K
}
Event: 1932.391 GC heap before
{Heap before GC invocations=1252 (full 1111):
 PSYoungGen      total 50688K, used 33279K [0x00000000f5580000, 0x00000000f9a00000, 0x0000000100000000)
  eden space 33280K, 99% used [0x00000000f5580000,0x00000000f75ffff8,0x00000000f7600000)
  from space 17408K, 0% used [0x00000000f8800000,0x00000000f8800000,0x00000000f9900000)
  to   space 17920K, 0% used [0x00000000f7600000,0x00000000f7600000,0x00000000f8780000)
 ParOldGen       total 349696K, used 349695K [0x00000000e0000000, 0x00000000f5580000, 0x00000000f5580000)
  object space 349696K, 99% used [0x00000000e0000000,0x00000000f557fcc0,0x00000000f5580000)
 Metaspace       used 67241K, committed 68096K, reserved 1114112K
  class space    used 6136K, committed 6528K, reserved 1048576K
}
Event: 1933.486 GC heap after
{Heap after GC invocations=1252 (full 1111):
 PSYoungGen      total 51200K, used 33279K [0x00000000f5580000, 0x00000000f9a00000, 0x0000000100000000)
  eden space 33280K, 99% used [0x00000000f5580000,0x00000000f75fffe0,0x00000000f7600000)
  from space 17920K, 0% used [0x00000000f7600000,0x00000000f7600000,0x00000000f8780000)
  to   space 17408K, 0% used [0x00000000f8800000,0x00000000f8800000,0x00000000f9900000)
 ParOldGen       total 349696K, used 349695K [0x00000000e0000000, 0x00000000f5580000, 0x00000000f5580000)
  object space 349696K, 99% used [0x00000000e0000000,0x00000000f557fc88,0x00000000f5580000)
 Metaspace       used 67241K, committed 68096K, reserved 1114112K
  class space    used 6136K, committed 6528K, reserved 1048576K
}
Event: 1933.486 GC heap before
{Heap before GC invocations=1253 (full 1112):
 PSYoungGen      total 51200K, used 33279K [0x00000000f5580000, 0x00000000f9a00000, 0x0000000100000000)
  eden space 33280K, 99% used [0x00000000f5580000,0x00000000f75ffff8,0x00000000f7600000)
  from space 17920K, 0% used [0x00000000f7600000,0x00000000f7600000,0x00000000f8780000)
  to   space 17408K, 0% used [0x00000000f8800000,0x00000000f8800000,0x00000000f9900000)
 ParOldGen       total 349696K, used 349695K [0x00000000e0000000, 0x00000000f5580000, 0x00000000f5580000)
  object space 349696K, 99% used [0x00000000e0000000,0x00000000f557fc88,0x00000000f5580000)
 Metaspace       used 67241K, committed 68096K, reserved 1114112K
  class space    used 6136K, committed 6528K, reserved 1048576K
}
Event: 1934.661 GC heap after
{Heap after GC invocations=1253 (full 1112):
 PSYoungGen      total 50688K, used 33279K [0x00000000f5580000, 0x00000000f9a00000, 0x0000000100000000)
  eden space 33280K, 99% used [0x00000000f5580000,0x00000000f75ffff8,0x00000000f7600000)
  from space 17408K, 0% used [0x00000000f8800000,0x00000000f8800000,0x00000000f9900000)
  to   space 17920K, 0% used [0x00000000f7600000,0x00000000f7600000,0x00000000f8780000)
 ParOldGen       total 349696K, used 349695K [0x00000000e0000000, 0x00000000f5580000, 0x00000000f5580000)
  object space 349696K, 99% used [0x00000000e0000000,0x00000000f557fc88,0x00000000f5580000)
 Metaspace       used 67241K, committed 68096K, reserved 1114112K
  class space    used 6136K, committed 6528K, reserved 1048576K
}
Event: 1934.662 GC heap before
{Heap before GC invocations=1254 (full 1113):
 PSYoungGen      total 50688K, used 33279K [0x00000000f5580000, 0x00000000f9a00000, 0x0000000100000000)
  eden space 33280K, 99% used [0x00000000f5580000,0x00000000f75ffff8,0x00000000f7600000)
  from space 17408K, 0% used [0x00000000f8800000,0x00000000f8800000,0x00000000f9900000)
  to   space 17920K, 0% used [0x00000000f7600000,0x00000000f7600000,0x00000000f8780000)
 ParOldGen       total 349696K, used 349695K [0x00000000e0000000, 0x00000000f5580000, 0x00000000f5580000)
  object space 349696K, 99% used [0x00000000e0000000,0x00000000f557fd98,0x00000000f5580000)
 Metaspace       used 67241K, committed 68096K, reserved 1114112K
  class space    used 6136K, committed 6528K, reserved 1048576K
}
Event: 1935.749 GC heap after
{Heap after GC invocations=1254 (full 1113):
 PSYoungGen      total 51200K, used 33279K [0x00000000f5580000, 0x00000000f9a00000, 0x0000000100000000)
  eden space 33280K, 99% used [0x00000000f5580000,0x00000000f75ffff8,0x00000000f7600000)
  from space 17920K, 0% used [0x00000000f7600000,0x00000000f7600000,0x00000000f8780000)
  to   space 17408K, 0% used [0x00000000f8800000,0x00000000f8800000,0x00000000f9900000)
 ParOldGen       total 349696K, used 349695K [0x00000000e0000000, 0x00000000f5580000, 0x00000000f5580000)
  object space 349696K, 99% used [0x00000000e0000000,0x00000000f557fcd8,0x00000000f5580000)
 Metaspace       used 67241K, committed 68096K, reserved 1114112K
  class space    used 6136K, committed 6528K, reserved 1048576K
}
Event: 1935.749 GC heap before
{Heap before GC invocations=1255 (full 1114):
 PSYoungGen      total 51200K, used 33279K [0x00000000f5580000, 0x00000000f9a00000, 0x0000000100000000)
  eden space 33280K, 99% used [0x00000000f5580000,0x00000000f75ffff8,0x00000000f7600000)
  from space 17920K, 0% used [0x00000000f7600000,0x00000000f7600000,0x00000000f8780000)
  to   space 17408K, 0% used [0x00000000f8800000,0x00000000f8800000,0x00000000f9900000)
 ParOldGen       total 349696K, used 349695K [0x00000000e0000000, 0x00000000f5580000, 0x00000000f5580000)
  object space 349696K, 99% used [0x00000000e0000000,0x00000000f557fcd8,0x00000000f5580000)
 Metaspace       used 67241K, committed 68096K, reserved 1114112K
  class space    used 6136K, committed 6528K, reserved 1048576K
}
Event: 1936.881 GC heap after
{Heap after GC invocations=1255 (full 1114):
 PSYoungGen      total 50688K, used 33279K [0x00000000f5580000, 0x00000000f9a00000, 0x0000000100000000)
  eden space 33280K, 99% used [0x00000000f5580000,0x00000000f75ffff8,0x00000000f7600000)
  from space 17408K, 0% used [0x00000000f8800000,0x00000000f8800000,0x00000000f9900000)
  to   space 17920K, 0% used [0x00000000f7600000,0x00000000f7600000,0x00000000f8780000)
 ParOldGen       total 349696K, used 349695K [0x00000000e0000000, 0x00000000f5580000, 0x00000000f5580000)
  object space 349696K, 99% used [0x00000000e0000000,0x00000000f557fcd8,0x00000000f5580000)
 Metaspace       used 67241K, committed 68096K, reserved 1114112K
  class space    used 6136K, committed 6528K, reserved 1048576K
}

Dll operation events (9 events):
Event: 0.002 Loaded shared library /nix/store/gpxl5qgg8kicmcvivwmybwjlpf7wh20l-graalvm17-ce-22.3.0/lib/libjava.so
Event: 0.007 Loaded shared library /nix/store/gpxl5qgg8kicmcvivwmybwjlpf7wh20l-graalvm17-ce-22.3.0/lib/libjsvml.so
Event: 0.155 Loaded shared library /nix/store/gpxl5qgg8kicmcvivwmybwjlpf7wh20l-graalvm17-ce-22.3.0/lib/libjvmcicompiler.so
Event: 0.155 Loaded shared library /nix/store/gpxl5qgg8kicmcvivwmybwjlpf7wh20l-graalvm17-ce-22.3.0/lib/libnio.so
Event: 0.159 Loaded shared library /nix/store/gpxl5qgg8kicmcvivwmybwjlpf7wh20l-graalvm17-ce-22.3.0/lib/libzip.so
Event: 0.456 Loaded shared library /nix/store/gpxl5qgg8kicmcvivwmybwjlpf7wh20l-graalvm17-ce-22.3.0/lib/libjimage.so
Event: 1.852 Loaded shared library /nix/store/gpxl5qgg8kicmcvivwmybwjlpf7wh20l-graalvm17-ce-22.3.0/lib/libnet.so
Event: 2.863 Loaded shared library /home/runner/.cache/jdt-language-server/config/org.eclipse.equinox.launcher/org.eclipse.equinox.launcher.gtk.linux.x86_64_1.2.400.v20211117-0650/eclipse_11600.so
Event: 627.846 Loaded shared library /nix/store/gpxl5qgg8kicmcvivwmybwjlpf7wh20l-graalvm17-ce-22.3.0/lib/libextnet.so

Deoptimization events (20 events):
Event: 685.846 Thread 0x00007f2654652320 DEOPT PACKING pc=0x00007f26a4488b05 sp=0x00007f26a05fe530
Event: 685.846 Thread 0x00007f2654652320 DEOPT UNPACKING pc=0x00007f26a3505325 sp=0x00007f26a05fda20 mode 0
Event: 685.848 Thread 0x00007f2654652320 DEOPT PACKING pc=0x00007f26a4488b05 sp=0x00007f26a05fe530
Event: 685.848 Thread 0x00007f2654652320 DEOPT UNPACKING pc=0x00007f26a3505325 sp=0x00007f26a05fda20 mode 0
Event: 686.871 Thread 0x00007f2654652320 DEOPT PACKING pc=0x00007f26a4488b05 sp=0x00007f26a05fe530
Event: 686.871 Thread 0x00007f2654652320 DEOPT UNPACKING pc=0x00007f26a3505325 sp=0x00007f26a05fda20 mode 0
Event: 686.872 Thread 0x00007f2654652320 DEOPT PACKING pc=0x00007f26a4488b05 sp=0x00007f26a05fe530
Event: 686.872 Thread 0x00007f2654652320 DEOPT UNPACKING pc=0x00007f26a3505325 sp=0x00007f26a05fda20 mode 0
Event: 686.873 Thread 0x00007f2654652320 DEOPT PACKING pc=0x00007f26a4488b05 sp=0x00007f26a05fe530
Event: 686.873 Thread 0x00007f2654652320 DEOPT UNPACKING pc=0x00007f26a3505325 sp=0x00007f26a05fda20 mode 0
Event: 686.875 Thread 0x00007f2654652320 DEOPT PACKING pc=0x00007f26a4488b05 sp=0x00007f26a05fe530
Event: 686.875 Thread 0x00007f2654652320 DEOPT UNPACKING pc=0x00007f26a3505325 sp=0x00007f26a05fda20 mode 0
Event: 1890.742 Thread 0x00007f26301cb390 DEOPT PACKING pc=0x00007f26ab16b3c0 sp=0x00007f26a09fd870
Event: 1890.742 Thread 0x00007f26301cb390 DEOPT UNPACKING pc=0x00007f26a3505325 sp=0x00007f26a09fcd00 mode 1
Event: 1895.348 Thread 0x00007f2654652320 Uncommon trap: trap_request=0xffffff8f fr.pc=0x00007f26ab2ccb7f relative=0x000000000000103f
Event: 1895.348 Thread 0x00007f2654652320 Uncommon trap: reason=constraint action=none pc=0x00007f26ab2ccb7f method=org.eclipse.jdt.internal.core.index.DiskIndex.copyQueryResults(Lorg/eclipse/jdt/internal/compiler/util/HashtableOfObject;I)V @ 123 jvmci
Event: 1895.348 Thread 0x00007f2654652320 DEOPT PACKING pc=0x00007f26ab2ccb7f sp=0x00007f26a05fe550
Event: 1895.348 Thread 0x00007f2654652320 DEOPT UNPACKING pc=0x00007f26a3505325 sp=0x00007f26a05fda28 mode 3
Event: 1915.752 Thread 0x00007f26bc4089d0 DEOPT PACKING pc=0x00007f26ab1fb994 sp=0x00007f266adfda30
Event: 1915.752 Thread 0x00007f26bc4089d0 DEOPT UNPACKING pc=0x00007f26a3505325 sp=0x00007f266adfce50 mode 1

Classes unloaded (20 events):
Event: 626.972 Thread 0x00007f26bc0a1c10 Unloading class 0x0000000800cb0c00 'java/lang/invoke/LambdaForm$MH+0x0000000800cb0c00'
Event: 626.972 Thread 0x00007f26bc0a1c10 Unloading class 0x0000000800cb0800 'java/lang/invoke/LambdaForm$MH+0x0000000800cb0800'
Event: 626.972 Thread 0x00007f26bc0a1c10 Unloading class 0x0000000800cb0000 'java/lang/invoke/LambdaForm$MH+0x0000000800cb0000'
Event: 626.972 Thread 0x00007f26bc0a1c10 Unloading class 0x0000000800c85000 'jdk/internal/reflect/GeneratedMethodAccessor5'
Event: 626.972 Thread 0x00007f26bc0a1c10 Unloading class 0x0000000800c84c00 'jdk/internal/reflect/GeneratedMethodAccessor4'
Event: 626.972 Thread 0x00007f26bc0a1c10 Unloading class 0x0000000800c84800 'jdk/internal/reflect/GeneratedMethodAccessor3'
Event: 626.972 Thread 0x00007f26bc0a1c10 Unloading class 0x0000000800c84400 'jdk/internal/reflect/GeneratedMethodAccessor2'
Event: 626.972 Thread 0x00007f26bc0a1c10 Unloading class 0x0000000800c84000 'jdk/internal/reflect/GeneratedMethodAccessor1'
Event: 626.972 Thread 0x00007f26bc0a1c10 Unloading class 0x0000000800c01c00 'java/lang/invoke/LambdaForm$DMH+0x0000000800c01c00'
Event: 768.360 Thread 0x00007f26bc0a1c10 Unloading class 0x0000000800d89800 'jdk/internal/reflect/GeneratedConstructorAccessor38'
Event: 768.360 Thread 0x00007f26bc0a1c10 Unloading class 0x0000000800db8400 'jdk/internal/reflect/GeneratedConstructorAccessor36'
Event: 768.360 Thread 0x00007f26bc0a1c10 Unloading class 0x000000080115c400 'jdk/internal/reflect/GeneratedConstructorAccessor35'
Event: 768.360 Thread 0x00007f26bc0a1c10 Unloading class 0x000000080116a000 'jdk/internal/reflect/GeneratedConstructorAccessor34'
Event: 775.670 Thread 0x00007f26bc0a1c10 Unloading class 0x000000080115d000 'jdk/internal/reflect/GeneratedConstructorAccessor33'
Event: 798.584 Thread 0x00007f26bc0a1c10 Unloading class 0x000000080115cc00 'jdk/internal/reflect/GeneratedConstructorAccessor32'
Event: 798.584 Thread 0x00007f26bc0a1c10 Unloading class 0x0000000800d88000 'jdk/internal/reflect/GeneratedConstructorAccessor3'
Event: 1631.172 Thread 0x00007f26bc0a1c10 Unloading class 0x000000080115d000 'jdk/internal/reflect/GeneratedSerializationConstructorAccessor37'
Event: 1692.878 Thread 0x00007f26bc0a1c10 Unloading class 0x0000000800d89800 'jdk/internal/reflect/GeneratedSerializationConstructorAccessor38'
Event: 1692.878 Thread 0x00007f26bc0a1c10 Unloading class 0x0000000800d88000 'jdk/internal/reflect/GeneratedSerializationConstructorAccessor36'
Event: 1692.878 Thread 0x00007f26bc0a1c10 Unloading class 0x000000080115cc00 'jdk/internal/reflect/GeneratedSerializationConstructorAccessor35'

Classes redefined (0 events):
No events

Internal exceptions (20 events):
Event: 659.056 Thread 0x00007f26301a6090 Exception <a 'java/io/FileNotFoundException'{0x00000000f57d1640}> (0x00000000f57d1640) 
thrown [src/hotspot/share/prims/jni.cpp, line 516]
Event: 659.965 Thread 0x00007f26301a6090 Implicit null exception at 0x00007f26ab1c4b33 to 0x00007f26ab1c4ea2
Event: 659.968 Thread 0x00007f26301a6090 Exception <a 'java/io/FileNotFoundException'{0x00000000f69f8ea8}> (0x00000000f69f8ea8) 
thrown [src/hotspot/share/prims/jni.cpp, line 516]
Event: 660.064 Thread 0x00007f2654652320 Implicit null exception at 0x00007f26ab180830 to 0x00007f26ab180c7e
Event: 670.155 Thread 0x00007f2654652320 Implicit null exception at 0x00007f26ab275802 to 0x00007f26ab277bee
Event: 1690.870 Thread 0x00007f262425d320 Exception <a 'java/lang/OutOfMemoryError'{0x00000000e00cd0c8}> (0x00000000e00cd0c8) 
thrown [src/hotspot/share/gc/shared/memAllocator.cpp, line 136]
Event: 1800.161 Thread 0x00007f26bc4089d0 Exception <a 'java/lang/OutOfMemoryError'{0x00000000e00cd398}> (0x00000000e00cd398) 
thrown [src/hotspot/share/gc/shared/memAllocator.cpp, line 136]
Event: 1808.249 Thread 0x00007f262425d320 Exception <a 'java/lang/OutOfMemoryError'{0x00000000e00cd988}> (0x00000000e00cd988) 
thrown [src/hotspot/share/gc/shared/memAllocator.cpp, line 136]
Event: 1811.578 Thread 0x00007f26bc4089d0 Exception <a 'java/lang/reflect/InvocationTargetException'{0x00000000f557b650}> (0x00000000f557b650) 
thrown [src/hotspot/share/runtime/reflection.cpp, line 1119]
Event: 1823.387 Thread 0x00007f262425d320 Exception <a 'java/lang/OutOfMemoryError'{0x00000000e00cd988}> (0x00000000e00cd988) 
thrown [src/hotspot/share/gc/shared/memAllocator.cpp, line 136]
Event: 1890.742 Thread 0x00007f26301cb390 Exception <a 'java/lang/OutOfMemoryError'{0x00000000e00cd988}> (0x00000000e00cd988) 
thrown [src/hotspot/share/gc/shared/memAllocator.cpp, line 136]
Event: 1895.348 Thread 0x00007f2654652320 Exception <a 'java/lang/OutOfMemoryError'{0x00000000e00cd668}> (0x00000000e00cd668) 
thrown [src/hotspot/share/gc/shared/memAllocator.cpp, line 138]
Event: 1895.348 Thread 0x00007f2654652320 Implicit null exception at 0x00007f26ab2cc605 to 0x00007f26ab2ccb64
Event: 1897.577 Thread 0x00007f263c000ff0 Exception <a 'java/lang/OutOfMemoryError'{0x00000000e00cd988}> (0x00000000e00cd988) 
thrown [src/hotspot/share/gc/shared/memAllocator.cpp, line 136]
Event: 1904.539 Thread 0x00007f26bc4089d0 Exception <a 'java/lang/OutOfMemoryError'{0x00000000e00cd988}> (0x00000000e00cd988) 
thrown [src/hotspot/share/gc/shared/memAllocator.cpp, line 136]
Event: 1908.948 Thread 0x00007f26bc4089d0 Exception <a 'java/lang/reflect/InvocationTargetException'{0x00000000f75fff20}> (0x00000000f75fff20) 
thrown [src/hotspot/share/runtime/reflection.cpp, line 1119]
Event: 1908.948 Thread 0x00007f26bc4089d0 Exception <a 'java/lang/OutOfMemoryError'{0x00000000e00cd988}> (0x00000000e00cd988) 
thrown [src/hotspot/share/prims/jni.cpp, line 516]
Event: 1915.752 Thread 0x00007f26bc4089d0 Exception <a 'java/lang/OutOfMemoryError'{0x00000000e00cd6b8}> (0x00000000e00cd6b8) 
thrown [src/hotspot/share/gc/shared/memAllocator.cpp, line 136]
Event: 1923.691 Thread 0x00007f263c000ff0 Exception <a 'java/lang/OutOfMemoryError'{0x00000000e00cd6b8}> (0x00000000e00cd6b8) 
thrown [src/hotspot/share/gc/shared/memAllocator.cpp, line 136]
Event: 1936.881 Thread 0x00007f26bc0b21e0 Exception <a 'java/lang/OutOfMemoryError'{0x00000000e00cd6b8}> (0x00000000e00cd6b8) 
thrown [src/hotspot/share/gc/shared/memAllocator.cpp, line 136]

VM Operations (20 events):
Event: 1924.949 Executing VM operation: ParallelGCFailedAllocation
Event: 1925.965 Executing VM operation: ParallelGCFailedAllocation done
Event: 1925.965 Executing VM operation: ParallelGCFailedAllocation
Event: 1927.058 Executing VM operation: ParallelGCFailedAllocation done
Event: 1927.058 Executing VM operation: ParallelGCFailedAllocation
Event: 1928.167 Executing VM operation: ParallelGCFailedAllocation done
Event: 1928.167 Executing VM operation: ParallelGCFailedAllocation
Event: 1929.064 Executing VM operation: ParallelGCFailedAllocation done
Event: 1929.067 Executing VM operation: ParallelGCFailedAllocation
Event: 1930.169 Executing VM operation: ParallelGCFailedAllocation done
Event: 1930.170 Executing VM operation: ParallelGCFailedAllocation
Event: 1931.350 Executing VM operation: ParallelGCFailedAllocation done
Event: 1931.350 Executing VM operation: ParallelGCFailedAllocation
Event: 1932.391 Executing VM operation: ParallelGCFailedAllocation done
Event: 1932.391 Executing VM operation: ParallelGCFailedAllocation
Event: 1933.486 Executing VM operation: ParallelGCFailedAllocation done
Event: 1933.486 Executing VM operation: ParallelGCFailedAllocation
Event: 1934.661 Executing VM operation: ParallelGCFailedAllocation done
Event: 1934.662 Executing VM operation: ParallelGCFailedAllocation
Event: 1936.881 Executing VM operation: ParallelGCFailedAllocation done

Events (20 events):
Event: 1722.273 Protecting memory [0x00007f26a0700000,0x00007f26a0704000] with protection modes 0
Event: 1779.168 Thread 0x00007f26440010d0 Thread added: 0x00007f26440010d0
Event: 1779.168 Protecting memory [0x00007f266ac00000,0x00007f266ac04000] with protection modes 0
Event: 1823.387 loading class java/lang/Throwable$WrappedPrintStream
Event: 1823.387 loading class java/lang/Throwable$WrappedPrintStream done
Event: 1823.387 Thread 0x00007f262425d320 Thread exited: 0x00007f262425d320
Event: 1835.345 loading class java/util/logging/LogRecord
Event: 1837.648 loading class java/util/logging/LogRecord done
Event: 1845.739 Thread 0x00007f25e4020860 Thread exited: 0x00007f25e4020860
Event: 1863.078 loading class java/util/logging/ConsoleHandler
Event: 1863.078 loading class java/util/logging/StreamHandler
Event: 1863.079 loading class java/util/logging/StreamHandler done
Event: 1864.276 loading class java/util/logging/ConsoleHandler done
Event: 1872.768 loading class java/util/logging/SimpleFormatter
Event: 1872.768 loading class java/util/logging/Formatter
Event: 1875.052 loading class java/util/logging/Formatter done
Event: 1877.352 loading class java/util/logging/SimpleFormatter done
Event: 1906.873 loading class java/util/regex/PatternSyntaxException
Event: 1906.873 loading class java/util/regex/PatternSyntaxException done
Event: 1908.948 Thread 0x00007f26301cb390 Thread exited: 0x00007f26301cb390


Dynamic libraries:
e0000000-f5580000 rw-p 00000000 00:00 0 
f5580000-f9a00000 rw-p 00000000 00:00 0 
f9a00000-100000000 ---p 00000000 00:00 0 
800000000-800449000 rw-p 00001000 00:1c57 4611686019135357769            /nix/store/gpxl5qgg8kicmcvivwmybwjlpf7wh20l-graalvm17-ce-22.3.0/lib/server/classes.jsa
800449000-800bc8000 r--p 0044a000 00:1c57 4611686019135357769            /nix/store/gpxl5qgg8kicmcvivwmybwjlpf7wh20l-graalvm17-ce-22.3.0/lib/server/classes.jsa
800bc8000-800c00000 ---p 00000000 00:00 0 
800c00000-800c20000 rw-p 00000000 00:00 0 
800c20000-800c40000 rw-p 00000000 00:00 0 
800c40000-800cc0000 rw-p 00000000 00:00 0 
800cc0000-800d00000 rw-p 00000000 00:00 0 
800d00000-800dc0000 rw-p 00000000 00:00 0 
800dc0000-800e00000 rw-p 00000000 00:00 0 
800e00000-8011a0000 rw-p 00000000 00:00 0 
8011a0000-8011c0000 rw-p 00000000 00:00 0 
8011c0000-801240000 rw-p 00000000 00:00 0 
801240000-801250000 rw-p 00000000 00:00 0 
801250000-801280000 ---p 00000000 00:00 0 
801280000-801290000 rw-p 00000000 00:00 0 
801290000-840c00000 ---p 00000000 00:00 0 
5651fdfaa000-5651fdfab000 r-xp 00000000 00:1c57 4611686019099417844      /nix/store/gpxl5qgg8kicmcvivwmybwjlpf7wh20l-graalvm17-ce-22.3.0/bin/.java-wrapped
5651fdfac000-5651fdfad000 r--p 00001000 00:1c57 4611686019099417844      /nix/store/gpxl5qgg8kicmcvivwmybwjlpf7wh20l-graalvm17-ce-22.3.0/bin/.java-wrapped
5651fdfad000-5651fdfae000 rw-p 00002000 00:1c57 4611686019099417844      /nix/store/gpxl5qgg8kicmcvivwmybwjlpf7wh20l-graalvm17-ce-22.3.0/bin/.java-wrapped
5651fdfae000-5651fdfaf000 rw-p 00004000 00:1c57 4611686019099417844      /nix/store/gpxl5qgg8kicmcvivwmybwjlpf7wh20l-graalvm17-ce-22.3.0/bin/.java-wrapped
5651fdfaf000-5651fdfb0000 rw-p 00005000 00:1c57 4611686019099417844      /nix/store/gpxl5qgg8kicmcvivwmybwjlpf7wh20l-graalvm17-ce-22.3.0/bin/.java-wrapped
5651ff353000-5651ff39b000 rw-p 00000000 00:00 0                          [heap]
7f25dc000000-7f25dc021000 rw-p 00000000 00:00 0 
7f25dc021000-7f25e0000000 ---p 00000000 00:00 0 
7f25e4000000-7f25e405c000 rw-p 00000000 00:00 0 
7f25e405c000-7f25e8000000 ---p 00000000 00:00 0 
7f25e8000000-7f25e8021000 rw-p 00000000 00:00 0 
7f25e8021000-7f25ec000000 ---p 00000000 00:00 0 
7f25ec000000-7f25ec021000 rw-p 00000000 00:00 0 
7f25ec021000-7f25f0000000 ---p 00000000 00:00 0 
7f25f0000000-7f25f002c000 rw-p 00000000 00:00 0 
7f25f002c000-7f25f4000000 ---p 00000000 00:00 0 
7f25f4000000-7f25f4021000 rw-p 00000000 00:00 0 
7f25f4021000-7f25f8000000 ---p 00000000 00:00 0 
7f25f8000000-7f25f8021000 rw-p 00000000 00:00 0 
7f25f8021000-7f25fc000000 ---p 00000000 00:00 0 
7f25fc000000-7f25fc04f000 rw-p 00000000 00:00 0 
7f25fc04f000-7f2600000000 ---p 00000000 00:00 0 
7f2600000000-7f2600021000 rw-p 00000000 00:00 0 
7f2600021000-7f2604000000 ---p 00000000 00:00 0 
7f2604000000-7f2604044000 rw-p 00000000 00:00 0 
7f2604044000-7f2608000000 ---p 00000000 00:00 0 
7f2608000000-7f2608021000 rw-p 00000000 00:00 0 
7f2608021000-7f260c000000 ---p 00000000 00:00 0 
7f260c000000-7f260c03c000 rw-p 00000000 00:00 0 
7f260c03c000-7f2610000000 ---p 00000000 00:00 0 
7f2610000000-7f2610021000 rw-p 00000000 00:00 0 
7f2610021000-7f2614000000 ---p 00000000 00:00 0 
7f2614000000-7f2614034000 rw-p 00000000 00:00 0 
7f2614034000-7f2618000000 ---p 00000000 00:00 0 
7f2618000000-7f2618100000 rw-p 00000000 00:00 0 
7f2618100000-7f2618150000 rw-p 00000000 00:00 0 
7f2618150000-7f2618200000 ---p 00000000 00:00 0 
7f2618200000-7f26184d0000 rw-p 00000000 00:00 0 
7f26184d0000-7f2618800000 ---p 00000000 00:00 0 
7f2618a00000-7f2618b00000 ---p 00000000 00:00 0 
7f2618b00000-7f26190af000 r--p 01122000 00:1c57 4611686019135190040      /nix/store/gpxl5qgg8kicmcvivwmybwjlpf7wh20l-graalvm17-ce-22.3.0/lib/libjvmcicompiler.so
7f26190af000-7f2619200000 r--p 00000000 00:00 0 
7f2619200000-7f261923d000 rw-p 00000000 00:00 0 
7f261923d000-7f261975d000 rw-p 0185f000 00:1c57 4611686019135190040      /nix/store/gpxl5qgg8kicmcvivwmybwjlpf7wh20l-graalvm17-ce-22.3.0/lib/libjvmcicompiler.so
7f261975d000-7f2619b44000 r--p 01d7f000 00:1c57 4611686019135190040      /nix/store/gpxl5qgg8kicmcvivwmybwjlpf7wh20l-graalvm17-ce-22.3.0/lib/libjvmcicompiler.so
7f2619c00000-7f2619ce0000 rw-p 00000000 00:00 0 
7f2619ce0000-7f2619f00000 rw-p 00000000 00:00 0 
7f2619f00000-7f261a000000 rw-p 00000000 00:00 0 
7f261a000000-7f261a100000 rw-p 00000000 00:00 0 
7f261a100000-7f261a280000 rw-p 00000000 00:00 0 
7f261a280000-7f261a300000 rw-p 00000000 00:00 0 
7f261a300000-7f261a400000 rw-p 00000000 00:00 0 
7f261a4b3000-7f2624000000 r--s 00000000 00:1c57 4611686019135192581      /nix/store/gpxl5qgg8kicmcvivwmybwjlpf7wh20l-graalvm17-ce-22.3.0/lib/modules
7f2624000000-7f262426d000 rw-p 00000000 00:00 0 
7f262426d000-7f2628000000 ---p 00000000 00:00 0 
7f2628000000-7f2628055000 rw-p 00000000 00:00 0 
7f2628055000-7f262c000000 ---p 00000000 00:00 0 
7f262c000000-7f262c021000 rw-p 00000000 00:00 0 
7f262c021000-7f2630000000 ---p 00000000 00:00 0 
7f2630000000-7f26301fa000 rw-p 00000000 00:00 0 
7f26301fa000-7f2634000000 ---p 00000000 00:00 0 
7f2634000000-7f2634021000 rw-p 00000000 00:00 0 
7f2634021000-7f2638000000 ---p 00000000 00:00 0 
7f2638c00000-7f2639400000 rw-p 00000000 00:00 0 
7f2639800000-7f2639900000 rw-p 00000000 00:00 0 
7f2639900000-7f2639a00000 rw-p 00000000 00:00 0 
7f2639a00000-7f2639b60000 rw-p 00000000 00:00 0 
7f2639b60000-7f263a000000 rw-p 00000000 00:00 0 
7f263a400000-7f263ac00000 rw-p 00000000 00:00 0 
7f263b800000-7f263b900000 rw-p 00000000 00:00 0 
7f263b900000-7f263bd00000 rw-p 00000000 00:00 0 
7f263bd00000-7f263be00000 rw-p 00000000 00:00 0 
7f263be00000-7f263c000000 rw-p 00000000 00:00 0 
7f263c000000-7f263c11b000 rw-p 00000000 00:00 0 
7f263c11b000-7f2640000000 ---p 00000000 00:00 0 
7f2640000000-7f2640022000 rw-p 00000000 00:00 0 
7f2640022000-7f2644000000 ---p 00000000 00:00 0 
7f2644000000-7f264447e000 rw-p 00000000 00:00 0 
7f264447e000-7f2648000000 ---p 00000000 00:00 0 
7f2648000000-7f2648071000 rw-p 00000000 00:00 0 
7f2648071000-7f264c000000 ---p 00000000 00:00 0 
7f264c000000-7f264c052000 rw-p 00000000 00:00 0 
7f264c052000-7f2650000000 ---p 00000000 00:00 0 
7f2650000000-7f2650021000 rw-p 00000000 00:00 0 
7f2650021000-7f2654000000 ---p 00000000 00:00 0 
7f2654000000-7f2654908000 rw-p 00000000 00:00 0 
7f2654908000-7f2658000000 ---p 00000000 00:00 0 
7f2658000000-7f2658021000 rw-p 00000000 00:00 0 
7f2658021000-7f265c000000 ---p 00000000 00:00 0 
7f265c000000-7f265c021000 rw-p 00000000 00:00 0 
7f265c021000-7f2660000000 ---p 00000000 00:00 0 
7f2660000000-7f2660021000 rw-p 00000000 00:00 0 
7f2660021000-7f2664000000 ---p 00000000 00:00 0 
7f2664000000-7f266410c000 rw-p 00000000 00:00 0 
7f266410c000-7f2668000000 ---p 00000000 00:00 0 
7f2668400000-7f2668500000 rw-p 00000000 00:00 0 
7f2668500000-7f2668600000 rw-p 00000000 00:00 0 
7f2668600000-7f2668b80000 rw-p 00000000 00:00 0 
7f2668b80000-7f2668c00000 rw-p 00000000 00:00 0 
7f2668c00000-7f2668c10000 r-xp 00000000 00:1c16 360                      /home/runner/.cache/jdt-language-server/config/org.eclipse.equinox.launcher/org.eclipse.equinox.launcher.gtk.linux.x86_64_1.2.400.v20211117-0650/eclipse_11600.so
7f2668c10000-7f2668e0f000 ---p 00010000 00:1c16 360                      /home/runner/.cache/jdt-language-server/config/org.eclipse.equinox.launcher/org.eclipse.equinox.launcher.gtk.linux.x86_64_1.2.400.v20211117-0650/eclipse_11600.so
7f2668e0f000-7f2668e10000 r--p 0000f000 00:1c16 360                      /home/runner/.cache/jdt-language-server/config/org.eclipse.equinox.launcher/org.eclipse.equinox.launcher.gtk.linux.x86_64_1.2.400.v20211117-0650/eclipse_11600.so
7f2668e10000-7f2668e11000 rw-p 00010000 00:1c16 360                      /home/runner/.cache/jdt-language-server/config/org.eclipse.equinox.launcher/org.eclipse.equinox.launcher.gtk.linux.x86_64_1.2.400.v20211117-0650/eclipse_11600.so
7f2669900000-7f2669904000 ---p 00000000 00:00 0 
7f2669904000-7f2669a00000 rw-p 00000000 00:00 0 
7f2669b00000-7f2669b04000 ---p 00000000 00:00 0 
7f2669b04000-7f2669c00000 rw-p 00000000 00:00 0 
7f2669c00000-7f2669c04000 ---p 00000000 00:00 0 
7f2669c04000-7f2669d00000 rw-p 00000000 00:00 0 
7f2669d00000-7f2669d04000 ---p 00000000 00:00 0 
7f2669d04000-7f2669e00000 rw-p 00000000 00:00 0 
7f2669f00000-7f2669f04000 ---p 00000000 00:00 0 
7f2669f04000-7f266a000000 rw-p 00000000 00:00 0 
7f266a100000-7f266a104000 ---p 00000000 00:00 0 
7f266a104000-7f266a200000 rw-p 00000000 00:00 0 
7f266a300000-7f266a304000 ---p 00000000 00:00 0 
7f266a304000-7f266a400000 rw-p 00000000 00:00 0 
7f266a500000-7f266a504000 ---p 00000000 00:00 0 
7f266a504000-7f266a600000 rw-p 00000000 00:00 0 
7f266a700000-7f266a704000 ---p 00000000 00:00 0 
7f266a704000-7f266a800000 rw-p 00000000 00:00 0 
7f266a800000-7f266a804000 ---p 00000000 00:00 0 
7f266a804000-7f266a900000 rw-p 00000000 00:00 0 
7f266a900000-7f266a904000 ---p 00000000 00:00 0 
7f266a904000-7f266aa00000 rw-p 00000000 00:00 0 
7f266ab00000-7f266ab04000 ---p 00000000 00:00 0 
7f266ab04000-7f266ac00000 rw-p 00000000 00:00 0 
7f266ac00000-7f266ac04000 ---p 00000000 00:00 0 
7f266ac04000-7f266ad00000 rw-p 00000000 00:00 0 
7f266ad00000-7f266ad04000 ---p 00000000 00:00 0 
7f266ad04000-7f266ae00000 rw-p 00000000 00:00 0 
7f266bba9000-7f266bf00000 rw-p 00000000 00:00 0 
7f266c000000-7f266c021000 rw-p 00000000 00:00 0 
7f266c021000-7f2670000000 ---p 00000000 00:00 0 
7f2670000000-7f2670021000 rw-p 00000000 00:00 0 
7f2670021000-7f2674000000 ---p 00000000 00:00 0 
7f2674000000-7f26740a9000 rw-p 00000000 00:00 0 
7f26740a9000-7f2678000000 ---p 00000000 00:00 0 
7f2678000000-7f2678021000 rw-p 00000000 00:00 0 
7f2678021000-7f267c000000 ---p 00000000 00:00 0 
7f267c000000-7f267c10f000 rw-p 00000000 00:00 0 
7f267c10f000-7f2680000000 ---p 00000000 00:00 0 
7f2680000000-7f2680bdb000 rw-p 00000000 00:00 0 
7f2680bdb000-7f2684000000 ---p 00000000 00:00 0 
7f2684000000-7f2684021000 rw-p 00000000 00:00 0 
7f2684021000-7f2688000000 ---p 00000000 00:00 0 
7f2688000000-7f2688021000 rw-p 00000000 00:00 0 
7f2688021000-7f268c000000 ---p 00000000 00:00 0 
7f268c000000-7f268c021000 rw-p 00000000 00:00 0 
7f268c021000-7f2690000000 ---p 00000000 00:00 0 
7f2690000000-7f2690021000 rw-p 00000000 00:00 0 
7f2690021000-7f2694000000 ---p 00000000 00:00 0 
7f2694000000-7f2694021000 rw-p 00000000 00:00 0 
7f2694021000-7f2698000000 ---p 00000000 00:00 0 
7f2698000000-7f2698021000 rw-p 00000000 00:00 0 
7f2698021000-7f269c000000 ---p 00000000 00:00 0 
7f269c000000-7f269c113000 rw-p 00000000 00:00 0 
7f269c113000-7f26a0000000 ---p 00000000 00:00 0 
7f26a0100000-7f26a0104000 ---p 00000000 00:00 0 
7f26a0104000-7f26a0200000 rw-p 00000000 00:00 0 
7f26a0300000-7f26a0304000 ---p 00000000 00:00 0 
7f26a0304000-7f26a0400000 rw-p 00000000 00:00 0 
7f26a0400000-7f26a0404000 ---p 00000000 00:00 0 
7f26a0404000-7f26a0500000 rw-p 00000000 00:00 0 
7f26a0500000-7f26a0504000 ---p 00000000 00:00 0 
7f26a0504000-7f26a0600000 rw-p 00000000 00:00 0 
7f26a0700000-7f26a0704000 ---p 00000000 00:00 0 
7f26a0704000-7f26a0800000 rw-p 00000000 00:00 0 
7f26a0800000-7f26a0804000 ---p 00000000 00:00 0 
7f26a0804000-7f26a0900000 rw-p 00000000 00:00 0 
7f26a0900000-7f26a0904000 ---p 00000000 00:00 0 
7f26a0904000-7f26a0a00000 rw-p 00000000 00:00 0 
7f26a0b00000-7f26a0b04000 ---p 00000000 00:00 0 
7f26a0b04000-7f26a0c00000 rw-p 00000000 00:00 0 
7f26a0d00000-7f26a0d04000 ---p 00000000 00:00 0 
7f26a0d04000-7f26a0e00000 rw-p 00000000 00:00 0 
7f26a0f00000-7f26a0f04000 ---p 00000000 00:00 0 
7f26a0f04000-7f26a1000000 rw-p 00000000 00:00 0 
7f26a1000000-7f26a316a000 r-xp 00000000 00:1c57 4611686019135190040      /nix/store/gpxl5qgg8kicmcvivwmybwjlpf7wh20l-graalvm17-ce-22.3.0/lib/libjvmcicompiler.so
7f26a316a000-7f26a3369000 ---p 0216a000 00:1c57 4611686019135190040      /nix/store/gpxl5qgg8kicmcvivwmybwjlpf7wh20l-graalvm17-ce-22.3.0/lib/libjvmcicompiler.so
7f26a3369000-7f26a336a000 r--p 02169000 00:1c57 4611686019135190040      /nix/store/gpxl5qgg8kicmcvivwmybwjlpf7wh20l-graalvm17-ce-22.3.0/lib/libjvmcicompiler.so
7f26a336a000-7f26a336c000 rw-p 0216a000 00:1c57 4611686019135190040      /nix/store/gpxl5qgg8kicmcvivwmybwjlpf7wh20l-graalvm17-ce-22.3.0/lib/libjvmcicompiler.so
7f26a336c000-7f26a336d000 rw-p 00000000 00:00 0 
7f26a336d000-7f26a3372000 rw-p 023c3000 00:1c57 4611686019135190040      /nix/store/gpxl5qgg8kicmcvivwmybwjlpf7wh20l-graalvm17-ce-22.3.0/lib/libjvmcicompiler.so
7f26a33b3000-7f26a33b7000 ---p 00000000 00:00 0 
7f26a33b7000-7f26a34b3000 rw-p 00000000 00:00 0 
7f26a34b3000-7f26a3723000 rwxp 00000000 00:00 0 
7f26a3723000-7f26a3a42000 ---p 00000000 00:00 0 
7f26a3a42000-7f26a5102000 rwxp 00000000 00:00 0 
7f26a5102000-7f26aaf7a000 ---p 00000000 00:00 0 
7f26aaf7a000-7f26ab2da000 rwxp 00000000 00:00 0 
7f26ab2da000-7f26b24b3000 ---p 00000000 00:00 0 
7f26b24b3000-7f26bc000000 r--s 00000000 00:1c57 4611686019135192581      /nix/store/gpxl5qgg8kicmcvivwmybwjlpf7wh20l-graalvm17-ce-22.3.0/lib/modules
7f26bc000000-7f26bc40e000 rw-p 00000000 00:00 0 
7f26bc40e000-7f26c0000000 ---p 00000000 00:00 0 
7f26c0000000-7f26c0004000 ---p 00000000 00:00 0 
7f26c0004000-7f26c0100000 rw-p 00000000 00:00 0 
7f26c0200000-7f26c0204000 ---p 00000000 00:00 0 
7f26c0204000-7f26c0300000 rw-p 00000000 00:00 0 
7f26c0300000-7f26c0304000 ---p 00000000 00:00 0 
7f26c0304000-7f26c0400000 rw-p 00000000 00:00 0 
7f26c0400000-7f26c0404000 ---p 00000000 00:00 0 
7f26c0404000-7f26c0500000 rw-p 00000000 00:00 0 
7f26c0505000-7f26c0646000 rw-p 00000000 00:00 0 
7f26c0646000-7f26c0647000 ---p 00000000 00:00 0 
7f26c0647000-7f26c0748000 rw-p 00000000 00:00 0 
7f26c0748000-7f26c074c000 ---p 00000000 00:00 0 
7f26c074c000-7f26c0848000 rw-p 00000000 00:00 0 
7f26c0848000-7f26c084c000 ---p 00000000 00:00 0 
7f26c084c000-7f26c0948000 rw-p 00000000 00:00 0 
7f26c0948000-7f26c094c000 ---p 00000000 00:00 0 
7f26c094c000-7f26c0a48000 rw-p 00000000 00:00 0 
7f26c0a48000-7f26c0a4c000 ---p 00000000 00:00 0 
7f26c0a4c000-7f26c0c48000 rw-p 00000000 00:00 0 
7f26c0c48000-7f26c0c4c000 ---p 00000000 00:00 0 
7f26c0c4c000-7f26c0e48000 rw-p 00000000 00:00 0 
7f26c0e48000-7f26c0e4c000 ---p 00000000 00:00 0 
7f26c0e4c000-7f26c0f48000 rw-p 00000000 00:00 0 
7f26c0f48000-7f26c0f4c000 ---p 00000000 00:00 0 
7f26c0f4c000-7f26c1048000 rw-p 00000000 00:00 0 
7f26c1048000-7f26c104c000 ---p 00000000 00:00 0 
7f26c104c000-7f26c1148000 rw-p 00000000 00:00 0 
7f26c1148000-7f26c142e000 r--p 00000000 00:1a1f 28444448                 /usr/lib/locale/locale-archive
7f26c142e000-7f26c1432000 ---p 00000000 00:00 0 
7f26c1432000-7f26c152e000 rw-p 00000000 00:00 0 
7f26c152e000-7f26c1532000 ---p 00000000 00:00 0 
7f26c1532000-7f26c162e000 rw-p 00000000 00:00 0 
7f26c162e000-7f26c162f000 ---p 00000000 00:00 0 
7f26c162f000-7f26c1730000 rw-p 00000000 00:00 0 
7f26c1730000-7f26c17fe000 r-xp 00000000 00:1c57 4611686019135190036      /nix/store/gpxl5qgg8kicmcvivwmybwjlpf7wh20l-graalvm17-ce-22.3.0/lib/libjsvml.so
7f26c17fe000-7f26c17ff000 r--p 000cd000 00:1c57 4611686019135190036      /nix/store/gpxl5qgg8kicmcvivwmybwjlpf7wh20l-graalvm17-ce-22.3.0/lib/libjsvml.so
7f26c17ff000-7f26c1800000 rw-p 000ce000 00:1c57 4611686019135190036      /nix/store/gpxl5qgg8kicmcvivwmybwjlpf7wh20l-graalvm17-ce-22.3.0/lib/libjsvml.so
7f26c1800000-7f26c1c00000 rw-p 00000000 00:00 0 
7f26c1c00000-7f26c1ec0000 rw-p 00000000 00:00 0 
7f26c1ec0000-7f26c1f00000 rw-p 00000000 00:00 0 
7f26c1f00000-7f26c2000000 rw-p 00000000 00:00 0 
7f26c202c000-7f26c202e000 r-xp 00000000 00:1c57 4611686019135190017      /nix/store/gpxl5qgg8kicmcvivwmybwjlpf7wh20l-graalvm17-ce-22.3.0/lib/libextnet.so
7f26c202e000-7f26c202f000 r--p 00001000 00:1c57 4611686019135190017      /nix/store/gpxl5qgg8kicmcvivwmybwjlpf7wh20l-graalvm17-ce-22.3.0/lib/libextnet.so
7f26c202f000-7f26c2030000 rw-p 00002000 00:1c57 4611686019135190017      /nix/store/gpxl5qgg8kicmcvivwmybwjlpf7wh20l-graalvm17-ce-22.3.0/lib/libextnet.so
7f26c2030000-7f26c2031000 rw-p 00004000 00:1c57 4611686019135190017      /nix/store/gpxl5qgg8kicmcvivwmybwjlpf7wh20l-graalvm17-ce-22.3.0/lib/libextnet.so
7f26c2031000-7f26c2035000 ---p 00000000 00:00 0 
7f26c2035000-7f26c2053000 rw-p 00000000 00:00 0 
7f26c2053000-7f26c205a000 r-xp 00000000 00:1c57 4611686019135192580      /nix/store/gpxl5qgg8kicmcvivwmybwjlpf7wh20l-graalvm17-ce-22.3.0/lib/libzip.so
7f26c205a000-7f26c205b000 ---p 00007000 00:1c57 4611686019135192580      /nix/store/gpxl5qgg8kicmcvivwmybwjlpf7wh20l-graalvm17-ce-22.3.0/lib/libzip.so
7f26c205b000-7f26c205c000 r--p 00007000 00:1c57 4611686019135192580      /nix/store/gpxl5qgg8kicmcvivwmybwjlpf7wh20l-graalvm17-ce-22.3.0/lib/libzip.so
7f26c205c000-7f26c205d000 rw-p 00008000 00:1c57 4611686019135192580      /nix/store/gpxl5qgg8kicmcvivwmybwjlpf7wh20l-graalvm17-ce-22.3.0/lib/libzip.so
7f26c205d000-7f26c205f000 rw-p 0000b000 00:1c57 4611686019135192580      /nix/store/gpxl5qgg8kicmcvivwmybwjlpf7wh20l-graalvm17-ce-22.3.0/lib/libzip.so
7f26c205f000-7f26c2074000 r-xp 00000000 00:1c57 4611686019135192570      /nix/store/gpxl5qgg8kicmcvivwmybwjlpf7wh20l-graalvm17-ce-22.3.0/lib/libnet.so
7f26c2074000-7f26c2075000 ---p 00015000 00:1c57 4611686019135192570      /nix/store/gpxl5qgg8kicmcvivwmybwjlpf7wh20l-graalvm17-ce-22.3.0/lib/libnet.so
7f26c2075000-7f26c2076000 r--p 00015000 00:1c57 4611686019135192570      /nix/store/gpxl5qgg8kicmcvivwmybwjlpf7wh20l-graalvm17-ce-22.3.0/lib/libnet.so
7f26c2076000-7f26c2077000 rw-p 00016000 00:1c57 4611686019135192570      /nix/store/gpxl5qgg8kicmcvivwmybwjlpf7wh20l-graalvm17-ce-22.3.0/lib/libnet.so
7f26c2077000-7f26c207a000 rw-p 0001b000 00:1c57 4611686019135192570      /nix/store/gpxl5qgg8kicmcvivwmybwjlpf7wh20l-graalvm17-ce-22.3.0/lib/libnet.so
7f26c207a000-7f26c208d000 r-xp 00000000 00:1c57 4611686019135192571      /nix/store/gpxl5qgg8kicmcvivwmybwjlpf7wh20l-graalvm17-ce-22.3.0/lib/libnio.so
7f26c208d000-7f26c208e000 r--p 00012000 00:1c57 4611686019135192571      /nix/store/gpxl5qgg8kicmcvivwmybwjlpf7wh20l-graalvm17-ce-22.3.0/lib/libnio.so
7f26c208e000-7f26c208f000 rw-p 00013000 00:1c57 4611686019135192571      /nix/store/gpxl5qgg8kicmcvivwmybwjlpf7wh20l-graalvm17-ce-22.3.0/lib/libnio.so
7f26c208f000-7f26c2094000 rw-p 00019000 00:1c57 4611686019135192571      /nix/store/gpxl5qgg8kicmcvivwmybwjlpf7wh20l-graalvm17-ce-22.3.0/lib/libnio.so
7f26c2094000-7f26c396c000 rw-p 00000000 00:00 0 
7f26c396c000-7f26c396d000 ---p 00000000 00:00 0 
7f26c396d000-7f26c3b18000 rw-p 00000000 00:00 0 
7f26c3b18000-7f26c3b3b000 rw-p 00000000 00:00 0 
7f26c3b3b000-7f26c3b6e000 ---p 00000000 00:00 0 
7f26c3b6e000-7f26c3b76000 rw-p 00000000 00:00 0 
7f26c3b76000-7f26c3c5a000 ---p 00000000 00:00 0 
7f26c3c5a000-7f26c3c88000 rw-p 00000000 00:00 0 
7f26c3c88000-7f26c3d45000 ---p 00000000 00:00 0 
7f26c3d45000-7f26c3d4a000 rw-p 00000000 00:00 0 
7f26c3d4a000-7f26c3d51000 ---p 00000000 00:00 0 
7f26c3d51000-7f26c3d75000 r-xp 00000000 00:1c57 4611686019135190028      /nix/store/gpxl5qgg8kicmcvivwmybwjlpf7wh20l-graalvm17-ce-22.3.0/lib/libjava.so
7f26c3d75000-7f26c3d76000 ---p 00024000 00:1c57 4611686019135190028      /nix/store/gpxl5qgg8kicmcvivwmybwjlpf7wh20l-graalvm17-ce-22.3.0/lib/libjava.so
7f26c3d76000-7f26c3d77000 r--p 00024000 00:1c57 4611686019135190028      /nix/store/gpxl5qgg8kicmcvivwmybwjlpf7wh20l-graalvm17-ce-22.3.0/lib/libjava.so
7f26c3d77000-7f26c3d78000 rw-p 00025000 00:1c57 4611686019135190028      /nix/store/gpxl5qgg8kicmcvivwmybwjlpf7wh20l-graalvm17-ce-22.3.0/lib/libjava.so
7f26c3d78000-7f26c3d79000 rw-p 00000000 00:00 0 
7f26c3d79000-7f26c3d80000 rw-p 0002f000 00:1c57 4611686019135190028      /nix/store/gpxl5qgg8kicmcvivwmybwjlpf7wh20l-graalvm17-ce-22.3.0/lib/libjava.so
7f26c3d80000-7f26c3d88000 rw-s 00000000 00:fa1 660                       /tmp/hsperfdata_runner/6870
7f26c3d88000-7f26c3d89000 ---p 00000000 00:00 0 
7f26c3d89000-7f26c3d8a000 r--p 00000000 00:00 0 
7f26c3d8a000-7f26c3d8b000 rwxp 00000000 00:00 0 
7f26c3d8b000-7f26c3da6000 r-xp 00000000 00:1c57 4611686019135190032      /nix/store/gpxl5qgg8kicmcvivwmybwjlpf7wh20l-graalvm17-ce-22.3.0/lib/libjimage.so
7f26c3da6000-7f26c3da7000 ---p 0001b000 00:1c57 4611686019135190032      /nix/store/gpxl5qgg8kicmcvivwmybwjlpf7wh20l-graalvm17-ce-22.3.0/lib/libjimage.so
7f26c3da7000-7f26c3da9000 r--p 0001b000 00:1c57 4611686019135190032      /nix/store/gpxl5qgg8kicmcvivwmybwjlpf7wh20l-graalvm17-ce-22.3.0/lib/libjimage.so
7f26c3da9000-7f26c3daa000 rw-p 0001d000 00:1c57 4611686019135190032      /nix/store/gpxl5qgg8kicmcvivwmybwjlpf7wh20l-graalvm17-ce-22.3.0/lib/libjimage.so
7f26c3daa000-7f26c3dab000 rw-p 00024000 00:1c57 4611686019135190032      /nix/store/gpxl5qgg8kicmcvivwmybwjlpf7wh20l-graalvm17-ce-22.3.0/lib/libjimage.so
7f26c3dab000-7f26c3daf000 ---p 00000000 00:00 0 
7f26c3daf000-7f26c3eab000 rw-p 00000000 00:00 0 
7f26c3eab000-7f26c3eb9000 r--p 00000000 00:1c57 4611686019027979927      /nix/store/4nlgxhb09sdr51nc9hdm8az5b08vzkgx-glibc-2.35-163/lib/libm.so.6
7f26c3eb9000-7f26c3f2c000 r-xp 0000e000 00:1c57 4611686019027979927      /nix/store/4nlgxhb09sdr51nc9hdm8az5b08vzkgx-glibc-2.35-163/lib/libm.so.6
7f26c3f2c000-7f26c3f89000 r--p 00081000 00:1c57 4611686019027979927      /nix/store/4nlgxhb09sdr51nc9hdm8az5b08vzkgx-glibc-2.35-163/lib/libm.so.6
7f26c3f89000-7f26c3f8a000 r--p 000dd000 00:1c57 4611686019027979927      /nix/store/4nlgxhb09sdr51nc9hdm8az5b08vzkgx-glibc-2.35-163/lib/libm.so.6
7f26c3f8a000-7f26c3f8b000 rw-p 000de000 00:1c57 4611686019027979927      /nix/store/4nlgxhb09sdr51nc9hdm8az5b08vzkgx-glibc-2.35-163/lib/libm.so.6
7f26c3f8b000-7f26c3f8c000 r--p 00000000 00:1c57 4611686019027979946      /nix/store/4nlgxhb09sdr51nc9hdm8az5b08vzkgx-glibc-2.35-163/lib/librt.so.1
7f26c3f8c000-7f26c3f8d000 r-xp 00001000 00:1c57 4611686019027979946      /nix/store/4nlgxhb09sdr51nc9hdm8az5b08vzkgx-glibc-2.35-163/lib/librt.so.1
7f26c3f8d000-7f26c3f8e000 r--p 00002000 00:1c57 4611686019027979946      /nix/store/4nlgxhb09sdr51nc9hdm8az5b08vzkgx-glibc-2.35-163/lib/librt.so.1
7f26c3f8e000-7f26c3f8f000 r--p 00002000 00:1c57 4611686019027979946      /nix/store/4nlgxhb09sdr51nc9hdm8az5b08vzkgx-glibc-2.35-163/lib/librt.so.1
7f26c3f8f000-7f26c3f90000 rw-p 00003000 00:1c57 4611686019027979946      /nix/store/4nlgxhb09sdr51nc9hdm8az5b08vzkgx-glibc-2.35-163/lib/librt.so.1
7f26c3f90000-7f26c50a3000 r-xp 00000000 00:1c57 4611686019135360866      /nix/store/gpxl5qgg8kicmcvivwmybwjlpf7wh20l-graalvm17-ce-22.3.0/lib/server/libjvm.so
7f26c50a3000-7f26c50a4000 ---p 01113000 00:1c57 4611686019135360866      /nix/store/gpxl5qgg8kicmcvivwmybwjlpf7wh20l-graalvm17-ce-22.3.0/lib/server/libjvm.so
7f26c50a4000-7f26c5159000 r--p 01113000 00:1c57 4611686019135360866      /nix/store/gpxl5qgg8kicmcvivwmybwjlpf7wh20l-graalvm17-ce-22.3.0/lib/server/libjvm.so
7f26c5159000-7f26c518d000 rw-p 011c8000 00:1c57 4611686019135360866      /nix/store/gpxl5qgg8kicmcvivwmybwjlpf7wh20l-graalvm17-ce-22.3.0/lib/server/libjvm.so
7f26c518d000-7f26c51e9000 rw-p 00000000 00:00 0 
7f26c51e9000-7f26c5211000 r--p 00000000 00:1c57 4611686019027979918      /nix/store/4nlgxhb09sdr51nc9hdm8az5b08vzkgx-glibc-2.35-163/lib/libc.so.6
7f26c5211000-7f26c5387000 r-xp 00028000 00:1c57 4611686019027979918      /nix/store/4nlgxhb09sdr51nc9hdm8az5b08vzkgx-glibc-2.35-163/lib/libc.so.6
7f26c5387000-7f26c53df000 r--p 0019e000 00:1c57 4611686019027979918      /nix/store/4nlgxhb09sdr51nc9hdm8az5b08vzkgx-glibc-2.35-163/lib/libc.so.6
7f26c53df000-7f26c53e3000 r--p 001f6000 00:1c57 4611686019027979918      /nix/store/4nlgxhb09sdr51nc9hdm8az5b08vzkgx-glibc-2.35-163/lib/libc.so.6
7f26c53e3000-7f26c53e5000 rw-p 001fa000 00:1c57 4611686019027979918      /nix/store/4nlgxhb09sdr51nc9hdm8az5b08vzkgx-glibc-2.35-163/lib/libc.so.6
7f26c53e5000-7f26c53f4000 rw-p 00000000 00:00 0 
7f26c53f4000-7f26c53f5000 r--p 00000000 00:1c57 4611686019027979923      /nix/store/4nlgxhb09sdr51nc9hdm8az5b08vzkgx-glibc-2.35-163/lib/libdl.so.2
7f26c53f5000-7f26c53f6000 r-xp 00001000 00:1c57 4611686019027979923      /nix/store/4nlgxhb09sdr51nc9hdm8az5b08vzkgx-glibc-2.35-163/lib/libdl.so.2
7f26c53f6000-7f26c53f7000 r--p 00002000 00:1c57 4611686019027979923      /nix/store/4nlgxhb09sdr51nc9hdm8az5b08vzkgx-glibc-2.35-163/lib/libdl.so.2
7f26c53f7000-7f26c53f8000 r--p 00002000 00:1c57 4611686019027979923      /nix/store/4nlgxhb09sdr51nc9hdm8az5b08vzkgx-glibc-2.35-163/lib/libdl.so.2
7f26c53f8000-7f26c53f9000 rw-p 00003000 00:1c57 4611686019027979923      /nix/store/4nlgxhb09sdr51nc9hdm8az5b08vzkgx-glibc-2.35-163/lib/libdl.so.2
7f26c53f9000-7f26c53fa000 r--p 00000000 00:1c57 4611686019027979942      /nix/store/4nlgxhb09sdr51nc9hdm8az5b08vzkgx-glibc-2.35-163/lib/libpthread.so.0
7f26c53fa000-7f26c53fb000 r-xp 00001000 00:1c57 4611686019027979942      /nix/store/4nlgxhb09sdr51nc9hdm8az5b08vzkgx-glibc-2.35-163/lib/libpthread.so.0
7f26c53fb000-7f26c53fc000 r--p 00002000 00:1c57 4611686019027979942      /nix/store/4nlgxhb09sdr51nc9hdm8az5b08vzkgx-glibc-2.35-163/lib/libpthread.so.0
7f26c53fc000-7f26c53fd000 r--p 00002000 00:1c57 4611686019027979942      /nix/store/4nlgxhb09sdr51nc9hdm8az5b08vzkgx-glibc-2.35-163/lib/libpthread.so.0
7f26c53fd000-7f26c53fe000 rw-p 00003000 00:1c57 4611686019027979942      /nix/store/4nlgxhb09sdr51nc9hdm8az5b08vzkgx-glibc-2.35-163/lib/libpthread.so.0
7f26c53fe000-7f26c540c000 r-xp 00000000 00:1c57 4611686019135190033      /nix/store/gpxl5qgg8kicmcvivwmybwjlpf7wh20l-graalvm17-ce-22.3.0/lib/libjli.so
7f26c540c000-7f26c540d000 ---p 0000e000 00:1c57 4611686019135190033      /nix/store/gpxl5qgg8kicmcvivwmybwjlpf7wh20l-graalvm17-ce-22.3.0/lib/libjli.so
7f26c540d000-7f26c540e000 r--p 0000e000 00:1c57 4611686019135190033      /nix/store/gpxl5qgg8kicmcvivwmybwjlpf7wh20l-graalvm17-ce-22.3.0/lib/libjli.so
7f26c540e000-7f26c540f000 rw-p 0000f000 00:1c57 4611686019135190033      /nix/store/gpxl5qgg8kicmcvivwmybwjlpf7wh20l-graalvm17-ce-22.3.0/lib/libjli.so
7f26c540f000-7f26c5410000 rw-p 00012000 00:1c57 4611686019135190033      /nix/store/gpxl5qgg8kicmcvivwmybwjlpf7wh20l-graalvm17-ce-22.3.0/lib/libjli.so
7f26c5410000-7f26c5413000 r--p 00000000 00:1c57 4611686019106210071      /nix/store/026hln0aq1hyshaxsdvhg0kmcm6yf45r-zlib-1.2.13/lib/libz.so.1.2.13
7f26c5413000-7f26c5425000 r-xp 00003000 00:1c57 4611686019106210071      /nix/store/026hln0aq1hyshaxsdvhg0kmcm6yf45r-zlib-1.2.13/lib/libz.so.1.2.13
7f26c5425000-7f26c542c000 r--p 00015000 00:1c57 4611686019106210071      /nix/store/026hln0aq1hyshaxsdvhg0kmcm6yf45r-zlib-1.2.13/lib/libz.so.1.2.13
7f26c542c000-7f26c542d000 r--p 0001b000 00:1c57 4611686019106210071      /nix/store/026hln0aq1hyshaxsdvhg0kmcm6yf45r-zlib-1.2.13/lib/libz.so.1.2.13
7f26c542d000-7f26c542e000 rw-p 0001c000 00:1c57 4611686019106210071      /nix/store/026hln0aq1hyshaxsdvhg0kmcm6yf45r-zlib-1.2.13/lib/libz.so.1.2.13
7f26c542e000-7f26c5430000 rw-p 00000000 00:00 0 
7f26c5430000-7f26c5432000 r--p 00000000 00:1c57 4611686019027979912      /nix/store/4nlgxhb09sdr51nc9hdm8az5b08vzkgx-glibc-2.35-163/lib/ld-linux-x86-64.so.2
7f26c5432000-7f26c5459000 r-xp 00002000 00:1c57 4611686019027979912      /nix/store/4nlgxhb09sdr51nc9hdm8az5b08vzkgx-glibc-2.35-163/lib/ld-linux-x86-64.so.2
7f26c5459000-7f26c5465000 r--p 00029000 00:1c57 4611686019027979912      /nix/store/4nlgxhb09sdr51nc9hdm8az5b08vzkgx-glibc-2.35-163/lib/ld-linux-x86-64.so.2
7f26c5465000-7f26c5467000 r--p 00034000 00:1c57 4611686019027979912      /nix/store/4nlgxhb09sdr51nc9hdm8az5b08vzkgx-glibc-2.35-163/lib/ld-linux-x86-64.so.2
7f26c5467000-7f26c5469000 rw-p 00036000 00:1c57 4611686019027979912      /nix/store/4nlgxhb09sdr51nc9hdm8az5b08vzkgx-glibc-2.35-163/lib/ld-linux-x86-64.so.2
7ffd14b4a000-7ffd14b6e000 rw-p 00000000 00:00 0                          [stack]
7ffd14ba6000-7ffd14baa000 r--p 00000000 00:00 0                          [vvar]
7ffd14baa000-7ffd14bac000 r-xp 00000000 00:00 0                          [vdso]
ffffffffff600000-ffffffffff601000 --xp 00000000 00:00 0                  [vsyscall]


VM Arguments:
jvm_args: -XX:ThreadPriorityPolicy=1 -XX:+UnlockExperimentalVMOptions -XX:+EnableJVMCIProduct -XX:JVMCIThreadsPerNativeLibraryRuntime=1 -XX:-UnlockExperimentalVMOptions -Declipse.application=org.eclipse.jdt.ls.core.id1 -Dosgi.bundles.defaultStartLevel=4 -Declipse.product=org.eclipse.jdt.ls.core.product -Dlog.level=ALL -Xverify:none -XX:+UseParallelGC -XX:GCTimeRatio=4 -XX:AdaptiveSizePolicyWeight=90 -Dsun.zip.disableMemoryMapping=true -Xmx512m -Xms100m 
java_command: /nix/store/m6gcpi1ii6rghy04cjwjddcavv7i90df-jdt-language-server-1.9.0/share/java/plugins/org.eclipse.equinox.launcher_1.6.400.v20210924-0641.jar --add-modules=ALL-SYSTEM --add-opens java.base/java.util=ALL-UNNAMED --add-opens java.base/java.lang=ALL-UNNAMED -configuration /home/runner/.cache/jdt-language-server/config -data /home/runner/.cache/jdt-language-server/data/home/runner/summativeProject
java_class_path (initial): /nix/store/m6gcpi1ii6rghy04cjwjddcavv7i90df-jdt-language-server-1.9.0/share/java/plugins/org.eclipse.equinox.launcher_1.6.400.v20210924-0641.jar
Launcher Type: SUN_STANDARD

[Global flags]
    uintx AdaptiveSizePolicyWeight                 = 90                                        {product} {command line}
     intx CICompilerCount                          = 2                                         {product} {ergonomic}
     bool EnableJVMCIProduct                       = true                                {JVMCI product} {jimage}
    uintx GCTimeRatio                              = 4                                         {product} {command line}
   size_t InitialHeapSize                          = 104857600                                 {product} {command line}
     uint JVMCIThreadsPerNativeLibraryRuntime      = 1                                   {JVMCI product} {jimage}
   size_t MaxHeapSize                              = 536870912                                 {product} {command line}
   size_t MaxNewSize                               = 178782208                                 {product} {ergonomic}
   size_t MinHeapDeltaBytes                        = 524288                                    {product} {ergonomic}
   size_t MinHeapSize                              = 104857600                                 {product} {command line}
   size_t NewSize                                  = 34603008                                  {product} {ergonomic}
    uintx NonNMethodCodeHeapSize                   = 5826188                                {pd product} {ergonomic}
    uintx NonProfiledCodeHeapSize                  = 122916026                              {pd product} {ergonomic}
   size_t OldSize                                  = 70254592                                  {product} {ergonomic}
    uintx ProfiledCodeHeapSize                     = 122916026                              {pd product} {ergonomic}
    uintx ReservedCodeCacheSize                    = 251658240                              {pd product} {ergonomic}
     bool SegmentedCodeCache                       = true                                      {product} {ergonomic}
   size_t SoftMaxHeapSize                          = 536870912                              {manageable} {ergonomic}
     intx ThreadPriorityPolicy                     = 1                                         {product} {jimage}
     bool UseCompressedClassPointers               = true                           {product lp64_product} {ergonomic}
     bool UseCompressedOops                        = true                           {product lp64_product} {ergonomic}
     bool UseParallelGC                            = true                                      {product} {command line}

Logging:
Log output configuration:
 #0: stdout all=warning uptime,level,tags
 #1: stderr all=off uptime,level,tags

Environment Variables:
JAVA_HOME=/nix/store/gpxl5qgg8kicmcvivwmybwjlpf7wh20l-graalvm17-ce-22.3.0
PATH=/nix/store/1d6ian3r8kdzspw8hacjhl3xkp40g1lj-binutils-wrapper-2.39/bin:/nix/store/dq0xwmsk1g0i2ayg6pb7y87na2knzylh-gcc-wrapper-11.3.0/bin:/nix/store/bap4d0lpcrhpwmpb8ayjcgkmvfj62lnq-bash-interactive-5.1-p16/bin:/nix/store/pr5n59mb4jzmfx6kanwxly0l07p861fg-patchelf-0.15.0/bin:/nix/store/1gf2flfqnpqbr1b4p4qz2f72y42bs56r-gcc-11.3.0/bin:/nix/store/57xv61c5zi8pphjbcwxxjlgc34p61ic9-glibc-2.35-163-bin/bin:/nix/store/a7gvj343m05j2s32xcnwr35v31ynlypr-coreutils-9.1/bin:/nix/store/039g378vc3pc3dvi9dzdlrd0i4q93qwf-binutils-2.39/bin:/nix/store/gpxl5qgg8kicmcvivwmybwjlpf7wh20l-graalvm17-ce-22.3.0/bin:/nix/store/6z9ag3ihc8mq2hzsw48lhbznvzny65nz-apache-maven-3.8.6/bin:/nix/store/m6gcpi1ii6rghy04cjwjddcavv7i90df-jdt-language-server-1.9.0/bin:/nix/store/84xs5alhs01zrbr4ywm05kxbjbp5590l-java-debug/bin:/nix/store/mydc6f4k2z73xlcz7ilif3v2lcaiqvza-findutils-4.9.0/bin:/nix/store/j9p3g8472iijd50vhdprx0nmk2fqn5gv-diffutils-3.8/bin:/nix/store/89zs7rms6x00xfq4dq6m7mjnhkr8a6r4-gnused-4.8/bin:/nix/store/86bp03jkmsl6f92w0yzg4s59g5mhxwmy-gnugrep-3.7/bin:/nix/store/hwcdqw4jrjnd37wxqgsd47hd0j8bnj09-gawk-5.1.1/bin:/nix/store/cfbhw8r8ags41vwqaz47r583d0p4h4a1-gnutar-1.34/bin:/nix/store/p3m1ndl1lapwrlh698bnb5lvvxh67378-gzip-1.12/bin:/nix/store/a8mhcagrsly7c7mpjrpsnaahk4aax056-bzip2-1.0.8-bin/bin:/nix/store/mblgz65m3zv9x548a3d5m96fj2pbwr09-gnumake-4.3/bin:/nix/store/dsd5gz46hdbdk2rfdimqddhq6m8m8fqs-bash-5.1-p16/bin:/nix/store/v7ljksji50mg3w61dykaa3n3y79n6nil-patch-2.7.6/bin:/nix/store/zlcnmqq14jz5x9439jf937mvayyl63da-xz-5.2.7-bin/bin:/nix/store/y6aj732zm9m87c82fpvf103a1xb22blp-file-5.43/bin:/nix/store/i4kzir3m7mrisxmf5xvlnkw01x4qaqr4-prybar-elisp-0.0.0-e0d9a52/bin:/nix/store/lwwivxf6h7x3cvxp9zv8sj0mv7dak99r-prybar-lua-0.0.0-e0d9a52/bin:/nix/store/gxj28g1cg4hq3qanmjv07156h800qr58-prybar-python3-0.0.0-e0d9a52/bin:/nix/store/hshkjnxrgidigf8x75vg6lqng2xlx9i3-prybar-sqlite-0.0.0-e0d9a52/bin:/nix/store/c4w01bpjgyy5ixmwdk8m1pw87zq4sl26-prybar-tcl-0.0.0-e0d9a52/bin:/nix/store/hpbvrlwd5viqmvcaisb3x0118i913a9n-st
LD_LIBRARY_PATH=/nix/store/a4pff549sk2idnkpzk5nsfps3mdkdnvm-cups-2.4.2-lib/lib:/nix/store/72mqxxhh3cy5yifh92wh2yb8cl2hikyy-cairo-1.16.0/lib:/nix/store/2k366jrbsra97gjfxwvrhvixjfxdach5-glib-2.74.1/lib:/nix/store/2j2znigd8ak37rlwh9khz0ry3clqlw1l-gtk+3-3.24.34/lib:/nix/store/hisqvx32cd57apbpcsnkpx6k3549wql1-libglvnd-1.4.0/lib:/nix/store/p36pgcv991mq5srvg765b78yqpxvk3qs-mesa-21.3.3-drivers/lib:/nix/store/mav4251if1ahjq5vkpwycyyvnmy459c4-pulseaudio-14.2/lib
DISPLAY=:0
LANG=en_US.UTF-8

Signal Handlers:
   SIGSEGV: crash_handler in libjvm.so, mask=11100100010111111101111111111110, flags=SA_RESTART|SA_SIGINFO
    SIGBUS: crash_handler in libjvm.so, mask=11100100010111111101111111111110, flags=SA_RESTART|SA_SIGINFO
    SIGFPE: crash_handler in libjvm.so, mask=11100100010111111101111111111110, flags=SA_RESTART|SA_SIGINFO
   SIGPIPE: IsolateEnterStub_IgnoreSIGPIPEStartupHook_noopSignalHandler_8f19bff2f35b5f630d83b364d6b2339320d4ec70_216e8361c6bc87a8f89f58cc10d3b2fd4415bf87 in libjvmcicompiler.so, mask=00000000000000000000000000000000, flags=SA_RESTART
  *** Handler was modified!
  *** Expected: javaSignalHandler in libjvm.so, mask=11100100110111111111111111111110, flags=SA_RESTART|SA_SIGINFO
   SIGXFSZ: javaSignalHandler in libjvm.so, mask=11100100010111111101111111111110, flags=SA_RESTART|SA_SIGINFO
    SIGILL: crash_handler in libjvm.so, mask=11100100010111111101111111111110, flags=SA_RESTART|SA_SIGINFO
   SIGUSR2: SR_handler in libjvm.so, mask=00000000000000000000000000000000, flags=SA_RESTART|SA_SIGINFO
    SIGHUP: UserHandler in libjvm.so, mask=11100100010111111101111111111110, flags=SA_RESTART|SA_SIGINFO
    SIGINT: UserHandler in libjvm.so, mask=11100100010111111101111111111110, flags=SA_RESTART|SA_SIGINFO
   SIGTERM: UserHandler in libjvm.so, mask=11100100010111111101111111111110, flags=SA_RESTART|SA_SIGINFO
   SIGQUIT: UserHandler in libjvm.so, mask=11100100010111111101111111111110, flags=SA_RESTART|SA_SIGINFO
  *** Handler was modified!
  *** Expected: javaSignalHandler in libjvm.so, mask=11100100110111111111111111111110, flags=SA_RESTART|SA_SIGINFO
   SIGTRAP: crash_handler in libjvm.so, mask=11100100010111111101111111111110, flags=SA_RESTART|SA_SIGINFO


---------------  S Y S T E M  ---------------

OS:
DISTRIB_ID=Ubuntu
DISTRIB_RELEASE=20.04
DISTRIB_CODENAME=focal
DISTRIB_DESCRIPTION="Ubuntu 20.04.2 LTS"
uname: Linux 5.19.0-1025-gcp #27~22.04.1-Ubuntu SMP Wed May 24 03:53:01 UTC 2023 x86_64
OS uptime: 0 days 11:02 hours
libc: glibc 2.35 NPTL 2.35 
rlimit (soft/hard): STACK 8192k/infinity , CORE infinity/infinity , NPROC infinity/infinity , NOFILE 5242/5242 , AS infinity/infinity , CPU infinity/infinity , DATA infinity/infinity , FSIZE infinity/infinity , MEMLOCK 8192k/8192k
load average: 4.76 6.69 7.10

/proc/meminfo:
MemTotal:       65852244 kB
MemFree:        15338108 kB
MemAvailable:   44381084 kB
Buffers:         4144164 kB
Cached:         23580312 kB
SwapCached:            0 kB
Active:         12394696 kB
Inactive:       34062924 kB
Active(anon):      17168 kB
Inactive(anon): 18427328 kB
Active(file):   12377528 kB
Inactive(file): 15635596 kB
Unevictable:       56768 kB
Mlocked:           56768 kB
SwapTotal:             0 kB
SwapFree:              0 kB
Zswap:                 0 kB
Zswapped:              0 kB
Dirty:              5412 kB
Writeback:             0 kB
AnonPages:      17712124 kB
Mapped:          1760016 kB
Shmem:             31228 kB
KReclaimable:    1756452 kB
Slab:            2898496 kB
SReclaimable:    1756452 kB
SUnreclaim:      1142044 kB
KernelStack:      460108 kB
PageTables:       207716 kB
NFS_Unstable:          0 kB
Bounce:                0 kB
WritebackTmp:          0 kB
CommitLimit:    32926120 kB
Committed_AS:   70444544 kB
VmallocTotal:   34359738367 kB
VmallocUsed:      501388 kB
VmallocChunk:          0 kB
Percpu:            64096 kB
HardwareCorrupted:     0 kB
AnonHugePages:   2217984 kB
ShmemHugePages:        0 kB
ShmemPmdMapped:        0 kB
FileHugePages:         0 kB
FilePmdMapped:         0 kB
HugePages_Total:       0
HugePages_Free:        0
HugePages_Rsvd:        0
HugePages_Surp:        0
Hugepagesize:       2048 kB
Hugetlb:               0 kB
DirectMap4k:     9280312 kB
DirectMap2M:    54679552 kB
DirectMap1G:     5242880 kB

/sys/kernel/mm/transparent_hugepage/enabled: always [madvise] never
/sys/kernel/mm/transparent_hugepage/defrag (defrag/compaction efforts parameter): always defer defer+madvise [madvise] never

Process Memory:
Virtual Size: 5262424K (peak: 5335848K)
Resident Set Size: 781588K (peak: 813980K) (anon: 587448K, file: 194140K, shmem: 0K)
Swapped out: 0K
C-Heap outstanding allocations: 42293K, retained: 16810K
glibc malloc tunables: (default)

/proc/sys/kernel/threads-max (system-wide limit on the number of threads): 514406
/proc/sys/vm/max_map_count (maximum number of memory map areas a process may have): 65530
/proc/sys/kernel/pid_max (system-wide limit on number of process identifiers): 4194304

container (cgroup) information:
container_type: cgroupv1
cpu_cpuset_cpus: 2-7
cpu_memory_nodes: 0
active_processor_count: 1
cpu_quota: 50000
cpu_period: 100000
cpu_shares: 512
memory_limit_in_bytes: 1048576 k
memory_and_swap_limit_in_bytes: 1048576 k
memory_soft_limit_in_bytes: 524288 k
memory_usage_in_bytes: 651800 k
memory_max_usage_in_bytes: 771000 k
maximum number of tasks: 1000
current number of tasks: 46

KVM virtualization detected
Steal ticks since vm start: 0
Steal ticks percentage since vm start:  0.000

CPU: total 8 (initial active 1) (8 cores per cpu, 2 threads per core) family 23 model 49 stepping 0 microcode 0xffffffff, cx8, cmov, fxsr, ht, mmx, 3dnowpref, sse, sse2, sse3, ssse3, sse4a, sse4.1, sse4.2, popcnt, lzcnt, tsc, tscinvbit, avx, avx2, aes, clmul, bmi1, bmi2, adx, sha, fma, vzeroupper, clflush, clflushopt, hv
CPU Model and flags from /proc/cpuinfo:
model name	: AMD EPYC 7B12
flags		: fpu vme de pse tsc msr pae mce cx8 apic sep mtrr pge mca cmov pat pse36 clflush mmx fxsr sse sse2 ht syscall nx mmxext fxsr_opt pdpe1gb rdtscp lm constant_tsc rep_good nopl nonstop_tsc cpuid extd_apicid tsc_known_freq pni pclmulqdq ssse3 fma cx16 sse4_1 sse4_2 movbe popcnt aes xsave avx f16c rdrand hypervisor lahf_lm cmp_legacy cr8_legacy abm sse4a misalignsse 3dnowprefetch osvw topoext ssbd ibrs ibpb stibp vmmcall fsgsbase tsc_adjust bmi1 avx2 smep bmi2 rdseed adx smap clflushopt clwb sha_ni xsaveopt xsavec xgetbv1 clzero xsaveerptr arat npt nrip_save umip rdpid

Online cpus: 0-7
Offline cpus: 
BIOS frequency limitation: <Not Available>
Frequency switch latency (ns): <Not Available>
Available cpu frequencies: <Not Available>
Current governor: <Not Available>
Core performance/turbo boost: <Not Available>

Memory: 4k page, physical 1048576k(396768k free), swap 0k(0k free)
Page Sizes: 4k

vm_info: OpenJDK 64-Bit Server VM (17.0.5+8-jvmci-22.3-b08) for linux-amd64 JRE (17.0.5+8-jvmci-22.3-b08), built on Oct 19 2022 09:01:27 by "buildslave" with gcc 10.3.0

END.
