#
# A fatal error has been detected by the Java Runtime Environment:
#
#  Internal Error (jvmciRuntime.cpp:1609), pid=3705, tid=3719
#  fatal error: Fatal exception in JVMCI: Error calling jdk.vm.ci.services.Services.serializeSavedProperties
#
# JRE version: OpenJDK Runtime Environment GraalVM CE 22.3.0 (17.0.5+8) (build 17.0.5+8-jvmci-22.3-b08)
# Java VM: OpenJDK 64-Bit Server VM GraalVM CE 22.3.0 (17.0.5+8-jvmci-22.3-b08, mixed mode, sharing, tiered, jvmci, jvmci compiler, compressed oops, compressed class ptrs, parallel gc, linux-amd64)
# Problematic frame:
# V  [libjvm.so+0x972714]  JVMCIRuntime::fatal_exception(JVMCIEnv*, char const*)+0x74
#
# Core dump will be written. Default location: Core dumps may be processed with "/usr/share/apport/apport -p%p -s%s -c%c -d%d -P%P -u%u -g%g -- %E" (or dumping to /home/runner/summativeProject/core.3705)
#
# If you would like to submit a bug report, please visit:
#   https://github.com/oracle/graal/issues
#

---------------  S U M M A R Y ------------

Command Line: -XX:ThreadPriorityPolicy=1 -XX:+UnlockExperimentalVMOptions -XX:+EnableJVMCIProduct -XX:JVMCIThreadsPerNativeLibraryRuntime=1 -XX:-UnlockExperimentalVMOptions -Declipse.application=org.eclipse.jdt.ls.core.id1 -Dosgi.bundles.defaultStartLevel=4 -Declipse.product=org.eclipse.jdt.ls.core.product -Dlog.level=ALL -Xverify:none -XX:+UseParallelGC -XX:GCTimeRatio=4 -XX:AdaptiveSizePolicyWeight=90 -Dsun.zip.disableMemoryMapping=true -Xmx512m -Xms100m /nix/store/m6gcpi1ii6rghy04cjwjddcavv7i90df-jdt-language-server-1.9.0/share/java/plugins/org.eclipse.equinox.launcher_1.6.400.v20210924-0641.jar --add-modules=ALL-SYSTEM --add-opens java.base/java.util=ALL-UNNAMED --add-opens java.base/java.lang=ALL-UNNAMED -configuration /home/runner/.cache/jdt-language-server/config -data /home/runner/.cache/jdt-language-server/data/home/runner/summativeProject

Host: AMD EPYC 7B12, 8 cores, 1G, Ubuntu 20.04.2 LTS
Time: Wed Jun  7 22:49:16 2023 UTC elapsed time: 1145.997443 seconds (0d 0h 19m 5s)

---------------  T H R E A D  ---------------

Current thread (0x00007f3bbc0b21e0):  JavaThread "JVMCI-native CompilerThread0" daemon [_thread_in_vm, id=3719, stack(0x00007f3ba2ccd000,0x00007f3ba2ecd000)]


Current CompileTask:
JVMCI-native:1145997 9327       4       org.eclipse.osgi.internal.framework.EquinoxContainer::checkAdminPermission (27 bytes)

Stack: [0x00007f3ba2ccd000,0x00007f3ba2ecd000],  sp=0x00007f3ba2ecb380,  free space=2040k
Native frames: (J=compiled Java code, j=interpreted, Vv=VM code, C=native code)
V  [libjvm.so+0x972714]  JVMCIRuntime::fatal_exception(JVMCIEnv*, char const*)+0x74
V  [libjvm.so+0x93e2fe]  JVMCIEnv::copy_saved_properties()+0x14e
V  [libjvm.so+0x9732a9]  JVMCIRuntime::initialize(JVMCIEnv*)+0xb19
V  [libjvm.so+0x9738a2]  JVMCIRuntime::get_HotSpotJVMCIRuntime(JVMCIEnv*)+0x12
V  [libjvm.so+0x9749f2]  JVMCIRuntime::compile_method(JVMCIEnv*, JVMCICompiler*, methodHandle const&, int)+0xd2
V  [libjvm.so+0x5b0d20]  CompileBroker::invoke_compiler_on_method(CompileTask*)+0x1470
V  [libjvm.so+0x5b12e8]  CompileBroker::compiler_thread_loop()+0x528
V  [libjvm.so+0xd82460]  JavaThread::thread_main_inner()+0xd0
V  [libjvm.so+0xd85a40]  Thread::call_run()+0xc0
V  [libjvm.so+0xbdb1e1]  thread_native_entry(Thread*)+0xe1

Register to memory mapping:

RAX=0x00007f3bc298e000 points into unknown readable memory: 0x0000000000000058 | 58 00 00 00 00 00 00 00
RBX=0x00007f3bc3a89398: <offset 0x0000000000ef5398> in /nix/store/gpxl5qgg8kicmcvivwmybwjlpf7wh20l-graalvm17-ce-22.3.0/lib/server/libjvm.so at 0x00007f3bc2b94000
RCX=0x00007f3bc3a411e8: <offset 0x0000000000ead1e8> in /nix/store/gpxl5qgg8kicmcvivwmybwjlpf7wh20l-graalvm17-ce-22.3.0/lib/server/libjvm.so at 0x00007f3bc2b94000
RDX=0x0000000000000649 is an unknown value
RSP=0x00007f3ba2ecb380 is pointing into the stack for thread: 0x00007f3bbc0b21e0
RBP=0x00007f3ba2ecb3a0 is pointing into the stack for thread: 0x00007f3bbc0b21e0
RSI=0x00007f3bc3a89c48: <offset 0x0000000000ef5c48> in /nix/store/gpxl5qgg8kicmcvivwmybwjlpf7wh20l-graalvm17-ce-22.3.0/lib/server/libjvm.so at 0x00007f3bc2b94000
RDI=0x00000000e0000000 is an oop: [B 
{0x00000000e0000000} - klass: {type array byte}
 - length: 63
R8 =0x00007f3bc3a89398: <offset 0x0000000000ef5398> in /nix/store/gpxl5qgg8kicmcvivwmybwjlpf7wh20l-graalvm17-ce-22.3.0/lib/server/libjvm.so at 0x00007f3bc2b94000
R9 =0x00007f3ba2ecb330 is pointing into the stack for thread: 0x00007f3bbc0b21e0
R10=0x00007f3ba2ecc948 is pointing into the stack for thread: 0x00007f3bbc0b21e0
R11=0x0000000000000293 is an unknown value
R12=0x0 is NULL
R13=0x00007f3bbc0b21e0 is a thread
R14=0x00007f3bbc000b80 points into unknown readable memory: 0x00007f3bc3cbaa38 | 38 aa cb c3 3b 7f 00 00
R15=0x00007f3bc3dc8e40: <offset 0x0000000001234e40> in /nix/store/gpxl5qgg8kicmcvivwmybwjlpf7wh20l-graalvm17-ce-22.3.0/lib/server/libjvm.so at 0x00007f3bc2b94000


Registers:
RAX=0x00007f3bc298e000, RBX=0x00007f3bc3a89398, RCX=0x00007f3bc3a411e8, RDX=0x0000000000000649
RSP=0x00007f3ba2ecb380, RBP=0x00007f3ba2ecb3a0, RSI=0x00007f3bc3a89c48, RDI=0x00000000e0000000
R8 =0x00007f3bc3a89398, R9 =0x00007f3ba2ecb330, R10=0x00007f3ba2ecc948, R11=0x0000000000000293
R12=0x0000000000000000, R13=0x00007f3bbc0b21e0, R14=0x00007f3bbc000b80, R15=0x00007f3bc3dc8e40
RIP=0x00007f3bc3506714, EFLAGS=0x0000000000010206, CSGSFS=0x002b000000000033, ERR=0x0000000000000006
  TRAPNO=0x000000000000000e

Top of Stack: (sp=0x00007f3ba2ecb380)
0x00007f3ba2ecb380:   00007f3ba2ecb940 00007f3bbc0b21e0
0x00007f3ba2ecb390:   00007f3bc131f8c8 0000000800c417a0
0x00007f3ba2ecb3a0:   00007f3ba2ecb500 00007f3bc34d22fe
0x00007f3ba2ecb3b0:   00007f3ba2ecb3e0 00007f3ba2ecb440 

Instructions: (pc=0x00007f3bc3506714)
0x00007f3bc3506614:   30 e8 f6 cf e8 ff 4c 89 e7 e8 2e 48 d1 ff 84 db
0x00007f3bc3506624:   75 2a 4d 85 ed 74 04 4d 8b 6d 00 48 83 c4 08 44
0x00007f3bc3506634:   89 f9 4c 89 f2 4c 89 ee 5b 4c 89 e7 41 5c 41 5d
0x00007f3bc3506644:   41 5e 41 5f 5d e9 e2 47 d1 ff 66 90 48 83 c4 08
0x00007f3bc3506654:   5b 41 5c 41 5d 41 5e 41 5f 5d c3 90 31 d2 be 08
0x00007f3bc3506664:   00 00 00 4c 89 ff e8 b1 78 a3 ff 49 89 c5 e9 37
0x00007f3bc3506674:   ff ff ff 66 0f 1f 84 00 00 00 00 00 48 8b 7a 08
0x00007f3bc3506684:   e9 6d ff ff ff 0f 1f 80 00 00 00 00 e8 5b 48 0a
0x00007f3bc3506694:   00 84 c0 75 89 e9 6a ff ff ff 66 90 55 48 89 e5
0x00007f3bc35066a4:   41 56 41 55 41 54 49 89 fc 53 48 89 f3 66 48 8d
0x00007f3bc35066b4:   3d 27 5e 85 00 66 66 48 e8 df 43 8d ff 4c 8b 28
0x00007f3bc35066c4:   8b 05 be 72 8a 00 85 c0 75 14 ba 01 00 00 00 48
0x00007f3bc35066d4:   8d 0d ae 72 8a 00 f0 0f b1 11 85 c0 74 4e be c8
0x00007f3bc35066e4:   00 00 00 4c 89 ef e8 01 0b 41 00 48 8d 05 12 ac
0x00007f3bc35066f4:   85 00 49 89 d8 48 8d 0d e8 aa 53 00 ba 49 06 00
0x00007f3bc3506704:   00 48 8d 35 3c 35 58 00 bf 00 00 00 e0 48 8b 00
0x00007f3bc3506714:   c6 00 58 31 c0 e8 e2 91 c6 ff 5b 41 5c 41 5d 41
0x00007f3bc3506724:   5e 5d e9 55 34 26 00 0f 1f 44 00 00 48 8d 05 81
0x00007f3bc3506734:   a3 8b 00 48 89 df 4c 8b 30 e8 9e 43 8d ff 48 89
0x00007f3bc3506744:   de 48 89 c2 49 8b 06 4c 89 f7 ff 50 08 4c 89 f7
0x00007f3bc3506754:   e8 a7 5c 27 00 4d 85 e4 74 12 be 01 00 00 00 4c
0x00007f3bc3506764:   89 e7 e8 35 43 fc ff eb 82 0f 1f 00 be 01 00 00
0x00007f3bc3506774:   00 4c 89 ef e8 d3 fd ff ff e9 6d ff ff ff 66 66
0x00007f3bc3506784:   2e 0f 1f 84 00 00 00 00 00 0f 1f 00 55 48 89 e5
0x00007f3bc3506794:   41 57 41 56 41 55 41 54 53 48 81 ec 08 02 00 00
0x00007f3bc35067a4:   64 48 8b 04 25 28 00 00 00 48 89 45 c8 8b 07 83
0x00007f3bc35067b4:   f8 02 0f 84 11 04 00 00 4c 8b 6f 18 49 89 ff 49
0x00007f3bc35067c4:   89 f4 4d 85 ed 74 14 4c 89 ef e8 5d 57 22 00 41
0x00007f3bc35067d4:   8b 07 83 f8 02 0f 84 19 04 00 00 48 8d 1d 9a 06
0x00007f3bc35067e4:   8a 00 4c 8d 35 0b 3c 58 00 eb 38 90 48 85 d2 7f
0x00007f3bc35067f4:   0d 48 8d 05 b4 c0 85 00 48 83 38 00 7e 0e 41 8b
0x00007f3bc3506804:   77 2c 4c 89 f7 31 c0 e8 a0 b2 f7 ff 49 8b 7f 18 


Stack slot to memory mapping:
stack at sp + 0 slots: 0x00007f3ba2ecb940 is pointing into the stack for thread: 0x00007f3bbc0b21e0
stack at sp + 1 slots: 0x00007f3bbc0b21e0 is a thread
stack at sp + 2 slots: 0x00007f3bc131f8c8 points into unknown readable memory: 0x65730018052dffff | ff ff 2d 05 18 00 73 65
stack at sp + 3 slots: 0x0000000800c417a0 is a pointer to class: 
jdk.vm.ci.services.Services {0x0000000800c417a0}
 - instance size:     2
 - klass size:        65
 - access:            public final synchronized 
 - state:             fully_initialized
 - name:              'jdk/vm/ci/services/Services'
 - super:             'java/lang/Object'
 - sub:               
 - arrays:            NULL
 - methods:           Array<T>(0x00007f3bc04460c8)
 - method ordering:   Array<T>(0x0000000800928960)
 - default_methods:   Array<T>(0x0000000000000000)
 - local interfaces:  Array<T>(0x00000008005ce810)
 - trans. interfaces: Array<T>(0x00000008005ce810)
 - constants:         constant pool [427] {0x00007f3bc0444fe8} for 'jdk/vm/ci/services/Services' cache=0x00007f3bc0447398
 - class loader data:  loader data: 0x00007f3bbc0283f0 of 'bootstrap'
 - source file:       'Services.java'
 - class annotations:       Array<T>(0x0000000000000000)
 - class type annotations:  Array<T>(0x0000000000000000)
 - field annotations:       Array<T>(0x0000000000000000)
 - field type annotations:  Array<T>(0x0000000000000000)
 - inner classes:     Array<T>(0x00007f3bc0447368)
 - nest members:     Array<T>(0x00007f3bc0447388)
 - permitted subclasses:     Array<T>(0x00000008005ce7a0)
 - java mirror:       a 'java/lang/Class'{0x00000000e029f998} = 'jdk/vm/ci/services/Services'
 - vtable length      5  (start addr: 0x0000000800c41970)
 - itable length      2 (start addr: 0x0000000800c41998)
 - ---- static fields (3 words):
 - public static final 'IS_BUILDING_NATIVE_IMAGE' 'Z' @128 
 - public static final 'IS_IN_NATIVE_IMAGE' 'Z' @129 
 - private static volatile 'savedProperties' 'Ljava/util/Map;' @112 
 - static final 'JVMCI_ENABLED' 'Z' @130 
 - private static final 'servicesCache' 'Ljava/util/Map;' @116 
 - private static final 'MAX_UNICODE_IN_UTF8_LENGTH' 'I' @120 
 - private static final 'MAX_UTF8_PROPERTY_STRING_LENGTH' 'I' @124 
 - ---- non-static fields (0 words):
 - non-static oop maps: 
stack at sp + 4 slots: 0x00007f3ba2ecb500 is pointing into the stack for thread: 0x00007f3bbc0b21e0
stack at sp + 5 slots: 0x00007f3bc34d22fe: <offset 0x000000000093e2fe> in /nix/store/gpxl5qgg8kicmcvivwmybwjlpf7wh20l-graalvm17-ce-22.3.0/lib/server/libjvm.so at 0x00007f3bc2b94000
stack at sp + 6 slots: 0x00007f3ba2ecb3e0 is pointing into the stack for thread: 0x00007f3bbc0b21e0
stack at sp + 7 slots: 0x00007f3ba2ecb440 is pointing into the stack for thread: 0x00007f3bbc0b21e0


---------------  P R O C E S S  ---------------

Threads class SMR info:
_java_thread_list=0x00007f3b48008960, length=22, elements={
0x00007f3bbc026690, 0x00007f3bbc0a64d0, 0x00007f3bbc0a7910, 0x00007f3bbc0ae050,
0x00007f3bbc0af400, 0x00007f3bbc0b07f0, 0x00007f3bbc0b21e0, 0x00007f3bbc0b36f0,
0x00007f3bbc0b4b40, 0x00007f3bbc0df9a0, 0x00007f3bbc127a30, 0x00007f3bbc314ed0,
0x00007f3bbc35d070, 0x00007f3bbc35fe00, 0x00007f3b5802be90, 0x00007f3b583f9d90,
0x00007f3b480010d0, 0x00007f3b58660c90, 0x00007f3b586590c0, 0x00007f3bbc20b6f0,
0x00007f3bbc42ad50, 0x00007f3b3c0076b0
}

Java Threads: ( => current thread )
  0x00007f3bbc026690 JavaThread "main" [_thread_blocked, id=3711, stack(0x00007f3bc29af000,0x00007f3bc2aaf000)]
  0x00007f3bbc0a64d0 JavaThread "Reference Handler" daemon [_thread_blocked, id=3714, stack(0x00007f3bc012e000,0x00007f3bc022e000)]
  0x00007f3bbc0a7910 JavaThread "Finalizer" daemon [_thread_blocked, id=3715, stack(0x00007f3bc002e000,0x00007f3bc012e000)]
  0x00007f3bbc0ae050 JavaThread "Signal Dispatcher" daemon [_thread_blocked, id=3716, stack(0x00007f3ba30cd000,0x00007f3ba31cd000)]
  0x00007f3bbc0af400 JavaThread "Service Thread" daemon [_thread_blocked, id=3717, stack(0x00007f3ba2fcd000,0x00007f3ba30cd000)]
  0x00007f3bbc0b07f0 JavaThread "Monitor Deflation Thread" daemon [_thread_blocked, id=3718, stack(0x00007f3ba2ecd000,0x00007f3ba2fcd000)]
=>0x00007f3bbc0b21e0 JavaThread "JVMCI-native CompilerThread0" daemon [_thread_in_vm, id=3719, stack(0x00007f3ba2ccd000,0x00007f3ba2ecd000)]
  0x00007f3bbc0b36f0 JavaThread "C1 CompilerThread0" daemon [_thread_blocked, id=3720, stack(0x00007f3ba2acd000,0x00007f3ba2ccd000)]
  0x00007f3bbc0b4b40 JavaThread "Sweeper thread" daemon [_thread_blocked, id=3721, stack(0x00007f3ba29cd000,0x00007f3ba2acd000)]
  0x00007f3bbc0df9a0 JavaThread "Common-Cleaner" daemon [_thread_blocked, id=3723, stack(0x00007f3ba28cd000,0x00007f3ba29cd000)]
  0x00007f3bbc127a30 JavaThread "Notification Thread" daemon [_thread_blocked, id=3724, stack(0x00007f3ba27cd000,0x00007f3ba28cd000)]
  0x00007f3bbc314ed0 JavaThread "Active Thread: Equinox Container: af01b017-dc82-4b49-809c-dba5c4f478c6" [_thread_blocked, id=3736, stack(0x00007f3ba25cb000,0x00007f3ba26cb000)]
  0x00007f3bbc35d070 JavaThread "Framework Event Dispatcher: Equinox Container: af01b017-dc82-4b49-809c-dba5c4f478c6" daemon [_thread_blocked, id=3737, stack(0x00007f3ba0100000,0x00007f3ba0200000)]
  0x00007f3bbc35fe00 JavaThread "Start Level: Equinox Container: af01b017-dc82-4b49-809c-dba5c4f478c6" daemon [_thread_blocked, id=3738, stack(0x00007f3b6ad00000,0x00007f3b6ae00000)]
  0x00007f3b5802be90 JavaThread "SCR Component Actor" daemon [_thread_blocked, id=3739, stack(0x00007f3b6ab00000,0x00007f3b6ac00000)]
  0x00007f3b583f9d90 JavaThread "Worker-JM" [_thread_blocked, id=3747, stack(0x00007f3b6a700000,0x00007f3b6a800000)]
  0x00007f3b480010d0 JavaThread "Worker-1: Java indexing... " [_thread_blocked, id=3751, stack(0x00007f3b6a300000,0x00007f3b6a400000)]
  0x00007f3b58660c90 JavaThread "Java indexing" daemon [_thread_blocked, id=3754, stack(0x00007f3b69d00000,0x00007f3b69e00000)]
  0x00007f3b586590c0 JavaThread "Bundle File Closer" daemon [_thread_blocked, id=3755, stack(0x00007f3b69b00000,0x00007f3b69c00000)]
  0x00007f3bbc20b6f0 JavaThread "pool-3-thread-1" [_thread_blocked, id=3756, stack(0x00007f3b69a00000,0x00007f3b69b00000)]
  0x00007f3bbc42ad50 JavaThread "pool-2-thread-1" [_thread_blocked, id=3765, stack(0x00007f3b69900000,0x00007f3b69a00000)]
  0x00007f3b3c0076b0 JavaThread "Worker-6" [_thread_blocked, id=4576, stack(0x00007f3b6a100000,0x00007f3b6a200000)]

Other Threads:
  0x00007f3bbc0a1c10 VMThread "VM Thread" [stack: 0x00007f3bc0230000,0x00007f3bc0330000] [id=3713] _threads_hazard_ptr=0x00007f3b48008960
  0x00007f3bbc1293d0 WatcherThread [stack: 0x00007f3ba26cd000,0x00007f3ba27cd000] [id=3725]
  0x00007f3bbc03df30 GCTaskThread "GC Thread#0" [stack: 0x00007f3bc2572000,0x00007f3bc2672000] [id=3712]

Threads with active compile tasks:
JVMCI-native CompilerThread0  1146076 9327       4       org.eclipse.osgi.internal.framework.EquinoxContainer::checkAdminPermission (27 bytes)

VM state: synchronizing (normal execution)

VM Mutex/Monitor currently owned by a thread:  ([mutex/lock_event])
[0x00007f3bbc023840] Threads_lock - owner thread: 0x00007f3bbc0a1c10
[0x00007f3bbc023ff0] Heap_lock - owner thread: 0x00007f3bbc42ad50

OutOfMemory and StackOverflow Exception counts:
OutOfMemoryError java_heap_errors=3
LinkageErrors=64

Heap address: 0x00000000e0000000, size: 512 MB, Compressed Oops mode: 32-bit

CDS archive(s) mapped at: [0x0000000800000000-0x0000000800bc8000-0x0000000800bc8000), size 12353536, SharedBaseAddress: 0x0000000800000000, ArchiveRelocationMode: 0.
Compressed class space mapped at: 0x0000000800c00000-0x0000000840c00000, reserved size: 1073741824
Narrow klass base: 0x0000000800000000, Narrow klass shift: 0, Narrow klass range: 0x100000000

GC Precious Log:
 CPUs: 8 total, 1 available
 Memory: 1024M
 Large Page Support: Disabled
 NUMA Support: Disabled
 Compressed Oops: Enabled (32-bit)
 Alignments: Space 512K, Generation 512K, Heap 2M
 Heap Min Capacity: 100M
 Heap Initial Capacity: 100M
 Heap Max Capacity: 512M
 Pre-touch: Disabled
 Parallel Workers: 1

Heap:
 PSYoungGen      total 28672K, used 20480K [0x00000000f5580000, 0x00000000f7980000, 0x0000000100000000)
  eden space 20480K, 100% used [0x00000000f5580000,0x00000000f6980000,0x00000000f6980000)
  from space 8192K, 0% used [0x00000000f6980000,0x00000000f6980000,0x00000000f7180000)
  to   space 6144K, 0% used [0x00000000f7380000,0x00000000f7380000,0x00000000f7980000)
 ParOldGen       total 349696K, used 349695K [0x00000000e0000000, 0x00000000f5580000, 0x00000000f5580000)
  object space 349696K, 99% used [0x00000000e0000000,0x00000000f557ffa8,0x00000000f5580000)
 Metaspace       used 54180K, committed 55232K, reserved 1105920K
  class space    used 5274K, committed 5760K, reserved 1048576K

Card table byte_map: [0x00007f3bc2672000,0x00007f3bc2773000] _byte_map_base: 0x00007f3bc1f72000

Marking Bits: (ParMarkBitMap*) 0x00007f3bc3dc24c0
 Begin Bits: [0x00007f3bc14c5000, 0x00007f3bc1cc5000)
 End Bits:   [0x00007f3bc1cc5000, 0x00007f3bc24c5000)

Polling page: 0x00007f3bc298c000

Metaspace:

Usage:
  Non-class:     47.76 MB used.
      Class:      5.15 MB used.
       Both:     52.91 MB used.

Virtual space:
  Non-class space:       56.00 MB reserved,      48.31 MB ( 86%) committed,  7 nodes.
      Class space:        1.00 GB reserved,       5.62 MB ( <1%) committed,  1 nodes.
             Both:        1.05 GB reserved,      53.94 MB (  5%) committed. 

Chunk freelists:
   Non-Class:  3.60 MB
       Class:  2.28 MB
        Both:  5.88 MB

MaxMetaspaceSize: unlimited
CompressedClassSpaceSize: 1.00 GB
Initial GC threshold: 21.00 MB
Current GC threshold: 89.94 MB
CDS: on
MetaspaceReclaimPolicy: balanced
 - commit_granule_bytes: 65536.
 - commit_granule_words: 8192.
 - virtual_space_node_default_size: 1048576.
 - enlarge_chunks_in_place: 1.
 - new_chunks_are_fully_committed: 0.
 - uncommit_free_chunks: 1.
 - use_allocation_guard: 0.
 - handle_deallocations: 1.


Internal statistics:

num_allocs_failed_limit: 6.
num_arena_births: 494.
num_arena_deaths: 150.
num_vsnodes_births: 8.
num_vsnodes_deaths: 0.
num_space_committed: 861.
num_space_uncommitted: 0.
num_chunks_returned_to_freelist: 210.
num_chunks_taken_from_freelist: 2760.
num_chunk_merges: 88.
num_chunk_splits: 1782.
num_chunks_enlarged: 1117.
num_purges: 4.
num_inconsistent_stats: 0.

CodeHeap 'non-profiled nmethods': size=120036Kb used=2696Kb max_used=2829Kb free=117339Kb
 bounds [0x00007f3baaf7a000, 0x00007f3bab24a000, 0x00007f3bb24b3000]
CodeHeap 'profiled nmethods': size=120032Kb used=13807Kb max_used=16453Kb free=106224Kb
 bounds [0x00007f3ba3a42000, 0x00007f3ba4a62000, 0x00007f3baaf7a000]
CodeHeap 'non-nmethods': size=5692Kb used=1371Kb max_used=1382Kb free=4320Kb
 bounds [0x00007f3ba34b3000, 0x00007f3ba3723000, 0x00007f3ba3a42000]
 total_blobs=7378 nmethods=6666 adapters=588
 compilation: enabled
              stopped_count=0, restarted_count=0
 full_count=0

JVMCI Events (20 events):
Event: 939.888 Thread 0x00007f3bbc0b21e0 compacted oop handles in JVMCI runtime 0 from 69 to 69
Event: 939.888 Thread 0x00007f3bbc0b21e0 releasing handles for JVMCI runtime 0: oop handles=69, metadata handles={total=314, live=303, blocks=59}
Event: 939.888 Thread 0x00007f3bbc0b21e0 detached from JVMCI runtime 0
Event: 978.997 Thread 0x00007f3bbc0b21e0 attached to JVMCI runtime 0
Event: 978.999 Thread 0x00007f3bbc0b21e0 created JavaVM[7]@0x00007f3b2b29e340 for JVMCI runtime 0
Event: 981.154 Thread 0x00007f3bbc0b21e0 initializing JVMCI runtime 0
Event: 981.154 Thread 0x00007f3bbc0b21e0 done waiting for JavaVM references initialization in JVMCI runtime 0
Event: 993.992 Thread 0x00007f3bbc0b21e0 initialized JVMCI runtime 0
Event: 1007.278 Thread 0x00007f3bbc0b21e0 compacted oop handles in JVMCI runtime 0 from 73 to 71
Event: 1030.876 Thread 0x00007f3bbc0b21e0 detaching from JVMCI runtime 0: releasing idle compiler thread (0 other threads still attached)
Event: 1030.876 Thread 0x00007f3bbc0b21e0 shutting down HotSpotJVMCIRuntime for JVMCI runtime 0
Event: 1030.876 Thread 0x00007f3bbc0b21e0 shut down JVMCI runtime 0
Event: 1031.899 Thread 0x00007f3bbc0b21e0 destroyed JavaVM[7]@0x00007f3b2b29e340 for JVMCI runtime 0
Event: 1031.899 Thread 0x00007f3bbc0b21e0 compacted oop handles in JVMCI runtime 0 from 76 to 76
Event: 1031.899 Thread 0x00007f3bbc0b21e0 releasing handles for JVMCI runtime 0: oop handles=76, metadata handles={total=148, live=134, blocks=59}
Event: 1031.899 Thread 0x00007f3bbc0b21e0 detached from JVMCI runtime 0
Event: 1092.260 Thread 0x00007f3bbc0b21e0 attached to JVMCI runtime 0
Event: 1092.261 Thread 0x00007f3bbc0b21e0 created JavaVM[8]@0x00007f3b2b29e340 for JVMCI runtime 0
Event: 1092.261 Thread 0x00007f3bbc0b21e0 initializing JVMCI runtime 0
Event: 1092.261 Thread 0x00007f3bbc0b21e0 done waiting for JavaVM references initialization in JVMCI runtime 0

Compilation events (20 events):
Event: 962.102 Thread 0x00007f3bbc0b36f0 9320       3       java.util.concurrent.ThreadPoolExecutor::workerCountOf (5 bytes)
Event: 963.269 Thread 0x00007f3bbc0b36f0 nmethod 9320 0x00007f3ba3b65c10 code [0x00007f3ba3b65da0, 0x00007f3ba3b65e90]
Event: 978.997 Thread 0x00007f3bbc0b21e0 9321       4       java.util.regex.Matcher::match (154 bytes)
Event: 997.086 Thread 0x00007f3bbc0b36f0 9323       1       java.util.concurrent.ThreadPoolExecutor::getQueue (5 bytes)
Event: 997.086 Thread 0x00007f3bbc0b36f0 nmethod 9323 0x00007f3baafcd410 code [0x00007f3baafcd5a0, 0x00007f3baafcd670]
Event: 1007.276 Thread 0x00007f3bbc0b36f0 9324       3       java.util.concurrent.ScheduledThreadPoolExecutor$DelayedWorkQueue::setIndex (16 bytes)
Event: 1007.276 Thread 0x00007f3bbc0b36f0 nmethod 9324 0x00007f3ba3b63610 code [0x00007f3ba3b637c0, 0x00007f3ba3b63d90]
Event: 1007.278 Thread 0x00007f3bbc0b21e0 nmethod 9321 0x00007f3bab1e8a10 code [0x00007f3bab1e8ba0, 0x00007f3bab1e8f58]
Event: 1007.278 Thread 0x00007f3bbc0b21e0 9322 %     4       java.io.DataOutputStream::writeUTF @ 10 (411 bytes)
Event: 1007.286 Thread 0x00007f3bbc0b36f0 9325   !   3       org.eclipse.core.internal.jobs.JobManager::monitorFor (69 bytes)
Event: 1010.478 Thread 0x00007f3bbc0b36f0 nmethod 9325 0x00007f3ba45a4d10 code [0x00007f3ba45a4f80, 0x00007f3ba45a5ac0]
Event: 1016.889 Thread 0x00007f3bbc0b36f0 9326       3       java.util.concurrent.locks.AbstractQueuedSynchronizer$ConditionObject::canReacquire (28 bytes)
Event: 1016.889 Thread 0x00007f3bbc0b36f0 nmethod 9326 0x00007f3ba3b0c790 code [0x00007f3ba3b0c940, 0x00007f3ba3b0cc90]
Event: 1029.801 Thread 0x00007f3bbc0b21e0 nmethod 9322% 0x00007f3bab19ae90 code [0x00007f3bab19b080, 0x00007f3bab19bc50]
Event: 1092.260 Thread 0x00007f3bbc0b21e0 9327       4       org.eclipse.osgi.internal.framework.EquinoxContainer::checkAdminPermission (27 bytes)
Event: 1116.786 Thread 0x00007f3bbc0b36f0 9328       3       java.util.LinkedList::checkElementIndex (22 bytes)
Event: 1116.787 Thread 0x00007f3bbc0b36f0 nmethod 9328 0x00007f3ba3aed710 code [0x00007f3ba3aed960, 0x00007f3ba3aee0a0]
Event: 1116.787 Thread 0x00007f3bbc0b36f0 9329       3       java.util.LinkedList::isElementIndex (18 bytes)
Event: 1116.787 Thread 0x00007f3bbc0b36f0 nmethod 9329 0x00007f3ba3ab6e90 code [0x00007f3ba3ab7020, 0x00007f3ba3ab71b0]
Event: 1144.088 Thread 0x00007f3bbc0b36f0 9331       3       java.util.LinkedList::get (14 bytes)

GC Heap History (20 events):
Event: 1135.984 GC heap before
{Heap before GC invocations=583 (full 478):
 PSYoungGen      total 28672K, used 20480K [0x00000000f5580000, 0x00000000f7980000, 0x0000000100000000)
  eden space 20480K, 100% used [0x00000000f5580000,0x00000000f6980000,0x00000000f6980000)
  from space 8192K, 0% used [0x00000000f6980000,0x00000000f6980000,0x00000000f7180000)
  to   space 6144K, 0% used [0x00000000f7380000,0x00000000f7380000,0x00000000f7980000)
 ParOldGen       total 349696K, used 349694K [0x00000000e0000000, 0x00000000f5580000, 0x00000000f5580000)
  object space 349696K, 99% used [0x00000000e0000000,0x00000000f557fa60,0x00000000f5580000)
 Metaspace       used 54179K, committed 55232K, reserved 1105920K
  class space    used 5274K, committed 5760K, reserved 1048576K
}
Event: 1137.076 GC heap after
{Heap after GC invocations=583 (full 478):
 PSYoungGen      total 26624K, used 20479K [0x00000000f5580000, 0x00000000f7980000, 0x0000000100000000)
  eden space 20480K, 99% used [0x00000000f5580000,0x00000000f697ffd0,0x00000000f6980000)
  from space 6144K, 0% used [0x00000000f7380000,0x00000000f7380000,0x00000000f7980000)
  to   space 8192K, 0% used [0x00000000f6980000,0x00000000f6980000,0x00000000f7180000)
 ParOldGen       total 349696K, used 349694K [0x00000000e0000000, 0x00000000f5580000, 0x00000000f5580000)
  object space 349696K, 99% used [0x00000000e0000000,0x00000000f557fa60,0x00000000f5580000)
 Metaspace       used 54179K, committed 55232K, reserved 1105920K
  class space    used 5274K, committed 5760K, reserved 1048576K
}
Event: 1137.076 GC heap before
{Heap before GC invocations=584 (full 479):
 PSYoungGen      total 26624K, used 20480K [0x00000000f5580000, 0x00000000f7980000, 0x0000000100000000)
  eden space 20480K, 100% used [0x00000000f5580000,0x00000000f6980000,0x00000000f6980000)
  from space 6144K, 0% used [0x00000000f7380000,0x00000000f7380000,0x00000000f7980000)
  to   space 8192K, 0% used [0x00000000f6980000,0x00000000f6980000,0x00000000f7180000)
 ParOldGen       total 349696K, used 349694K [0x00000000e0000000, 0x00000000f5580000, 0x00000000f5580000)
  object space 349696K, 99% used [0x00000000e0000000,0x00000000f557fa60,0x00000000f5580000)
 Metaspace       used 54179K, committed 55232K, reserved 1105920K
  class space    used 5274K, committed 5760K, reserved 1048576K
}
Event: 1138.078 GC heap after
{Heap after GC invocations=584 (full 479):
 PSYoungGen      total 28672K, used 20479K [0x00000000f5580000, 0x00000000f7980000, 0x0000000100000000)
  eden space 20480K, 99% used [0x00000000f5580000,0x00000000f697ffe0,0x00000000f6980000)
  from space 8192K, 0% used [0x00000000f6980000,0x00000000f6980000,0x00000000f7180000)
  to   space 6144K, 0% used [0x00000000f7380000,0x00000000f7380000,0x00000000f7980000)
 ParOldGen       total 349696K, used 349694K [0x00000000e0000000, 0x00000000f5580000, 0x00000000f5580000)
  object space 349696K, 99% used [0x00000000e0000000,0x00000000f557fa60,0x00000000f5580000)
 Metaspace       used 54179K, committed 55232K, reserved 1105920K
  class space    used 5274K, committed 5760K, reserved 1048576K
}
Event: 1138.078 GC heap before
{Heap before GC invocations=585 (full 480):
 PSYoungGen      total 28672K, used 20480K [0x00000000f5580000, 0x00000000f7980000, 0x0000000100000000)
  eden space 20480K, 100% used [0x00000000f5580000,0x00000000f6980000,0x00000000f6980000)
  from space 8192K, 0% used [0x00000000f6980000,0x00000000f6980000,0x00000000f7180000)
  to   space 6144K, 0% used [0x00000000f7380000,0x00000000f7380000,0x00000000f7980000)
 ParOldGen       total 349696K, used 349694K [0x00000000e0000000, 0x00000000f5580000, 0x00000000f5580000)
  object space 349696K, 99% used [0x00000000e0000000,0x00000000f557fa60,0x00000000f5580000)
 Metaspace       used 54179K, committed 55232K, reserved 1105920K
  class space    used 5274K, committed 5760K, reserved 1048576K
}
Event: 1138.993 GC heap after
{Heap after GC invocations=585 (full 480):
 PSYoungGen      total 26624K, used 20479K [0x00000000f5580000, 0x00000000f7980000, 0x0000000100000000)
  eden space 20480K, 99% used [0x00000000f5580000,0x00000000f697fff0,0x00000000f6980000)
  from space 6144K, 0% used [0x00000000f7380000,0x00000000f7380000,0x00000000f7980000)
  to   space 8192K, 0% used [0x00000000f6980000,0x00000000f6980000,0x00000000f7180000)
 ParOldGen       total 349696K, used 349694K [0x00000000e0000000, 0x00000000f5580000, 0x00000000f5580000)
  object space 349696K, 99% used [0x00000000e0000000,0x00000000f557fa60,0x00000000f5580000)
 Metaspace       used 54179K, committed 55232K, reserved 1105920K
  class space    used 5274K, committed 5760K, reserved 1048576K
}
Event: 1138.993 GC heap before
{Heap before GC invocations=586 (full 481):
 PSYoungGen      total 26624K, used 20480K [0x00000000f5580000, 0x00000000f7980000, 0x0000000100000000)
  eden space 20480K, 100% used [0x00000000f5580000,0x00000000f6980000,0x00000000f6980000)
  from space 6144K, 0% used [0x00000000f7380000,0x00000000f7380000,0x00000000f7980000)
  to   space 8192K, 0% used [0x00000000f6980000,0x00000000f6980000,0x00000000f7180000)
 ParOldGen       total 349696K, used 349696K [0x00000000e0000000, 0x00000000f5580000, 0x00000000f5580000)
  object space 349696K, 100% used [0x00000000e0000000,0x00000000f5580000,0x00000000f5580000)
 Metaspace       used 54179K, committed 55232K, reserved 1105920K
  class space    used 5274K, committed 5760K, reserved 1048576K
}
Event: 1140.093 GC heap after
{Heap after GC invocations=586 (full 481):
 PSYoungGen      total 28672K, used 20479K [0x00000000f5580000, 0x00000000f7980000, 0x0000000100000000)
  eden space 20480K, 99% used [0x00000000f5580000,0x00000000f697ffc8,0x00000000f6980000)
  from space 8192K, 0% used [0x00000000f6980000,0x00000000f6980000,0x00000000f7180000)
  to   space 6144K, 0% used [0x00000000f7380000,0x00000000f7380000,0x00000000f7980000)
 ParOldGen       total 349696K, used 349695K [0x00000000e0000000, 0x00000000f5580000, 0x00000000f5580000)
  object space 349696K, 99% used [0x00000000e0000000,0x00000000f557fee0,0x00000000f5580000)
 Metaspace       used 54179K, committed 55232K, reserved 1105920K
  class space    used 5274K, committed 5760K, reserved 1048576K
}
Event: 1140.095 GC heap before
{Heap before GC invocations=587 (full 482):
 PSYoungGen      total 28672K, used 20480K [0x00000000f5580000, 0x00000000f7980000, 0x0000000100000000)
  eden space 20480K, 100% used [0x00000000f5580000,0x00000000f6980000,0x00000000f6980000)
  from space 8192K, 0% used [0x00000000f6980000,0x00000000f6980000,0x00000000f7180000)
  to   space 6144K, 0% used [0x00000000f7380000,0x00000000f7380000,0x00000000f7980000)
 ParOldGen       total 349696K, used 349695K [0x00000000e0000000, 0x00000000f5580000, 0x00000000f5580000)
  object space 349696K, 99% used [0x00000000e0000000,0x00000000f557fee0,0x00000000f5580000)
 Metaspace       used 54179K, committed 55232K, reserved 1105920K
  class space    used 5274K, committed 5760K, reserved 1048576K
}
Event: 1141.104 GC heap after
{Heap after GC invocations=587 (full 482):
 PSYoungGen      total 26624K, used 20480K [0x00000000f5580000, 0x00000000f7980000, 0x0000000100000000)
  eden space 20480K, 100% used [0x00000000f5580000,0x00000000f6980000,0x00000000f6980000)
  from space 6144K, 0% used [0x00000000f7380000,0x00000000f7380000,0x00000000f7980000)
  to   space 8192K, 0% used [0x00000000f6980000,0x00000000f6980000,0x00000000f7180000)
 ParOldGen       total 349696K, used 349695K [0x00000000e0000000, 0x00000000f5580000, 0x00000000f5580000)
  object space 349696K, 99% used [0x00000000e0000000,0x00000000f557fec0,0x00000000f5580000)
 Metaspace       used 54179K, committed 55232K, reserved 1105920K
  class space    used 5274K, committed 5760K, reserved 1048576K
}
Event: 1141.154 GC heap before
{Heap before GC invocations=588 (full 483):
 PSYoungGen      total 26624K, used 20480K [0x00000000f5580000, 0x00000000f7980000, 0x0000000100000000)
  eden space 20480K, 100% used [0x00000000f5580000,0x00000000f6980000,0x00000000f6980000)
  from space 6144K, 0% used [0x00000000f7380000,0x00000000f7380000,0x00000000f7980000)
  to   space 8192K, 0% used [0x00000000f6980000,0x00000000f6980000,0x00000000f7180000)
 ParOldGen       total 349696K, used 349695K [0x00000000e0000000, 0x00000000f5580000, 0x00000000f5580000)
  object space 349696K, 99% used [0x00000000e0000000,0x00000000f557ff30,0x00000000f5580000)
 Metaspace       used 54179K, committed 55232K, reserved 1105920K
  class space    used 5274K, committed 5760K, reserved 1048576K
}
Event: 1142.071 GC heap after
{Heap after GC invocations=588 (full 483):
 PSYoungGen      total 28672K, used 20479K [0x00000000f5580000, 0x00000000f7980000, 0x0000000100000000)
  eden space 20480K, 99% used [0x00000000f5580000,0x00000000f697ffc8,0x00000000f6980000)
  from space 8192K, 0% used [0x00000000f6980000,0x00000000f6980000,0x00000000f7180000)
  to   space 6144K, 0% used [0x00000000f7380000,0x00000000f7380000,0x00000000f7980000)
 ParOldGen       total 349696K, used 349695K [0x00000000e0000000, 0x00000000f5580000, 0x00000000f5580000)
  object space 349696K, 99% used [0x00000000e0000000,0x00000000f557ff30,0x00000000f5580000)
 Metaspace       used 54179K, committed 55232K, reserved 1105920K
  class space    used 5274K, committed 5760K, reserved 1048576K
}
Event: 1142.071 GC heap before
{Heap before GC invocations=589 (full 484):
 PSYoungGen      total 28672K, used 20479K [0x00000000f5580000, 0x00000000f7980000, 0x0000000100000000)
  eden space 20480K, 99% used [0x00000000f5580000,0x00000000f697ffc8,0x00000000f6980000)
  from space 8192K, 0% used [0x00000000f6980000,0x00000000f6980000,0x00000000f7180000)
  to   space 6144K, 0% used [0x00000000f7380000,0x00000000f7380000,0x00000000f7980000)
 ParOldGen       total 349696K, used 349695K [0x00000000e0000000, 0x00000000f5580000, 0x00000000f5580000)
  object space 349696K, 99% used [0x00000000e0000000,0x00000000f557ff30,0x00000000f5580000)
 Metaspace       used 54179K, committed 55232K, reserved 1105920K
  class space    used 5274K, committed 5760K, reserved 1048576K
}
Event: 1143.063 GC heap after
{Heap after GC invocations=589 (full 484):
 PSYoungGen      total 26624K, used 20479K [0x00000000f5580000, 0x00000000f7980000, 0x0000000100000000)
  eden space 20480K, 99% used [0x00000000f5580000,0x00000000f697ffc8,0x00000000f6980000)
  from space 6144K, 0% used [0x00000000f7380000,0x00000000f7380000,0x00000000f7980000)
  to   space 8192K, 0% used [0x00000000f6980000,0x00000000f6980000,0x00000000f7180000)
 ParOldGen       total 349696K, used 349695K [0x00000000e0000000, 0x00000000f5580000, 0x00000000f5580000)
  object space 349696K, 99% used [0x00000000e0000000,0x00000000f557ff30,0x00000000f5580000)
 Metaspace       used 54179K, committed 55232K, reserved 1105920K
  class space    used 5274K, committed 5760K, reserved 1048576K
}
Event: 1143.064 GC heap before
{Heap before GC invocations=590 (full 485):
 PSYoungGen      total 26624K, used 20479K [0x00000000f5580000, 0x00000000f7980000, 0x0000000100000000)
  eden space 20480K, 99% used [0x00000000f5580000,0x00000000f697fff8,0x00000000f6980000)
  from space 6144K, 0% used [0x00000000f7380000,0x00000000f7380000,0x00000000f7980000)
  to   space 8192K, 0% used [0x00000000f6980000,0x00000000f6980000,0x00000000f7180000)
 ParOldGen       total 349696K, used 349695K [0x00000000e0000000, 0x00000000f5580000, 0x00000000f5580000)
  object space 349696K, 99% used [0x00000000e0000000,0x00000000f557ffe8,0x00000000f5580000)
 Metaspace       used 54179K, committed 55232K, reserved 1105920K
  class space    used 5274K, committed 5760K, reserved 1048576K
}
Event: 1144.088 GC heap after
{Heap after GC invocations=590 (full 485):
 PSYoungGen      total 28672K, used 20479K [0x00000000f5580000, 0x00000000f7980000, 0x0000000100000000)
  eden space 20480K, 99% used [0x00000000f5580000,0x00000000f697fff8,0x00000000f6980000)
  from space 8192K, 0% used [0x00000000f6980000,0x00000000f6980000,0x00000000f7180000)
  to   space 6144K, 0% used [0x00000000f7380000,0x00000000f7380000,0x00000000f7980000)
 ParOldGen       total 349696K, used 349694K [0x00000000e0000000, 0x00000000f5580000, 0x00000000f5580000)
  object space 349696K, 99% used [0x00000000e0000000,0x00000000f557fa48,0x00000000f5580000)
 Metaspace       used 54179K, committed 55232K, reserved 1105920K
  class space    used 5274K, committed 5760K, reserved 1048576K
}
Event: 1144.089 GC heap before
{Heap before GC invocations=591 (full 486):
 PSYoungGen      total 28672K, used 20479K [0x00000000f5580000, 0x00000000f7980000, 0x0000000100000000)
  eden space 20480K, 99% used [0x00000000f5580000,0x00000000f697fff8,0x00000000f6980000)
  from space 8192K, 0% used [0x00000000f6980000,0x00000000f6980000,0x00000000f7180000)
  to   space 6144K, 0% used [0x00000000f7380000,0x00000000f7380000,0x00000000f7980000)
 ParOldGen       total 349696K, used 349695K [0x00000000e0000000, 0x00000000f5580000, 0x00000000f5580000)
  object space 349696K, 99% used [0x00000000e0000000,0x00000000f557fef0,0x00000000f5580000)
 Metaspace       used 54179K, committed 55232K, reserved 1105920K
  class space    used 5274K, committed 5760K, reserved 1048576K
}
Event: 1144.977 GC heap after
{Heap after GC invocations=591 (full 486):
 PSYoungGen      total 26624K, used 20479K [0x00000000f5580000, 0x00000000f7980000, 0x0000000100000000)
  eden space 20480K, 99% used [0x00000000f5580000,0x00000000f697fef8,0x00000000f6980000)
  from space 6144K, 0% used [0x00000000f7380000,0x00000000f7380000,0x00000000f7980000)
  to   space 8192K, 0% used [0x00000000f6980000,0x00000000f6980000,0x00000000f7180000)
 ParOldGen       total 349696K, used 349694K [0x00000000e0000000, 0x00000000f5580000, 0x00000000f5580000)
  object space 349696K, 99% used [0x00000000e0000000,0x00000000f557f968,0x00000000f5580000)
 Metaspace       used 54179K, committed 55232K, reserved 1105920K
  class space    used 5274K, committed 5760K, reserved 1048576K
}
Event: 1144.977 GC heap before
{Heap before GC invocations=592 (full 487):
 PSYoungGen      total 26624K, used 20479K [0x00000000f5580000, 0x00000000f7980000, 0x0000000100000000)
  eden space 20480K, 99% used [0x00000000f5580000,0x00000000f697fef8,0x00000000f6980000)
  from space 6144K, 0% used [0x00000000f7380000,0x00000000f7380000,0x00000000f7980000)
  to   space 8192K, 0% used [0x00000000f6980000,0x00000000f6980000,0x00000000f7180000)
 ParOldGen       total 349696K, used 349694K [0x00000000e0000000, 0x00000000f5580000, 0x00000000f5580000)
  object space 349696K, 99% used [0x00000000e0000000,0x00000000f557f968,0x00000000f5580000)
 Metaspace       used 54179K, committed 55232K, reserved 1105920K
  class space    used 5274K, committed 5760K, reserved 1048576K
}
Event: 1145.992 GC heap after
{Heap after GC invocations=592 (full 487):
 PSYoungGen      total 28672K, used 20479K [0x00000000f5580000, 0x00000000f7980000, 0x0000000100000000)
  eden space 20480K, 99% used [0x00000000f5580000,0x00000000f697fef8,0x00000000f6980000)
  from space 8192K, 0% used [0x00000000f6980000,0x00000000f6980000,0x00000000f7180000)
  to   space 6144K, 0% used [0x00000000f7380000,0x00000000f7380000,0x00000000f7980000)
 ParOldGen       total 349696K, used 349694K [0x00000000e0000000, 0x00000000f5580000, 0x00000000f5580000)
  object space 349696K, 99% used [0x00000000e0000000,0x00000000f557f968,0x00000000f5580000)
 Metaspace       used 54179K, committed 55232K, reserved 1105920K
  class space    used 5274K, committed 5760K, reserved 1048576K
}

Dll operation events (8 events):
Event: 0.001 Loaded shared library /nix/store/gpxl5qgg8kicmcvivwmybwjlpf7wh20l-graalvm17-ce-22.3.0/lib/libjava.so
Event: 0.005 Loaded shared library /nix/store/gpxl5qgg8kicmcvivwmybwjlpf7wh20l-graalvm17-ce-22.3.0/lib/libjsvml.so
Event: 0.171 Loaded shared library /nix/store/gpxl5qgg8kicmcvivwmybwjlpf7wh20l-graalvm17-ce-22.3.0/lib/libnio.so
Event: 0.173 Loaded shared library /nix/store/gpxl5qgg8kicmcvivwmybwjlpf7wh20l-graalvm17-ce-22.3.0/lib/libzip.so
Event: 0.176 Loaded shared library /nix/store/gpxl5qgg8kicmcvivwmybwjlpf7wh20l-graalvm17-ce-22.3.0/lib/libjvmcicompiler.so
Event: 0.475 Loaded shared library /nix/store/gpxl5qgg8kicmcvivwmybwjlpf7wh20l-graalvm17-ce-22.3.0/lib/libjimage.so
Event: 1.965 Loaded shared library /nix/store/gpxl5qgg8kicmcvivwmybwjlpf7wh20l-graalvm17-ce-22.3.0/lib/libnet.so
Event: 2.867 Loaded shared library /home/runner/.cache/jdt-language-server/config/org.eclipse.equinox.launcher/org.eclipse.equinox.launcher.gtk.linux.x86_64_1.2.400.v20211117-0650/eclipse_11600.so

Deoptimization events (20 events):
Event: 639.784 Thread 0x00007f3b58660c90 DEOPT PACKING pc=0x00007f3ba4a55fdd sp=0x00007f3b69dfe530
Event: 639.784 Thread 0x00007f3b58660c90 DEOPT UNPACKING pc=0x00007f3ba3505325 sp=0x00007f3b69dfda20 mode 0
Event: 639.786 Thread 0x00007f3b58660c90 DEOPT PACKING pc=0x00007f3ba4a55fdd sp=0x00007f3b69dfe530
Event: 639.786 Thread 0x00007f3b58660c90 DEOPT UNPACKING pc=0x00007f3ba3505325 sp=0x00007f3b69dfda20 mode 0
Event: 639.789 Thread 0x00007f3b58660c90 DEOPT PACKING pc=0x00007f3ba4a4f69b sp=0x00007f3b69dfe490
Event: 639.789 Thread 0x00007f3b58660c90 DEOPT UNPACKING pc=0x00007f3ba3505325 sp=0x00007f3b69dfd948 mode 0
Event: 639.792 Thread 0x00007f3b58660c90 DEOPT PACKING pc=0x00007f3ba4a4f69b sp=0x00007f3b69dfe4b0
Event: 639.792 Thread 0x00007f3b58660c90 DEOPT UNPACKING pc=0x00007f3ba3505325 sp=0x00007f3b69dfd968 mode 0
Event: 639.871 Thread 0x00007f3b58660c90 DEOPT PACKING pc=0x00007f3ba4a4f69b sp=0x00007f3b69dfe4b0
Event: 639.871 Thread 0x00007f3b58660c90 DEOPT UNPACKING pc=0x00007f3ba3505325 sp=0x00007f3b69dfd968 mode 0
Event: 1128.574 Thread 0x00007f3bbc0b21e0 DEOPT PACKING pc=0x00007f3ba3f4f250 sp=0x00007f3ba2ecaef0
Event: 1128.574 Thread 0x00007f3bbc0b21e0 DEOPT UNPACKING pc=0x00007f3ba3505325 sp=0x00007f3ba2eca458 mode 0
Event: 1134.888 Thread 0x00007f3b480010d0 Uncommon trap: trap_request=0xffffff8f fr.pc=0x00007f3baaf916b0 relative=0x0000000000000290
Event: 1134.888 Thread 0x00007f3b480010d0 Uncommon trap: reason=constraint action=none pc=0x00007f3baaf916b0 method=java.util.Arrays.copyOfRange([BII)[B @ 61 jvmci
Event: 1138.993 Thread 0x00007f3b480010d0 DEOPT PACKING pc=0x00007f3baaf916b0 sp=0x00007f3b6a3fe4b0
Event: 1138.993 Thread 0x00007f3b480010d0 DEOPT UNPACKING pc=0x00007f3ba3505325 sp=0x00007f3b6a3fd8b0 mode 3
Event: 1143.063 Thread 0x00007f3b480010d0 Uncommon trap: trap_request=0xffffff8f fr.pc=0x00007f3baafa00d7 relative=0x0000000000000237
Event: 1143.063 Thread 0x00007f3b480010d0 Uncommon trap: reason=constraint action=none pc=0x00007f3baafa00d7 method=java.lang.AbstractStringBuilder.ensureCapacityInternal(I)V @ 27 jvmci
Event: 1143.063 Thread 0x00007f3b480010d0 DEOPT PACKING pc=0x00007f3baafa00d7 sp=0x00007f3b6a3fe520
Event: 1143.063 Thread 0x00007f3b480010d0 DEOPT UNPACKING pc=0x00007f3ba3505325 sp=0x00007f3b6a3fd9a8 mode 3

Classes unloaded (20 events):
Event: 617.667 Thread 0x00007f3bbc0a1c10 Unloading class 0x0000000800d90c00 'java/lang/invoke/LambdaForm$MH+0x0000000800d90c00'
Event: 617.667 Thread 0x00007f3bbc0a1c10 Unloading class 0x0000000800d90800 'java/lang/invoke/LambdaForm$MH+0x0000000800d90800'
Event: 617.667 Thread 0x00007f3bbc0a1c10 Unloading class 0x0000000800d90400 'java/lang/invoke/LambdaForm$MH+0x0000000800d90400'
Event: 617.667 Thread 0x00007f3bbc0a1c10 Unloading class 0x0000000800d90000 'java/lang/invoke/LambdaForm$MH+0x0000000800d90000'
Event: 617.667 Thread 0x00007f3bbc0a1c10 Unloading class 0x0000000800d84400 'java/lang/invoke/LambdaForm$MH+0x0000000800d84400'
Event: 617.667 Thread 0x00007f3bbc0a1c10 Unloading class 0x0000000800cb2800 'java/lang/invoke/LambdaForm$MH+0x0000000800cb2800'
Event: 617.667 Thread 0x00007f3bbc0a1c10 Unloading class 0x0000000800cb2000 'java/lang/invoke/LambdaForm$MH+0x0000000800cb2000'
Event: 617.667 Thread 0x00007f3bbc0a1c10 Unloading class 0x0000000800cb1c00 'java/lang/invoke/LambdaForm$MH+0x0000000800cb1c00'
Event: 617.667 Thread 0x00007f3bbc0a1c10 Unloading class 0x0000000800cb1800 'java/lang/invoke/LambdaForm$MH+0x0000000800cb1800'
Event: 617.667 Thread 0x00007f3bbc0a1c10 Unloading class 0x0000000800cb1000 'java/lang/invoke/LambdaForm$MH+0x0000000800cb1000'
Event: 617.667 Thread 0x00007f3bbc0a1c10 Unloading class 0x0000000800cb0c00 'java/lang/invoke/LambdaForm$MH+0x0000000800cb0c00'
Event: 617.667 Thread 0x00007f3bbc0a1c10 Unloading class 0x0000000800cb0800 'java/lang/invoke/LambdaForm$MH+0x0000000800cb0800'
Event: 617.667 Thread 0x00007f3bbc0a1c10 Unloading class 0x0000000800cb0000 'java/lang/invoke/LambdaForm$MH+0x0000000800cb0000'
Event: 617.667 Thread 0x00007f3bbc0a1c10 Unloading class 0x0000000800c85000 'jdk/internal/reflect/GeneratedMethodAccessor5'
Event: 617.667 Thread 0x00007f3bbc0a1c10 Unloading class 0x0000000800c84c00 'jdk/internal/reflect/GeneratedMethodAccessor4'
Event: 617.667 Thread 0x00007f3bbc0a1c10 Unloading class 0x0000000800c84800 'jdk/internal/reflect/GeneratedMethodAccessor3'
Event: 617.667 Thread 0x00007f3bbc0a1c10 Unloading class 0x0000000800c84400 'jdk/internal/reflect/GeneratedMethodAccessor2'
Event: 617.667 Thread 0x00007f3bbc0a1c10 Unloading class 0x0000000800c84000 'jdk/internal/reflect/GeneratedMethodAccessor1'
Event: 617.667 Thread 0x00007f3bbc0a1c10 Unloading class 0x0000000800c01c00 'java/lang/invoke/LambdaForm$DMH+0x0000000800c01c00'
Event: 767.478 Thread 0x00007f3bbc0a1c10 Unloading class 0x0000000800d84000 'jdk/internal/reflect/GeneratedConstructorAccessor3'

Classes redefined (0 events):
No events

Internal exceptions (20 events):
Event: 25.860 Thread 0x00007f3b2418e2d0 Exception <a 'java/lang/NoSuchMethodError'{0x00000000f64424a0}: 'java.lang.Object java.lang.invoke.Invokers$Holder.linkToTargetMethod(java.lang.Object, int, java.lang.Object, java.lang.Object, java.lang.Object, java.lang.Object, java.lang.Object)'> (0x00000000f64424a0) 
thrown [src/hotspot/share/interpreter/linkResolver.cpp, line 758]
Event: 25.862 Thread 0x00007f3b24180ec0 Exception <a 'java/lang/NoSuchMethodError'{0x00000000f63b6bc8}: 'java.lang.Object java.lang.invoke.DirectMethodHandle$Holder.invokeStatic(java.lang.Object, int, java.lang.Object, java.lang.Object, java.lang.Object, java.lang.Object)'> (0x00000000f63b6bc8) 
thrown [src/hotspot/share/interpreter/linkResolver.cpp, line 758]
Event: 25.863 Thread 0x00007f3b24180ec0 Exception <a 'java/lang/NoSuchMethodError'{0x00000000f6521298}: 'java.lang.Object java.lang.invoke.DirectMethodHandle$Holder.newInvokeSpecial(java.lang.Object, int, java.lang.Object, java.lang.Object, java.lang.Object)'> (0x00000000f6521298) 
thrown [src/hotspot/share/interpreter/linkResolver.cpp, line 758]
Event: 25.863 Thread 0x00007f3b24190c70 Exception <a 'java/lang/NoSuchMethodError'{0x00000000f6453b70}: 'java.lang.Object java.lang.invoke.Invokers$Holder.linkToTargetMethod(java.lang.Object, int, java.lang.Object, java.lang.Object, java.lang.Object, java.lang.Object, java.lang.Object)'> (0x00000000f6453b70) 
thrown [src/hotspot/share/interpreter/linkResolver.cpp, line 758]
Event: 25.990 Thread 0x00007f3b2418f7c0 Exception <a 'java/lang/NoSuchMethodError'{0x00000000f5701198}: 'void java.lang.invoke.DirectMethodHandle$Holder.invokeSpecial(java.lang.Object, java.lang.Object, int)'> (0x00000000f5701198) 
thrown [src/hotspot/share/interpreter/linkResolver.cpp, line 758]
Event: 26.558 Thread 0x00007f3b24185c70 Exception <a 'java/lang/NoSuchMethodError'{0x00000000f63cadb0}: 'int java.lang.invoke.DirectMethodHandle$Holder.invokeSpecial(java.lang.Object, java.lang.Object, java.lang.Object)'> (0x00000000f63cadb0) 
thrown [src/hotspot/share/interpreter/linkResolver.cpp, line 758]
Event: 27.454 Thread 0x00007f3b24183dc0 Exception <a 'java/lang/NoSuchMethodError'{0x00000000f5c7b770}: 'int java.lang.invoke.DirectMethodHandle$Holder.invokeSpecialIFC(java.lang.Object, java.lang.Object, java.lang.Object, java.lang.Object)'> (0x00000000f5c7b770) 
thrown [src/hotspot/share/interpreter/linkResolver.cpp, line 758]
Event: 305.630 Thread 0x00007f3b480010d0 Exception <a 'java/lang/NoSuchMethodError'{0x00000000f62f4890}: static [Lorg/eclipse/core/runtime/IPath;.<clinit>()V> (0x00000000f62f4890) 
thrown [src/hotspot/share/prims/jni.cpp, line 1107]
Event: 305.633 Thread 0x00007f3b480010d0 Exception <a 'java/lang/NoSuchMethodError'{0x00000000f62fb5c8}: static [J.<clinit>()V> (0x00000000f62fb5c8) 
thrown [src/hotspot/share/prims/jni.cpp, line 1107]
Event: 305.657 Thread 0x00007f3b480010d0 Exception <a 'java/lang/NoSuchMethodError'{0x00000000f631db58}: 'java.lang.Object java.lang.invoke.DirectMethodHandle$Holder.newInvokeSpecial(java.lang.Object, java.lang.Object, java.lang.Object, java.lang.Object, java.lang.Object, java.lang.Object, java.lang.Object, java.lang.Object)'> (0x00000000f631db58) 
thrown [src/hotspot/share/interpreter/linkResolver.cpp, line 758]
Event: 305.657 Thread 0x00007f3b480010d0 Exception <a 'java/lang/NoSuchMethodError'{0x00000000f6322e60}: 'java.lang.Object java.lang.invoke.DirectMethodHandle$Holder.invokeSpecial(java.lang.Object, java.lang.Object, java.lang.Object, java.lang.Object, java.lang.Object, java.lang.Object, java.lang.Object, java.lang.Object, java.lang.Object)'> (0x00000000f6322e60) 
thrown [src/hotspot/share/interpreter/linkResolver.cpp, line 758]
Event: 305.658 Thread 0x00007f3b480010d0 Exception <a 'java/lang/NoSuchMethodError'{0x00000000f6327840}: 'java.lang.Object java.lang.invoke.Invokers$Holder.linkToTargetMethod(java.lang.Object, java.lang.Object, java.lang.Object, java.lang.Object, java.lang.Object, java.lang.Object, java.lang.Object, java.lang.Object)'> (0x00000000f6327840) 
thrown [src/hotspot/share/interpreter/linkResolver.cpp, line 758]
Event: 614.457 Thread 0x00007f3b24191a30 Exception <a 'java/io/FileNotFoundException'{0x00000000f63fbf18}> (0x00000000f63fbf18) 
thrown [src/hotspot/share/prims/jni.cpp, line 516]
Event: 614.755 Thread 0x00007f3b24191a30 Implicit null exception at 0x00007f3baafa74b5 to 0x00007f3baafa7526
Event: 615.764 Thread 0x00007f3b58660c90 Implicit null exception at 0x00007f3bab1789b0 to 0x00007f3bab178a57
Event: 1134.888 Thread 0x00007f3b480010d0 Exception <a 'java/lang/OutOfMemoryError'{0x00000000e00bceb8}> (0x00000000e00bceb8) 
thrown [src/hotspot/share/gc/shared/memAllocator.cpp, line 138]
Event: 1134.888 Thread 0x00007f3b480010d0 Implicit null exception at 0x00007f3baaf915cd to 0x00007f3baaf91695
Event: 1143.063 Thread 0x00007f3b480010d0 Exception <a 'java/lang/OutOfMemoryError'{0x00000000e00bc918}> (0x00000000e00bc918) 
thrown [src/hotspot/share/gc/shared/memAllocator.cpp, line 138]
Event: 1143.063 Thread 0x00007f3b480010d0 Implicit null exception at 0x00007f3baafa0057 to 0x00007f3baafa00bc
Event: 1145.992 Thread 0x00007f3bbc0b21e0 Exception <a 'java/lang/OutOfMemoryError'{0x00000000e00bc698}> (0x00000000e00bc698) 
thrown [src/hotspot/share/gc/shared/memAllocator.cpp, line 136]

VM Operations (20 events):
Event: 1132.871 Executing VM operation: ParallelGCFailedAllocation
Event: 1134.888 Executing VM operation: ParallelGCFailedAllocation done
Event: 1134.888 Executing VM operation: ParallelGCFailedAllocation
Event: 1135.984 Executing VM operation: ParallelGCFailedAllocation done
Event: 1135.984 Executing VM operation: ParallelGCFailedAllocation
Event: 1137.076 Executing VM operation: ParallelGCFailedAllocation done
Event: 1137.076 Executing VM operation: ParallelGCFailedAllocation
Event: 1138.078 Executing VM operation: ParallelGCFailedAllocation done
Event: 1138.078 Executing VM operation: ParallelGCFailedAllocation
Event: 1138.993 Executing VM operation: ParallelGCFailedAllocation done
Event: 1138.993 Executing VM operation: ParallelGCFailedAllocation
Event: 1140.093 Executing VM operation: ParallelGCFailedAllocation done
Event: 1140.093 Executing VM operation: ParallelGCFailedAllocation
Event: 1141.104 Executing VM operation: ParallelGCFailedAllocation done
Event: 1141.104 Executing VM operation: ParallelGCFailedAllocation
Event: 1143.063 Executing VM operation: ParallelGCFailedAllocation done
Event: 1143.064 Executing VM operation: ParallelGCFailedAllocation
Event: 1144.088 Executing VM operation: ParallelGCFailedAllocation done
Event: 1144.088 Executing VM operation: ParallelGCFailedAllocation
Event: 1145.992 Executing VM operation: ParallelGCFailedAllocation done

Events (20 events):
Event: 639.674 Thread 0x00007f3bbc0b4b40 flushing nmethod 0x00007f3ba498a410
Event: 639.674 Thread 0x00007f3bbc0b4b40 flushing nmethod 0x00007f3ba498b390
Event: 639.674 Thread 0x00007f3bbc0b4b40 flushing nmethod 0x00007f3ba498d510
Event: 639.674 Thread 0x00007f3bbc0b4b40 flushing nmethod 0x00007f3ba4990790
Event: 639.674 Thread 0x00007f3bbc0b4b40 flushing nmethod 0x00007f3ba49a9890
Event: 639.674 Thread 0x00007f3bbc0b4b40 flushing nmethod 0x00007f3ba49d2710
Event: 639.674 Thread 0x00007f3bbc0b4b40 flushing nmethod 0x00007f3ba49e7190
Event: 639.674 Thread 0x00007f3bbc0b4b40 flushing nmethod 0x00007f3ba49f6510
Event: 639.674 Thread 0x00007f3bbc0b4b40 flushing nmethod 0x00007f3ba4a02990
Event: 639.674 Thread 0x00007f3bbc0b4b40 flushing nmethod 0x00007f3ba4a04690
Event: 639.674 Thread 0x00007f3bbc0b4b40 flushing nmethod 0x00007f3ba4a17810
Event: 639.674 Thread 0x00007f3bbc0b4b40 flushing nmethod 0x00007f3ba4a27690
Event: 639.674 Thread 0x00007f3bbc0b4b40 flushing nmethod 0x00007f3ba4a3df90
Event: 639.674 Thread 0x00007f3bbc0b4b40 flushing nmethod 0x00007f3ba4a3e710
Event: 639.674 Thread 0x00007f3bbc0b4b40 flushing nmethod 0x00007f3ba4a4e410
Event: 639.674 Thread 0x00007f3bbc0b4b40 flushing nmethod 0x00007f3ba4a4f990
Event: 639.674 Thread 0x00007f3bbc0b4b40 flushing nmethod 0x00007f3ba4a51810
Event: 746.072 Thread 0x00007f3b24191a30 Thread added: 0x00007f3b24191a30
Event: 746.072 Protecting memory [0x00007f3b6a500000,0x00007f3b6a504000] with protection modes 0
Event: 936.572 Thread 0x00007f3b24191a30 Thread exited: 0x00007f3b24191a30


Dynamic libraries:
e0000000-f5580000 rw-p 00000000 00:00 0 
f5580000-f7980000 rw-p 00000000 00:00 0 
f7980000-100000000 ---p 00000000 00:00 0 
800000000-800449000 rw-p 00001000 00:1c57 4611686019135357769            /nix/store/gpxl5qgg8kicmcvivwmybwjlpf7wh20l-graalvm17-ce-22.3.0/lib/server/classes.jsa
800449000-800bc8000 r--p 0044a000 00:1c57 4611686019135357769            /nix/store/gpxl5qgg8kicmcvivwmybwjlpf7wh20l-graalvm17-ce-22.3.0/lib/server/classes.jsa
800bc8000-800c00000 ---p 00000000 00:00 0 
800c00000-800c20000 rw-p 00000000 00:00 0 
800c20000-800c40000 rw-p 00000000 00:00 0 
800c40000-800cc0000 rw-p 00000000 00:00 0 
800cc0000-800d00000 rw-p 00000000 00:00 0 
800d00000-800dc0000 rw-p 00000000 00:00 0 
800dc0000-800e00000 rw-p 00000000 00:00 0 
800e00000-801140000 rw-p 00000000 00:00 0 
801140000-801150000 rw-p 00000000 00:00 0 
801150000-801180000 ---p 00000000 00:00 0 
801180000-8011d0000 rw-p 00000000 00:00 0 
8011d0000-840c00000 ---p 00000000 00:00 0 
55dc92d99000-55dc92d9a000 r-xp 00000000 00:1c57 4611686019099417844      /nix/store/gpxl5qgg8kicmcvivwmybwjlpf7wh20l-graalvm17-ce-22.3.0/bin/.java-wrapped
55dc92d9b000-55dc92d9c000 r--p 00001000 00:1c57 4611686019099417844      /nix/store/gpxl5qgg8kicmcvivwmybwjlpf7wh20l-graalvm17-ce-22.3.0/bin/.java-wrapped
55dc92d9c000-55dc92d9d000 rw-p 00002000 00:1c57 4611686019099417844      /nix/store/gpxl5qgg8kicmcvivwmybwjlpf7wh20l-graalvm17-ce-22.3.0/bin/.java-wrapped
55dc92d9d000-55dc92d9e000 rw-p 00004000 00:1c57 4611686019099417844      /nix/store/gpxl5qgg8kicmcvivwmybwjlpf7wh20l-graalvm17-ce-22.3.0/bin/.java-wrapped
55dc92d9e000-55dc92d9f000 rw-p 00005000 00:1c57 4611686019099417844      /nix/store/gpxl5qgg8kicmcvivwmybwjlpf7wh20l-graalvm17-ce-22.3.0/bin/.java-wrapped
55dc9355a000-55dc935a2000 rw-p 00000000 00:00 0                          [heap]
7f3ad4000000-7f3ad408e000 rw-p 00000000 00:00 0 
7f3ad408e000-7f3ad8000000 ---p 00000000 00:00 0 
7f3ad8000000-7f3ad8021000 rw-p 00000000 00:00 0 
7f3ad8021000-7f3adc000000 ---p 00000000 00:00 0 
7f3adc000000-7f3adc042000 rw-p 00000000 00:00 0 
7f3adc042000-7f3ae0000000 ---p 00000000 00:00 0 
7f3ae0000000-7f3ae0026000 rw-p 00000000 00:00 0 
7f3ae0026000-7f3ae4000000 ---p 00000000 00:00 0 
7f3ae4000000-7f3ae4087000 rw-p 00000000 00:00 0 
7f3ae4087000-7f3ae8000000 ---p 00000000 00:00 0 
7f3ae8000000-7f3ae8049000 rw-p 00000000 00:00 0 
7f3ae8049000-7f3aec000000 ---p 00000000 00:00 0 
7f3aec000000-7f3aec034000 rw-p 00000000 00:00 0 
7f3aec034000-7f3af0000000 ---p 00000000 00:00 0 
7f3af0000000-7f3af0040000 rw-p 00000000 00:00 0 
7f3af0040000-7f3af4000000 ---p 00000000 00:00 0 
7f3af4000000-7f3af4021000 rw-p 00000000 00:00 0 
7f3af4021000-7f3af8000000 ---p 00000000 00:00 0 
7f3af8000000-7f3af8061000 rw-p 00000000 00:00 0 
7f3af8061000-7f3afc000000 ---p 00000000 00:00 0 
7f3afc000000-7f3afc02d000 rw-p 00000000 00:00 0 
7f3afc02d000-7f3b00000000 ---p 00000000 00:00 0 
7f3b00000000-7f3b0003f000 rw-p 00000000 00:00 0 
7f3b0003f000-7f3b04000000 ---p 00000000 00:00 0 
7f3b04000000-7f3b04021000 rw-p 00000000 00:00 0 
7f3b04021000-7f3b08000000 ---p 00000000 00:00 0 
7f3b08000000-7f3b08038000 rw-p 00000000 00:00 0 
7f3b08038000-7f3b0c000000 ---p 00000000 00:00 0 
7f3b0c000000-7f3b0c05e000 rw-p 00000000 00:00 0 
7f3b0c05e000-7f3b10000000 ---p 00000000 00:00 0 
7f3b10000000-7f3b10021000 rw-p 00000000 00:00 0 
7f3b10021000-7f3b14000000 ---p 00000000 00:00 0 
7f3b14000000-7f3b14021000 rw-p 00000000 00:00 0 
7f3b14021000-7f3b18000000 ---p 00000000 00:00 0 
7f3b1a4b3000-7f3b24000000 r--s 00000000 00:1c57 4611686019135192581      /nix/store/gpxl5qgg8kicmcvivwmybwjlpf7wh20l-graalvm17-ce-22.3.0/lib/modules
7f3b24000000-7f3b2423a000 rw-p 00000000 00:00 0 
7f3b2423a000-7f3b28000000 ---p 00000000 00:00 0 
7f3b29000000-7f3b29090000 rw-p 00000000 00:00 0 
7f3b29090000-7f3b29800000 ---p 00000000 00:00 0 
7f3b2a600000-7f3b2a700000 ---p 00000000 00:00 0 
7f3b2a700000-7f3b2acaf000 r--p 01122000 00:1c57 4611686019135190040      /nix/store/gpxl5qgg8kicmcvivwmybwjlpf7wh20l-graalvm17-ce-22.3.0/lib/libjvmcicompiler.so
7f3b2acaf000-7f3b2ae00000 r--p 00000000 00:00 0 
7f3b2ae00000-7f3b2ae3d000 rw-p 00000000 00:00 0 
7f3b2ae3d000-7f3b2b35d000 rw-p 0185f000 00:1c57 4611686019135190040      /nix/store/gpxl5qgg8kicmcvivwmybwjlpf7wh20l-graalvm17-ce-22.3.0/lib/libjvmcicompiler.so
7f3b2b35d000-7f3b2b744000 r--p 01d7f000 00:1c57 4611686019135190040      /nix/store/gpxl5qgg8kicmcvivwmybwjlpf7wh20l-graalvm17-ce-22.3.0/lib/libjvmcicompiler.so
7f3b2b800000-7f3b2bf40000 rw-p 00000000 00:00 0 
7f3b2bf40000-7f3b2c000000 rw-p 00000000 00:00 0 
7f3b2c000000-7f3b2c021000 rw-p 00000000 00:00 0 
7f3b2c021000-7f3b30000000 ---p 00000000 00:00 0 
7f3b30000000-7f3b30021000 rw-p 00000000 00:00 0 
7f3b30021000-7f3b34000000 ---p 00000000 00:00 0 
7f3b34000000-7f3b3438d000 rw-p 00000000 00:00 0 
7f3b3438d000-7f3b38000000 ---p 00000000 00:00 0 
7f3b38000000-7f3b38021000 rw-p 00000000 00:00 0 
7f3b38021000-7f3b3c000000 ---p 00000000 00:00 0 
7f3b3c000000-7f3b3c175000 rw-p 00000000 00:00 0 
7f3b3c175000-7f3b40000000 ---p 00000000 00:00 0 
7f3b40000000-7f3b40327000 rw-p 00000000 00:00 0 
7f3b40327000-7f3b44000000 ---p 00000000 00:00 0 
7f3b44000000-7f3b44021000 rw-p 00000000 00:00 0 
7f3b44021000-7f3b48000000 ---p 00000000 00:00 0 
7f3b48000000-7f3b4804b000 rw-p 00000000 00:00 0 
7f3b4804b000-7f3b4c000000 ---p 00000000 00:00 0 
7f3b4c000000-7f3b4c021000 rw-p 00000000 00:00 0 
7f3b4c021000-7f3b50000000 ---p 00000000 00:00 0 
7f3b50000000-7f3b50021000 rw-p 00000000 00:00 0 
7f3b50021000-7f3b54000000 ---p 00000000 00:00 0 
7f3b54000000-7f3b54021000 rw-p 00000000 00:00 0 
7f3b54021000-7f3b58000000 ---p 00000000 00:00 0 
7f3b58000000-7f3b5891e000 rw-p 00000000 00:00 0 
7f3b5891e000-7f3b5c000000 ---p 00000000 00:00 0 
7f3b5c000000-7f3b5c021000 rw-p 00000000 00:00 0 
7f3b5c021000-7f3b60000000 ---p 00000000 00:00 0 
7f3b60000000-7f3b60021000 rw-p 00000000 00:00 0 
7f3b60021000-7f3b64000000 ---p 00000000 00:00 0 
7f3b64400000-7f3b645e0000 rw-p 00000000 00:00 0 
7f3b645e0000-7f3b64600000 rw-p 00000000 00:00 0 
7f3b64600000-7f3b64800000 rw-p 00000000 00:00 0 
7f3b64800000-7f3b64b00000 rw-p 00000000 00:00 0 
7f3b64b00000-7f3b64bc0000 rw-p 00000000 00:00 0 
7f3b64bc0000-7f3b64c00000 ---p 00000000 00:00 0 
7f3b64c00000-7f3b65400000 rw-p 00000000 00:00 0 
7f3b66400000-7f3b66500000 rw-p 00000000 00:00 0 
7f3b66500000-7f3b66600000 rw-p 00000000 00:00 0 
7f3b66600000-7f3b66a00000 rw-p 00000000 00:00 0 
7f3b66a00000-7f3b66c00000 rw-p 00000000 00:00 0 
7f3b67000000-7f3b67100000 rw-p 00000000 00:00 0 
7f3b67100000-7f3b67200000 rw-p 00000000 00:00 0 
7f3b67200000-7f3b67780000 rw-p 00000000 00:00 0 
7f3b67780000-7f3b67800000 rw-p 00000000 00:00 0 
7f3b67800000-7f3b67810000 r-xp 00000000 00:1c16 360                      /home/runner/.cache/jdt-language-server/config/org.eclipse.equinox.launcher/org.eclipse.equinox.launcher.gtk.linux.x86_64_1.2.400.v20211117-0650/eclipse_11600.so
7f3b67810000-7f3b67a0f000 ---p 00010000 00:1c16 360                      /home/runner/.cache/jdt-language-server/config/org.eclipse.equinox.launcher/org.eclipse.equinox.launcher.gtk.linux.x86_64_1.2.400.v20211117-0650/eclipse_11600.so
7f3b67a0f000-7f3b67a10000 r--p 0000f000 00:1c16 360                      /home/runner/.cache/jdt-language-server/config/org.eclipse.equinox.launcher/org.eclipse.equinox.launcher.gtk.linux.x86_64_1.2.400.v20211117-0650/eclipse_11600.so
7f3b67a10000-7f3b67a11000 rw-p 00010000 00:1c16 360                      /home/runner/.cache/jdt-language-server/config/org.eclipse.equinox.launcher/org.eclipse.equinox.launcher.gtk.linux.x86_64_1.2.400.v20211117-0650/eclipse_11600.so
7f3b67b00000-7f3b67b04000 ---p 00000000 00:00 0 
7f3b67b04000-7f3b67c00000 rw-p 00000000 00:00 0 
7f3b67d00000-7f3b67d04000 ---p 00000000 00:00 0 
7f3b67d04000-7f3b67e00000 rw-p 00000000 00:00 0 
7f3b67f00000-7f3b67f04000 ---p 00000000 00:00 0 
7f3b67f04000-7f3b68000000 rw-p 00000000 00:00 0 
7f3b68100000-7f3b68104000 ---p 00000000 00:00 0 
7f3b68104000-7f3b68200000 rw-p 00000000 00:00 0 
7f3b68300000-7f3b68304000 ---p 00000000 00:00 0 
7f3b68304000-7f3b68400000 rw-p 00000000 00:00 0 
7f3b68500000-7f3b68504000 ---p 00000000 00:00 0 
7f3b68504000-7f3b68600000 rw-p 00000000 00:00 0 
7f3b68700000-7f3b68704000 ---p 00000000 00:00 0 
7f3b68704000-7f3b68800000 rw-p 00000000 00:00 0 
7f3b68900000-7f3b68904000 ---p 00000000 00:00 0 
7f3b68904000-7f3b68a00000 rw-p 00000000 00:00 0 
7f3b68b00000-7f3b68b04000 ---p 00000000 00:00 0 
7f3b68b04000-7f3b68c00000 rw-p 00000000 00:00 0 
7f3b68d00000-7f3b68d04000 ---p 00000000 00:00 0 
7f3b68d04000-7f3b68e00000 rw-p 00000000 00:00 0 
7f3b68f00000-7f3b68f04000 ---p 00000000 00:00 0 
7f3b68f04000-7f3b69000000 rw-p 00000000 00:00 0 
7f3b69100000-7f3b69104000 ---p 00000000 00:00 0 
7f3b69104000-7f3b69200000 rw-p 00000000 00:00 0 
7f3b69300000-7f3b69304000 ---p 00000000 00:00 0 
7f3b69304000-7f3b69400000 rw-p 00000000 00:00 0 
7f3b69500000-7f3b69504000 ---p 00000000 00:00 0 
7f3b69504000-7f3b69600000 rw-p 00000000 00:00 0 
7f3b69700000-7f3b69704000 ---p 00000000 00:00 0 
7f3b69704000-7f3b69800000 rw-p 00000000 00:00 0 
7f3b69900000-7f3b69904000 ---p 00000000 00:00 0 
7f3b69904000-7f3b69a00000 rw-p 00000000 00:00 0 
7f3b69a00000-7f3b69a04000 ---p 00000000 00:00 0 
7f3b69a04000-7f3b69b00000 rw-p 00000000 00:00 0 
7f3b69b00000-7f3b69b04000 ---p 00000000 00:00 0 
7f3b69b04000-7f3b69c00000 rw-p 00000000 00:00 0 
7f3b69d00000-7f3b69d04000 ---p 00000000 00:00 0 
7f3b69d04000-7f3b69e00000 rw-p 00000000 00:00 0 
7f3b69e00000-7f3b69e04000 ---p 00000000 00:00 0 
7f3b69e04000-7f3b69f00000 rw-p 00000000 00:00 0 
7f3b69f00000-7f3b69f04000 ---p 00000000 00:00 0 
7f3b69f04000-7f3b6a000000 rw-p 00000000 00:00 0 
7f3b6a100000-7f3b6a104000 ---p 00000000 00:00 0 
7f3b6a104000-7f3b6a200000 rw-p 00000000 00:00 0 
7f3b6a300000-7f3b6a304000 ---p 00000000 00:00 0 
7f3b6a304000-7f3b6a400000 rw-p 00000000 00:00 0 
7f3b6a500000-7f3b6a504000 ---p 00000000 00:00 0 
7f3b6a504000-7f3b6a600000 rw-p 00000000 00:00 0 
7f3b6a700000-7f3b6a704000 ---p 00000000 00:00 0 
7f3b6a704000-7f3b6a800000 rw-p 00000000 00:00 0 
7f3b6a900000-7f3b6a904000 ---p 00000000 00:00 0 
7f3b6a904000-7f3b6aa00000 rw-p 00000000 00:00 0 
7f3b6ab00000-7f3b6ab04000 ---p 00000000 00:00 0 
7f3b6ab04000-7f3b6ac00000 rw-p 00000000 00:00 0 
7f3b6ad00000-7f3b6ad04000 ---p 00000000 00:00 0 
7f3b6ad04000-7f3b6ae00000 rw-p 00000000 00:00 0 
7f3b6ba68000-7f3b6bf00000 rw-p 00000000 00:00 0 
7f3b6c000000-7f3b6c021000 rw-p 00000000 00:00 0 
7f3b6c021000-7f3b70000000 ---p 00000000 00:00 0 
7f3b70000000-7f3b70021000 rw-p 00000000 00:00 0 
7f3b70021000-7f3b74000000 ---p 00000000 00:00 0 
7f3b74000000-7f3b74021000 rw-p 00000000 00:00 0 
7f3b74021000-7f3b78000000 ---p 00000000 00:00 0 
7f3b78000000-7f3b78021000 rw-p 00000000 00:00 0 
7f3b78021000-7f3b7c000000 ---p 00000000 00:00 0 
7f3b7c000000-7f3b7c0d8000 rw-p 00000000 00:00 0 
7f3b7c0d8000-7f3b80000000 ---p 00000000 00:00 0 
7f3b80000000-7f3b80af6000 rw-p 00000000 00:00 0 
7f3b80af6000-7f3b84000000 ---p 00000000 00:00 0 
7f3b84000000-7f3b84021000 rw-p 00000000 00:00 0 
7f3b84021000-7f3b88000000 ---p 00000000 00:00 0 
7f3b88000000-7f3b88021000 rw-p 00000000 00:00 0 
7f3b88021000-7f3b8c000000 ---p 00000000 00:00 0 
7f3b8c000000-7f3b8c021000 rw-p 00000000 00:00 0 
7f3b8c021000-7f3b90000000 ---p 00000000 00:00 0 
7f3b90000000-7f3b90021000 rw-p 00000000 00:00 0 
7f3b90021000-7f3b94000000 ---p 00000000 00:00 0 
7f3b94000000-7f3b94021000 rw-p 00000000 00:00 0 
7f3b94021000-7f3b98000000 ---p 00000000 00:00 0 
7f3b98000000-7f3b98021000 rw-p 00000000 00:00 0 
7f3b98021000-7f3b9c000000 ---p 00000000 00:00 0 
7f3b9c000000-7f3b9c1bf000 rw-p 00000000 00:00 0 
7f3b9c1bf000-7f3ba0004000 ---p 00000000 00:00 0 
7f3ba0004000-7f3ba0100000 rw-p 00000000 00:00 0 
7f3ba0100000-7f3ba0104000 ---p 00000000 00:00 0 
7f3ba0104000-7f3ba0200000 rw-p 00000000 00:00 0 
7f3ba0200000-7f3ba236a000 r-xp 00000000 00:1c57 4611686019135190040      /nix/store/gpxl5qgg8kicmcvivwmybwjlpf7wh20l-graalvm17-ce-22.3.0/lib/libjvmcicompiler.so
7f3ba236a000-7f3ba2569000 ---p 0216a000 00:1c57 4611686019135190040      /nix/store/gpxl5qgg8kicmcvivwmybwjlpf7wh20l-graalvm17-ce-22.3.0/lib/libjvmcicompiler.so
7f3ba2569000-7f3ba256a000 r--p 02169000 00:1c57 4611686019135190040      /nix/store/gpxl5qgg8kicmcvivwmybwjlpf7wh20l-graalvm17-ce-22.3.0/lib/libjvmcicompiler.so
7f3ba256a000-7f3ba256c000 rw-p 0216a000 00:1c57 4611686019135190040      /nix/store/gpxl5qgg8kicmcvivwmybwjlpf7wh20l-graalvm17-ce-22.3.0/lib/libjvmcicompiler.so
7f3ba256c000-7f3ba256d000 rw-p 00000000 00:00 0 
7f3ba256d000-7f3ba2572000 rw-p 023c3000 00:1c57 4611686019135190040      /nix/store/gpxl5qgg8kicmcvivwmybwjlpf7wh20l-graalvm17-ce-22.3.0/lib/libjvmcicompiler.so
7f3ba25cb000-7f3ba25cf000 ---p 00000000 00:00 0 
7f3ba25cf000-7f3ba26cb000 rw-p 00000000 00:00 0 
7f3ba26cb000-7f3ba26cc000 ---p 00000000 00:00 0 
7f3ba26cc000-7f3ba27cd000 rw-p 00000000 00:00 0 
7f3ba27cd000-7f3ba27d1000 ---p 00000000 00:00 0 
7f3ba27d1000-7f3ba28cd000 rw-p 00000000 00:00 0 
7f3ba28cd000-7f3ba28d1000 ---p 00000000 00:00 0 
7f3ba28d1000-7f3ba29cd000 rw-p 00000000 00:00 0 
7f3ba29cd000-7f3ba29d1000 ---p 00000000 00:00 0 
7f3ba29d1000-7f3ba2acd000 rw-p 00000000 00:00 0 
7f3ba2acd000-7f3ba2ad1000 ---p 00000000 00:00 0 
7f3ba2ad1000-7f3ba2ccd000 rw-p 00000000 00:00 0 
7f3ba2ccd000-7f3ba2cd1000 ---p 00000000 00:00 0 
7f3ba2cd1000-7f3ba2ecd000 rw-p 00000000 00:00 0 
7f3ba2ecd000-7f3ba2ed1000 ---p 00000000 00:00 0 
7f3ba2ed1000-7f3ba2fcd000 rw-p 00000000 00:00 0 
7f3ba2fcd000-7f3ba2fd1000 ---p 00000000 00:00 0 
7f3ba2fd1000-7f3ba30cd000 rw-p 00000000 00:00 0 
7f3ba30cd000-7f3ba30d1000 ---p 00000000 00:00 0 
7f3ba30d1000-7f3ba31cd000 rw-p 00000000 00:00 0 
7f3ba31cd000-7f3ba34b3000 r--p 00000000 00:1a1f 28444448                 /usr/lib/locale/locale-archive
7f3ba34b3000-7f3ba3723000 rwxp 00000000 00:00 0 
7f3ba3723000-7f3ba3a42000 ---p 00000000 00:00 0 
7f3ba3a42000-7f3ba4a62000 rwxp 00000000 00:00 0 
7f3ba4a62000-7f3baaf7a000 ---p 00000000 00:00 0 
7f3baaf7a000-7f3bab24a000 rwxp 00000000 00:00 0 
7f3bab24a000-7f3bb24b3000 ---p 00000000 00:00 0 
7f3bb24b3000-7f3bbc000000 r--s 00000000 00:1c57 4611686019135192581      /nix/store/gpxl5qgg8kicmcvivwmybwjlpf7wh20l-graalvm17-ce-22.3.0/lib/modules
7f3bbc000000-7f3bbc431000 rw-p 00000000 00:00 0 
7f3bbc431000-7f3bc0000000 ---p 00000000 00:00 0 
7f3bc002e000-7f3bc0032000 ---p 00000000 00:00 0 
7f3bc0032000-7f3bc012e000 rw-p 00000000 00:00 0 
7f3bc012e000-7f3bc0132000 ---p 00000000 00:00 0 
7f3bc0132000-7f3bc022e000 rw-p 00000000 00:00 0 
7f3bc022e000-7f3bc022f000 ---p 00000000 00:00 0 
7f3bc022f000-7f3bc0330000 rw-p 00000000 00:00 0 
7f3bc0330000-7f3bc03fe000 r-xp 00000000 00:1c57 4611686019135190036      /nix/store/gpxl5qgg8kicmcvivwmybwjlpf7wh20l-graalvm17-ce-22.3.0/lib/libjsvml.so
7f3bc03fe000-7f3bc03ff000 r--p 000cd000 00:1c57 4611686019135190036      /nix/store/gpxl5qgg8kicmcvivwmybwjlpf7wh20l-graalvm17-ce-22.3.0/lib/libjsvml.so
7f3bc03ff000-7f3bc0400000 rw-p 000ce000 00:1c57 4611686019135190036      /nix/store/gpxl5qgg8kicmcvivwmybwjlpf7wh20l-graalvm17-ce-22.3.0/lib/libjsvml.so
7f3bc0400000-7f3bc0800000 rw-p 00000000 00:00 0 
7f3bc0800000-7f3bc0ac0000 rw-p 00000000 00:00 0 
7f3bc0ac0000-7f3bc0b00000 rw-p 00000000 00:00 0 
7f3bc0b00000-7f3bc0c00000 rw-p 00000000 00:00 0 
7f3bc0c35000-7f3bc0c39000 ---p 00000000 00:00 0 
7f3bc0c39000-7f3bc0c57000 rw-p 00000000 00:00 0 
7f3bc0c57000-7f3bc0c5e000 r-xp 00000000 00:1c57 4611686019135192580      /nix/store/gpxl5qgg8kicmcvivwmybwjlpf7wh20l-graalvm17-ce-22.3.0/lib/libzip.so
7f3bc0c5e000-7f3bc0c5f000 ---p 00007000 00:1c57 4611686019135192580      /nix/store/gpxl5qgg8kicmcvivwmybwjlpf7wh20l-graalvm17-ce-22.3.0/lib/libzip.so
7f3bc0c5f000-7f3bc0c60000 r--p 00007000 00:1c57 4611686019135192580      /nix/store/gpxl5qgg8kicmcvivwmybwjlpf7wh20l-graalvm17-ce-22.3.0/lib/libzip.so
7f3bc0c60000-7f3bc0c61000 rw-p 00008000 00:1c57 4611686019135192580      /nix/store/gpxl5qgg8kicmcvivwmybwjlpf7wh20l-graalvm17-ce-22.3.0/lib/libzip.so
7f3bc0c61000-7f3bc0c63000 rw-p 0000b000 00:1c57 4611686019135192580      /nix/store/gpxl5qgg8kicmcvivwmybwjlpf7wh20l-graalvm17-ce-22.3.0/lib/libzip.so
7f3bc0c63000-7f3bc0c78000 r-xp 00000000 00:1c57 4611686019135192570      /nix/store/gpxl5qgg8kicmcvivwmybwjlpf7wh20l-graalvm17-ce-22.3.0/lib/libnet.so
7f3bc0c78000-7f3bc0c79000 ---p 00015000 00:1c57 4611686019135192570      /nix/store/gpxl5qgg8kicmcvivwmybwjlpf7wh20l-graalvm17-ce-22.3.0/lib/libnet.so
7f3bc0c79000-7f3bc0c7a000 r--p 00015000 00:1c57 4611686019135192570      /nix/store/gpxl5qgg8kicmcvivwmybwjlpf7wh20l-graalvm17-ce-22.3.0/lib/libnet.so
7f3bc0c7a000-7f3bc0c7b000 rw-p 00016000 00:1c57 4611686019135192570      /nix/store/gpxl5qgg8kicmcvivwmybwjlpf7wh20l-graalvm17-ce-22.3.0/lib/libnet.so
7f3bc0c7b000-7f3bc0c7e000 rw-p 0001b000 00:1c57 4611686019135192570      /nix/store/gpxl5qgg8kicmcvivwmybwjlpf7wh20l-graalvm17-ce-22.3.0/lib/libnet.so
7f3bc0c7e000-7f3bc0c91000 r-xp 00000000 00:1c57 4611686019135192571      /nix/store/gpxl5qgg8kicmcvivwmybwjlpf7wh20l-graalvm17-ce-22.3.0/lib/libnio.so
7f3bc0c91000-7f3bc0c92000 r--p 00012000 00:1c57 4611686019135192571      /nix/store/gpxl5qgg8kicmcvivwmybwjlpf7wh20l-graalvm17-ce-22.3.0/lib/libnio.so
7f3bc0c92000-7f3bc0c93000 rw-p 00013000 00:1c57 4611686019135192571      /nix/store/gpxl5qgg8kicmcvivwmybwjlpf7wh20l-graalvm17-ce-22.3.0/lib/libnio.so
7f3bc0c93000-7f3bc0c98000 rw-p 00019000 00:1c57 4611686019135192571      /nix/store/gpxl5qgg8kicmcvivwmybwjlpf7wh20l-graalvm17-ce-22.3.0/lib/libnio.so
7f3bc0c98000-7f3bc2570000 rw-p 00000000 00:00 0 
7f3bc2570000-7f3bc2571000 ---p 00000000 00:00 0 
7f3bc2571000-7f3bc271c000 rw-p 00000000 00:00 0 
7f3bc271c000-7f3bc272f000 rw-p 00000000 00:00 0 
7f3bc272f000-7f3bc2772000 ---p 00000000 00:00 0 
7f3bc2772000-7f3bc2779000 rw-p 00000000 00:00 0 
7f3bc2779000-7f3bc285e000 ---p 00000000 00:00 0 
7f3bc285e000-7f3bc287f000 rw-p 00000000 00:00 0 
7f3bc287f000-7f3bc2949000 ---p 00000000 00:00 0 
7f3bc2949000-7f3bc294e000 rw-p 00000000 00:00 0 
7f3bc294e000-7f3bc2955000 ---p 00000000 00:00 0 
7f3bc2955000-7f3bc2979000 r-xp 00000000 00:1c57 4611686019135190028      /nix/store/gpxl5qgg8kicmcvivwmybwjlpf7wh20l-graalvm17-ce-22.3.0/lib/libjava.so
7f3bc2979000-7f3bc297a000 ---p 00024000 00:1c57 4611686019135190028      /nix/store/gpxl5qgg8kicmcvivwmybwjlpf7wh20l-graalvm17-ce-22.3.0/lib/libjava.so
7f3bc297a000-7f3bc297b000 r--p 00024000 00:1c57 4611686019135190028      /nix/store/gpxl5qgg8kicmcvivwmybwjlpf7wh20l-graalvm17-ce-22.3.0/lib/libjava.so
7f3bc297b000-7f3bc297c000 rw-p 00025000 00:1c57 4611686019135190028      /nix/store/gpxl5qgg8kicmcvivwmybwjlpf7wh20l-graalvm17-ce-22.3.0/lib/libjava.so
7f3bc297c000-7f3bc297d000 rw-p 00000000 00:00 0 
7f3bc297d000-7f3bc2984000 rw-p 0002f000 00:1c57 4611686019135190028      /nix/store/gpxl5qgg8kicmcvivwmybwjlpf7wh20l-graalvm17-ce-22.3.0/lib/libjava.so
7f3bc2984000-7f3bc298c000 rw-s 00000000 00:fa1 647                       /tmp/hsperfdata_runner/3705
7f3bc298c000-7f3bc298d000 ---p 00000000 00:00 0 
7f3bc298d000-7f3bc298e000 r--p 00000000 00:00 0 
7f3bc298e000-7f3bc298f000 rwxp 00000000 00:00 0 
7f3bc298f000-7f3bc29aa000 r-xp 00000000 00:1c57 4611686019135190032      /nix/store/gpxl5qgg8kicmcvivwmybwjlpf7wh20l-graalvm17-ce-22.3.0/lib/libjimage.so
7f3bc29aa000-7f3bc29ab000 ---p 0001b000 00:1c57 4611686019135190032      /nix/store/gpxl5qgg8kicmcvivwmybwjlpf7wh20l-graalvm17-ce-22.3.0/lib/libjimage.so
7f3bc29ab000-7f3bc29ad000 r--p 0001b000 00:1c57 4611686019135190032      /nix/store/gpxl5qgg8kicmcvivwmybwjlpf7wh20l-graalvm17-ce-22.3.0/lib/libjimage.so
7f3bc29ad000-7f3bc29ae000 rw-p 0001d000 00:1c57 4611686019135190032      /nix/store/gpxl5qgg8kicmcvivwmybwjlpf7wh20l-graalvm17-ce-22.3.0/lib/libjimage.so
7f3bc29ae000-7f3bc29af000 rw-p 00024000 00:1c57 4611686019135190032      /nix/store/gpxl5qgg8kicmcvivwmybwjlpf7wh20l-graalvm17-ce-22.3.0/lib/libjimage.so
7f3bc29af000-7f3bc29b3000 ---p 00000000 00:00 0 
7f3bc29b3000-7f3bc2aaf000 rw-p 00000000 00:00 0 
7f3bc2aaf000-7f3bc2abd000 r--p 00000000 00:1c57 4611686019027979927      /nix/store/4nlgxhb09sdr51nc9hdm8az5b08vzkgx-glibc-2.35-163/lib/libm.so.6
7f3bc2abd000-7f3bc2b30000 r-xp 0000e000 00:1c57 4611686019027979927      /nix/store/4nlgxhb09sdr51nc9hdm8az5b08vzkgx-glibc-2.35-163/lib/libm.so.6
7f3bc2b30000-7f3bc2b8d000 r--p 00081000 00:1c57 4611686019027979927      /nix/store/4nlgxhb09sdr51nc9hdm8az5b08vzkgx-glibc-2.35-163/lib/libm.so.6
7f3bc2b8d000-7f3bc2b8e000 r--p 000dd000 00:1c57 4611686019027979927      /nix/store/4nlgxhb09sdr51nc9hdm8az5b08vzkgx-glibc-2.35-163/lib/libm.so.6
7f3bc2b8e000-7f3bc2b8f000 rw-p 000de000 00:1c57 4611686019027979927      /nix/store/4nlgxhb09sdr51nc9hdm8az5b08vzkgx-glibc-2.35-163/lib/libm.so.6
7f3bc2b8f000-7f3bc2b90000 r--p 00000000 00:1c57 4611686019027979946      /nix/store/4nlgxhb09sdr51nc9hdm8az5b08vzkgx-glibc-2.35-163/lib/librt.so.1
7f3bc2b90000-7f3bc2b91000 r-xp 00001000 00:1c57 4611686019027979946      /nix/store/4nlgxhb09sdr51nc9hdm8az5b08vzkgx-glibc-2.35-163/lib/librt.so.1
7f3bc2b91000-7f3bc2b92000 r--p 00002000 00:1c57 4611686019027979946      /nix/store/4nlgxhb09sdr51nc9hdm8az5b08vzkgx-glibc-2.35-163/lib/librt.so.1
7f3bc2b92000-7f3bc2b93000 r--p 00002000 00:1c57 4611686019027979946      /nix/store/4nlgxhb09sdr51nc9hdm8az5b08vzkgx-glibc-2.35-163/lib/librt.so.1
7f3bc2b93000-7f3bc2b94000 rw-p 00003000 00:1c57 4611686019027979946      /nix/store/4nlgxhb09sdr51nc9hdm8az5b08vzkgx-glibc-2.35-163/lib/librt.so.1
7f3bc2b94000-7f3bc3ca7000 r-xp 00000000 00:1c57 4611686019135360866      /nix/store/gpxl5qgg8kicmcvivwmybwjlpf7wh20l-graalvm17-ce-22.3.0/lib/server/libjvm.so
7f3bc3ca7000-7f3bc3ca8000 ---p 01113000 00:1c57 4611686019135360866      /nix/store/gpxl5qgg8kicmcvivwmybwjlpf7wh20l-graalvm17-ce-22.3.0/lib/server/libjvm.so
7f3bc3ca8000-7f3bc3d5d000 r--p 01113000 00:1c57 4611686019135360866      /nix/store/gpxl5qgg8kicmcvivwmybwjlpf7wh20l-graalvm17-ce-22.3.0/lib/server/libjvm.so
7f3bc3d5d000-7f3bc3d91000 rw-p 011c8000 00:1c57 4611686019135360866      /nix/store/gpxl5qgg8kicmcvivwmybwjlpf7wh20l-graalvm17-ce-22.3.0/lib/server/libjvm.so
7f3bc3d91000-7f3bc3ded000 rw-p 00000000 00:00 0 
7f3bc3ded000-7f3bc3e15000 r--p 00000000 00:1c57 4611686019027979918      /nix/store/4nlgxhb09sdr51nc9hdm8az5b08vzkgx-glibc-2.35-163/lib/libc.so.6
7f3bc3e15000-7f3bc3f8b000 r-xp 00028000 00:1c57 4611686019027979918      /nix/store/4nlgxhb09sdr51nc9hdm8az5b08vzkgx-glibc-2.35-163/lib/libc.so.6
7f3bc3f8b000-7f3bc3fe3000 r--p 0019e000 00:1c57 4611686019027979918      /nix/store/4nlgxhb09sdr51nc9hdm8az5b08vzkgx-glibc-2.35-163/lib/libc.so.6
7f3bc3fe3000-7f3bc3fe7000 r--p 001f6000 00:1c57 4611686019027979918      /nix/store/4nlgxhb09sdr51nc9hdm8az5b08vzkgx-glibc-2.35-163/lib/libc.so.6
7f3bc3fe7000-7f3bc3fe9000 rw-p 001fa000 00:1c57 4611686019027979918      /nix/store/4nlgxhb09sdr51nc9hdm8az5b08vzkgx-glibc-2.35-163/lib/libc.so.6
7f3bc3fe9000-7f3bc3ff8000 rw-p 00000000 00:00 0 
7f3bc3ff8000-7f3bc3ff9000 r--p 00000000 00:1c57 4611686019027979923      /nix/store/4nlgxhb09sdr51nc9hdm8az5b08vzkgx-glibc-2.35-163/lib/libdl.so.2
7f3bc3ff9000-7f3bc3ffa000 r-xp 00001000 00:1c57 4611686019027979923      /nix/store/4nlgxhb09sdr51nc9hdm8az5b08vzkgx-glibc-2.35-163/lib/libdl.so.2
7f3bc3ffa000-7f3bc3ffb000 r--p 00002000 00:1c57 4611686019027979923      /nix/store/4nlgxhb09sdr51nc9hdm8az5b08vzkgx-glibc-2.35-163/lib/libdl.so.2
7f3bc3ffb000-7f3bc3ffc000 r--p 00002000 00:1c57 4611686019027979923      /nix/store/4nlgxhb09sdr51nc9hdm8az5b08vzkgx-glibc-2.35-163/lib/libdl.so.2
7f3bc3ffc000-7f3bc3ffd000 rw-p 00003000 00:1c57 4611686019027979923      /nix/store/4nlgxhb09sdr51nc9hdm8az5b08vzkgx-glibc-2.35-163/lib/libdl.so.2
7f3bc3ffd000-7f3bc3ffe000 r--p 00000000 00:1c57 4611686019027979942      /nix/store/4nlgxhb09sdr51nc9hdm8az5b08vzkgx-glibc-2.35-163/lib/libpthread.so.0
7f3bc3ffe000-7f3bc3fff000 r-xp 00001000 00:1c57 4611686019027979942      /nix/store/4nlgxhb09sdr51nc9hdm8az5b08vzkgx-glibc-2.35-163/lib/libpthread.so.0
7f3bc3fff000-7f3bc4000000 r--p 00002000 00:1c57 4611686019027979942      /nix/store/4nlgxhb09sdr51nc9hdm8az5b08vzkgx-glibc-2.35-163/lib/libpthread.so.0
7f3bc4000000-7f3bc4001000 r--p 00002000 00:1c57 4611686019027979942      /nix/store/4nlgxhb09sdr51nc9hdm8az5b08vzkgx-glibc-2.35-163/lib/libpthread.so.0
7f3bc4001000-7f3bc4002000 rw-p 00003000 00:1c57 4611686019027979942      /nix/store/4nlgxhb09sdr51nc9hdm8az5b08vzkgx-glibc-2.35-163/lib/libpthread.so.0
7f3bc4002000-7f3bc4010000 r-xp 00000000 00:1c57 4611686019135190033      /nix/store/gpxl5qgg8kicmcvivwmybwjlpf7wh20l-graalvm17-ce-22.3.0/lib/libjli.so
7f3bc4010000-7f3bc4011000 ---p 0000e000 00:1c57 4611686019135190033      /nix/store/gpxl5qgg8kicmcvivwmybwjlpf7wh20l-graalvm17-ce-22.3.0/lib/libjli.so
7f3bc4011000-7f3bc4012000 r--p 0000e000 00:1c57 4611686019135190033      /nix/store/gpxl5qgg8kicmcvivwmybwjlpf7wh20l-graalvm17-ce-22.3.0/lib/libjli.so
7f3bc4012000-7f3bc4013000 rw-p 0000f000 00:1c57 4611686019135190033      /nix/store/gpxl5qgg8kicmcvivwmybwjlpf7wh20l-graalvm17-ce-22.3.0/lib/libjli.so
7f3bc4013000-7f3bc4014000 rw-p 00012000 00:1c57 4611686019135190033      /nix/store/gpxl5qgg8kicmcvivwmybwjlpf7wh20l-graalvm17-ce-22.3.0/lib/libjli.so
7f3bc4014000-7f3bc4017000 r--p 00000000 00:1c57 4611686019106210071      /nix/store/026hln0aq1hyshaxsdvhg0kmcm6yf45r-zlib-1.2.13/lib/libz.so.1.2.13
7f3bc4017000-7f3bc4029000 r-xp 00003000 00:1c57 4611686019106210071      /nix/store/026hln0aq1hyshaxsdvhg0kmcm6yf45r-zlib-1.2.13/lib/libz.so.1.2.13
7f3bc4029000-7f3bc4030000 r--p 00015000 00:1c57 4611686019106210071      /nix/store/026hln0aq1hyshaxsdvhg0kmcm6yf45r-zlib-1.2.13/lib/libz.so.1.2.13
7f3bc4030000-7f3bc4031000 r--p 0001b000 00:1c57 4611686019106210071      /nix/store/026hln0aq1hyshaxsdvhg0kmcm6yf45r-zlib-1.2.13/lib/libz.so.1.2.13
7f3bc4031000-7f3bc4032000 rw-p 0001c000 00:1c57 4611686019106210071      /nix/store/026hln0aq1hyshaxsdvhg0kmcm6yf45r-zlib-1.2.13/lib/libz.so.1.2.13
7f3bc4032000-7f3bc4034000 rw-p 00000000 00:00 0 
7f3bc4034000-7f3bc4036000 r--p 00000000 00:1c57 4611686019027979912      /nix/store/4nlgxhb09sdr51nc9hdm8az5b08vzkgx-glibc-2.35-163/lib/ld-linux-x86-64.so.2
7f3bc4036000-7f3bc405d000 r-xp 00002000 00:1c57 4611686019027979912      /nix/store/4nlgxhb09sdr51nc9hdm8az5b08vzkgx-glibc-2.35-163/lib/ld-linux-x86-64.so.2
7f3bc405d000-7f3bc4069000 r--p 00029000 00:1c57 4611686019027979912      /nix/store/4nlgxhb09sdr51nc9hdm8az5b08vzkgx-glibc-2.35-163/lib/ld-linux-x86-64.so.2
7f3bc4069000-7f3bc406b000 r--p 00034000 00:1c57 4611686019027979912      /nix/store/4nlgxhb09sdr51nc9hdm8az5b08vzkgx-glibc-2.35-163/lib/ld-linux-x86-64.so.2
7f3bc406b000-7f3bc406d000 rw-p 00036000 00:1c57 4611686019027979912      /nix/store/4nlgxhb09sdr51nc9hdm8az5b08vzkgx-glibc-2.35-163/lib/ld-linux-x86-64.so.2
7ffdad51b000-7ffdad53f000 rw-p 00000000 00:00 0                          [stack]
7ffdad557000-7ffdad55b000 r--p 00000000 00:00 0                          [vvar]
7ffdad55b000-7ffdad55d000 r-xp 00000000 00:00 0                          [vdso]
ffffffffff600000-ffffffffff601000 --xp 00000000 00:00 0                  [vsyscall]


VM Arguments:
jvm_args: -XX:ThreadPriorityPolicy=1 -XX:+UnlockExperimentalVMOptions -XX:+EnableJVMCIProduct -XX:JVMCIThreadsPerNativeLibraryRuntime=1 -XX:-UnlockExperimentalVMOptions -Declipse.application=org.eclipse.jdt.ls.core.id1 -Dosgi.bundles.defaultStartLevel=4 -Declipse.product=org.eclipse.jdt.ls.core.product -Dlog.level=ALL -Xverify:none -XX:+UseParallelGC -XX:GCTimeRatio=4 -XX:AdaptiveSizePolicyWeight=90 -Dsun.zip.disableMemoryMapping=true -Xmx512m -Xms100m 
java_command: /nix/store/m6gcpi1ii6rghy04cjwjddcavv7i90df-jdt-language-server-1.9.0/share/java/plugins/org.eclipse.equinox.launcher_1.6.400.v20210924-0641.jar --add-modules=ALL-SYSTEM --add-opens java.base/java.util=ALL-UNNAMED --add-opens java.base/java.lang=ALL-UNNAMED -configuration /home/runner/.cache/jdt-language-server/config -data /home/runner/.cache/jdt-language-server/data/home/runner/summativeProject
java_class_path (initial): /nix/store/m6gcpi1ii6rghy04cjwjddcavv7i90df-jdt-language-server-1.9.0/share/java/plugins/org.eclipse.equinox.launcher_1.6.400.v20210924-0641.jar
Launcher Type: SUN_STANDARD

[Global flags]
    uintx AdaptiveSizePolicyWeight                 = 90                                        {product} {command line}
     intx CICompilerCount                          = 2                                         {product} {ergonomic}
     bool EnableJVMCIProduct                       = true                                {JVMCI product} {jimage}
    uintx GCTimeRatio                              = 4                                         {product} {command line}
   size_t InitialHeapSize                          = 104857600                                 {product} {command line}
     uint JVMCIThreadsPerNativeLibraryRuntime      = 1                                   {JVMCI product} {jimage}
   size_t MaxHeapSize                              = 536870912                                 {product} {command line}
   size_t MaxNewSize                               = 178782208                                 {product} {ergonomic}
   size_t MinHeapDeltaBytes                        = 524288                                    {product} {ergonomic}
   size_t MinHeapSize                              = 104857600                                 {product} {command line}
   size_t NewSize                                  = 34603008                                  {product} {ergonomic}
    uintx NonNMethodCodeHeapSize                   = 5826188                                {pd product} {ergonomic}
    uintx NonProfiledCodeHeapSize                  = 122916026                              {pd product} {ergonomic}
   size_t OldSize                                  = 70254592                                  {product} {ergonomic}
    uintx ProfiledCodeHeapSize                     = 122916026                              {pd product} {ergonomic}
    uintx ReservedCodeCacheSize                    = 251658240                              {pd product} {ergonomic}
     bool SegmentedCodeCache                       = true                                      {product} {ergonomic}
   size_t SoftMaxHeapSize                          = 536870912                              {manageable} {ergonomic}
     intx ThreadPriorityPolicy                     = 1                                         {product} {jimage}
     bool UseCompressedClassPointers               = true                           {product lp64_product} {ergonomic}
     bool UseCompressedOops                        = true                           {product lp64_product} {ergonomic}
     bool UseParallelGC                            = true                                      {product} {command line}

Logging:
Log output configuration:
 #0: stdout all=warning uptime,level,tags
 #1: stderr all=off uptime,level,tags

Environment Variables:
JAVA_HOME=/nix/store/gpxl5qgg8kicmcvivwmybwjlpf7wh20l-graalvm17-ce-22.3.0
PATH=/nix/store/1d6ian3r8kdzspw8hacjhl3xkp40g1lj-binutils-wrapper-2.39/bin:/nix/store/dq0xwmsk1g0i2ayg6pb7y87na2knzylh-gcc-wrapper-11.3.0/bin:/nix/store/bap4d0lpcrhpwmpb8ayjcgkmvfj62lnq-bash-interactive-5.1-p16/bin:/nix/store/pr5n59mb4jzmfx6kanwxly0l07p861fg-patchelf-0.15.0/bin:/nix/store/1gf2flfqnpqbr1b4p4qz2f72y42bs56r-gcc-11.3.0/bin:/nix/store/57xv61c5zi8pphjbcwxxjlgc34p61ic9-glibc-2.35-163-bin/bin:/nix/store/a7gvj343m05j2s32xcnwr35v31ynlypr-coreutils-9.1/bin:/nix/store/039g378vc3pc3dvi9dzdlrd0i4q93qwf-binutils-2.39/bin:/nix/store/gpxl5qgg8kicmcvivwmybwjlpf7wh20l-graalvm17-ce-22.3.0/bin:/nix/store/6z9ag3ihc8mq2hzsw48lhbznvzny65nz-apache-maven-3.8.6/bin:/nix/store/m6gcpi1ii6rghy04cjwjddcavv7i90df-jdt-language-server-1.9.0/bin:/nix/store/84xs5alhs01zrbr4ywm05kxbjbp5590l-java-debug/bin:/nix/store/mydc6f4k2z73xlcz7ilif3v2lcaiqvza-findutils-4.9.0/bin:/nix/store/j9p3g8472iijd50vhdprx0nmk2fqn5gv-diffutils-3.8/bin:/nix/store/89zs7rms6x00xfq4dq6m7mjnhkr8a6r4-gnused-4.8/bin:/nix/store/86bp03jkmsl6f92w0yzg4s59g5mhxwmy-gnugrep-3.7/bin:/nix/store/hwcdqw4jrjnd37wxqgsd47hd0j8bnj09-gawk-5.1.1/bin:/nix/store/cfbhw8r8ags41vwqaz47r583d0p4h4a1-gnutar-1.34/bin:/nix/store/p3m1ndl1lapwrlh698bnb5lvvxh67378-gzip-1.12/bin:/nix/store/a8mhcagrsly7c7mpjrpsnaahk4aax056-bzip2-1.0.8-bin/bin:/nix/store/mblgz65m3zv9x548a3d5m96fj2pbwr09-gnumake-4.3/bin:/nix/store/dsd5gz46hdbdk2rfdimqddhq6m8m8fqs-bash-5.1-p16/bin:/nix/store/v7ljksji50mg3w61dykaa3n3y79n6nil-patch-2.7.6/bin:/nix/store/zlcnmqq14jz5x9439jf937mvayyl63da-xz-5.2.7-bin/bin:/nix/store/y6aj732zm9m87c82fpvf103a1xb22blp-file-5.43/bin:/nix/store/i4kzir3m7mrisxmf5xvlnkw01x4qaqr4-prybar-elisp-0.0.0-e0d9a52/bin:/nix/store/lwwivxf6h7x3cvxp9zv8sj0mv7dak99r-prybar-lua-0.0.0-e0d9a52/bin:/nix/store/gxj28g1cg4hq3qanmjv07156h800qr58-prybar-python3-0.0.0-e0d9a52/bin:/nix/store/hshkjnxrgidigf8x75vg6lqng2xlx9i3-prybar-sqlite-0.0.0-e0d9a52/bin:/nix/store/c4w01bpjgyy5ixmwdk8m1pw87zq4sl26-prybar-tcl-0.0.0-e0d9a52/bin:/nix/store/hpbvrlwd5viqmvcaisb3x0118i913a9n-st
LD_LIBRARY_PATH=/nix/store/a4pff549sk2idnkpzk5nsfps3mdkdnvm-cups-2.4.2-lib/lib:/nix/store/72mqxxhh3cy5yifh92wh2yb8cl2hikyy-cairo-1.16.0/lib:/nix/store/2k366jrbsra97gjfxwvrhvixjfxdach5-glib-2.74.1/lib:/nix/store/2j2znigd8ak37rlwh9khz0ry3clqlw1l-gtk+3-3.24.34/lib:/nix/store/hisqvx32cd57apbpcsnkpx6k3549wql1-libglvnd-1.4.0/lib:/nix/store/p36pgcv991mq5srvg765b78yqpxvk3qs-mesa-21.3.3-drivers/lib:/nix/store/mav4251if1ahjq5vkpwycyyvnmy459c4-pulseaudio-14.2/lib
DISPLAY=:0
LANG=en_US.UTF-8

Signal Handlers:
   SIGSEGV: crash_handler in libjvm.so, mask=11100100010111111101111111111110, flags=SA_RESTART|SA_SIGINFO
    SIGBUS: crash_handler in libjvm.so, mask=11100100010111111101111111111110, flags=SA_RESTART|SA_SIGINFO
    SIGFPE: crash_handler in libjvm.so, mask=11100100010111111101111111111110, flags=SA_RESTART|SA_SIGINFO
   SIGPIPE: IsolateEnterStub_IgnoreSIGPIPEStartupHook_noopSignalHandler_8f19bff2f35b5f630d83b364d6b2339320d4ec70_216e8361c6bc87a8f89f58cc10d3b2fd4415bf87 in libjvmcicompiler.so, mask=00000000000000000000000000000000, flags=SA_RESTART
  *** Handler was modified!
  *** Expected: javaSignalHandler in libjvm.so, mask=11100100110111111111111111111110, flags=SA_RESTART|SA_SIGINFO
   SIGXFSZ: javaSignalHandler in libjvm.so, mask=11100100010111111101111111111110, flags=SA_RESTART|SA_SIGINFO
    SIGILL: crash_handler in libjvm.so, mask=11100100010111111101111111111110, flags=SA_RESTART|SA_SIGINFO
   SIGUSR2: SR_handler in libjvm.so, mask=00000000000000000000000000000000, flags=SA_RESTART|SA_SIGINFO
    SIGHUP: UserHandler in libjvm.so, mask=11100100010111111101111111111110, flags=SA_RESTART|SA_SIGINFO
    SIGINT: UserHandler in libjvm.so, mask=11100100010111111101111111111110, flags=SA_RESTART|SA_SIGINFO
   SIGTERM: UserHandler in libjvm.so, mask=11100100010111111101111111111110, flags=SA_RESTART|SA_SIGINFO
   SIGQUIT: UserHandler in libjvm.so, mask=11100100010111111101111111111110, flags=SA_RESTART|SA_SIGINFO
  *** Handler was modified!
  *** Expected: javaSignalHandler in libjvm.so, mask=11100100110111111111111111111110, flags=SA_RESTART|SA_SIGINFO
   SIGTRAP: crash_handler in libjvm.so, mask=11100100010111111101111111111110, flags=SA_RESTART|SA_SIGINFO


---------------  S Y S T E M  ---------------

OS:
DISTRIB_ID=Ubuntu
DISTRIB_RELEASE=20.04
DISTRIB_CODENAME=focal
DISTRIB_DESCRIPTION="Ubuntu 20.04.2 LTS"
uname: Linux 5.19.0-1025-gcp #27~22.04.1-Ubuntu SMP Wed May 24 03:53:01 UTC 2023 x86_64
OS uptime: 0 days 10:30 hours
libc: glibc 2.35 NPTL 2.35 
rlimit (soft/hard): STACK 8192k/infinity , CORE infinity/infinity , NPROC infinity/infinity , NOFILE 5242/5242 , AS infinity/infinity , CPU infinity/infinity , DATA infinity/infinity , FSIZE infinity/infinity , MEMLOCK 8192k/8192k
load average: 8.36 8.81 8.01

/proc/meminfo:
MemTotal:       65852244 kB
MemFree:        14188836 kB
MemAvailable:   43079184 kB
Buffers:         4055580 kB
Cached:         23462352 kB
SwapCached:            0 kB
Active:         12332708 kB
Inactive:       35214836 kB
Active(anon):      17444 kB
Inactive(anon): 19682124 kB
Active(file):   12315264 kB
Inactive(file): 15532712 kB
Unevictable:       56768 kB
Mlocked:           56768 kB
SwapTotal:             0 kB
SwapFree:              0 kB
Zswap:                 0 kB
Zswapped:              0 kB
Dirty:              7248 kB
Writeback:             0 kB
AnonPages:      19013108 kB
Mapped:          1674316 kB
Shmem:             31460 kB
KReclaimable:    1768972 kB
Slab:            2915404 kB
SReclaimable:    1768972 kB
SUnreclaim:      1146432 kB
KernelStack:      464560 kB
PageTables:       221600 kB
NFS_Unstable:          0 kB
Bounce:                0 kB
WritebackTmp:          0 kB
CommitLimit:    32926120 kB
Committed_AS:   70257616 kB
VmallocTotal:   34359738367 kB
VmallocUsed:      505980 kB
VmallocChunk:          0 kB
Percpu:            64096 kB
HardwareCorrupted:     0 kB
AnonHugePages:   2803712 kB
ShmemHugePages:        0 kB
ShmemPmdMapped:        0 kB
FileHugePages:         0 kB
FilePmdMapped:         0 kB
HugePages_Total:       0
HugePages_Free:        0
HugePages_Rsvd:        0
HugePages_Surp:        0
Hugepagesize:       2048 kB
Hugetlb:               0 kB
DirectMap4k:     9163576 kB
DirectMap2M:    54796288 kB
DirectMap1G:     5242880 kB

/sys/kernel/mm/transparent_hugepage/enabled: always [madvise] never
/sys/kernel/mm/transparent_hugepage/defrag (defrag/compaction efforts parameter): always defer defer+madvise [madvise] never

Process Memory:
Virtual Size: 5387332K (peak: 5449512K)
Resident Set Size: 726632K (peak: 753256K) (anon: 532316K, file: 194316K, shmem: 0K)
Swapped out: 0K
C-Heap outstanding allocations: 39378K, retained: 17809K
glibc malloc tunables: (default)

/proc/sys/kernel/threads-max (system-wide limit on the number of threads): 514406
/proc/sys/vm/max_map_count (maximum number of memory map areas a process may have): 65530
/proc/sys/kernel/pid_max (system-wide limit on number of process identifiers): 4194304

container (cgroup) information:
container_type: cgroupv1
cpu_cpuset_cpus: 2-7
cpu_memory_nodes: 0
active_processor_count: 1
cpu_quota: 50000
cpu_period: 100000
cpu_shares: 512
memory_limit_in_bytes: 1048576 k
memory_and_swap_limit_in_bytes: 1048576 k
memory_soft_limit_in_bytes: 524288 k
memory_usage_in_bytes: 593984 k
memory_max_usage_in_bytes: 771000 k
maximum number of tasks: 1000
current number of tasks: 44

KVM virtualization detected
Steal ticks since vm start: 0
Steal ticks percentage since vm start:  0.000

CPU: total 8 (initial active 1) (8 cores per cpu, 2 threads per core) family 23 model 49 stepping 0 microcode 0xffffffff, cx8, cmov, fxsr, ht, mmx, 3dnowpref, sse, sse2, sse3, ssse3, sse4a, sse4.1, sse4.2, popcnt, lzcnt, tsc, tscinvbit, avx, avx2, aes, clmul, bmi1, bmi2, adx, sha, fma, vzeroupper, clflush, clflushopt, hv
CPU Model and flags from /proc/cpuinfo:
model name	: AMD EPYC 7B12
flags		: fpu vme de pse tsc msr pae mce cx8 apic sep mtrr pge mca cmov pat pse36 clflush mmx fxsr sse sse2 ht syscall nx mmxext fxsr_opt pdpe1gb rdtscp lm constant_tsc rep_good nopl nonstop_tsc cpuid extd_apicid tsc_known_freq pni pclmulqdq ssse3 fma cx16 sse4_1 sse4_2 movbe popcnt aes xsave avx f16c rdrand hypervisor lahf_lm cmp_legacy cr8_legacy abm sse4a misalignsse 3dnowprefetch osvw topoext ssbd ibrs ibpb stibp vmmcall fsgsbase tsc_adjust bmi1 avx2 smep bmi2 rdseed adx smap clflushopt clwb sha_ni xsaveopt xsavec xgetbv1 clzero xsaveerptr arat npt nrip_save umip rdpid

Online cpus: 0-7
Offline cpus: 
BIOS frequency limitation: <Not Available>
Frequency switch latency (ns): <Not Available>
Available cpu frequencies: <Not Available>
Current governor: <Not Available>
Core performance/turbo boost: <Not Available>

Memory: 4k page, physical 1048576k(454588k free), swap 0k(0k free)
Page Sizes: 4k

vm_info: OpenJDK 64-Bit Server VM (17.0.5+8-jvmci-22.3-b08) for linux-amd64 JRE (17.0.5+8-jvmci-22.3-b08), built on Oct 19 2022 09:01:27 by "buildslave" with gcc 10.3.0

END.
